
*** Running vivado
    with args -log design_1_i2c_master_0_4.vds -m64 -product Vivado -mode batch -messageDb vivado.pb -notrace -source design_1_i2c_master_0_4.tcl


****** Vivado v2022.2.2 (64-bit)
  **** SW Build 3788238 on Tue Feb 21 19:59:23 MST 2023
  **** IP Build 3783773 on Tue Feb 21 23:41:56 MST 2023
    ** Copyright 1986-2023 Xilinx, Inc. All Rights Reserved.

source design_1_i2c_master_0_4.tcl -notrace
INFO: [IP_Flow 19-234] Refreshing IP repositories
INFO: [IP_Flow 19-1700] Loaded user IP repository '/home/agreshil/vivado_projects/fw_i2c_master/apex/control/ip_repo/i2c_master_1_0'.
WARNING: [IP_Flow 19-2248] Failed to load user IP repository '/home/agreshil/vivado_projects/fw_i2c_master/apex/control/ip_repo/myip_1_0'; Can't find the specified path.
If this directory should no longer be in your list of user repositories, go to the IP Settings dialog and remove it.
WARNING: [IP_Flow 19-2207] Repository '/home/agreshil/vivado_projects/fw_i2c_master/apex/control/ip_repo/myip_1_0' already exists; ignoring attempt to add it again.
WARNING: [IP_Flow 19-2248] Failed to load user IP repository '/home/agreshil/vivado_projects/fw_i2c_master/apex/control/ip_repo/myip_1_0'; Can't find the specified path.
If this directory should no longer be in your list of user repositories, go to the IP Settings dialog and remove it.
WARNING: [IP_Flow 19-2207] Repository '/home/agreshil/vivado_projects/fw_i2c_master/apex/control/ip_repo/myip_1_0' already exists; ignoring attempt to add it again.
WARNING: [IP_Flow 19-2248] Failed to load user IP repository '/home/agreshil/vivado_projects/fw_i2c_master/apex/control/ip_repo/myip_1_0'; Can't find the specified path.
If this directory should no longer be in your list of user repositories, go to the IP Settings dialog and remove it.
WARNING: [IP_Flow 19-2207] Repository '/home/agreshil/vivado_projects/fw_i2c_master/apex/control/ip_repo/i2c_master_1_0' already exists; ignoring attempt to add it again.
INFO: [IP_Flow 19-1700] Loaded user IP repository '/home/agreshil/vivado_projects/fw_i2c_master/apex/control/ip_repo/i2c_master_1_0'.
WARNING: [IP_Flow 19-2207] Repository '/home/agreshil/vivado_projects/fw_i2c_master/apex/control/ip_repo/i2c_master_1_0' already exists; ignoring attempt to add it again.
INFO: [IP_Flow 19-1700] Loaded user IP repository '/home/agreshil/vivado_projects/fw_i2c_master/apex/control/ip_repo/i2c_master_1_0'.
WARNING: [IP_Flow 19-2207] Repository '/home/agreshil/vivado_projects/fw_i2c_master/apex/control/ip_repo/i2c_master_1_0' already exists; ignoring attempt to add it again.
INFO: [IP_Flow 19-1700] Loaded user IP repository '/home/agreshil/vivado_projects/fw_i2c_master/apex/control/ip_repo/i2c_master_1_0'.
WARNING: [IP_Flow 19-2248] Failed to load user IP repository '/home/agreshil/vivado_projects/fw_i2c_master/apex/control/ip_repo/i2c_master_buf_1_0'; Can't find the specified path.
If this directory should no longer be in your list of user repositories, go to the IP Settings dialog and remove it.
WARNING: [IP_Flow 19-2207] Repository '/home/agreshil/vivado_projects/fw_i2c_master/apex/control/ip_repo/i2c_master_buf_1_0' already exists; ignoring attempt to add it again.
WARNING: [IP_Flow 19-2248] Failed to load user IP repository '/home/agreshil/vivado_projects/fw_i2c_master/apex/control/ip_repo/i2c_master_buf_1_0'; Can't find the specified path.
If this directory should no longer be in your list of user repositories, go to the IP Settings dialog and remove it.
INFO: [IP_Flow 19-1700] Loaded user IP repository '/home/agreshil/vivado_projects/fw_i2c_master/apex/control/ip_repo/axis_jtag'.
INFO: [IP_Flow 19-2313] Loaded Vivado IP repository '/tools/Xilinx/Vivado/2022.2/data/ip'.
INFO: [IP_Flow 19-6924] IPCACHE: Running cache check for IP inst: design_1_i2c_master_0_4
Command: synth_design -top design_1_i2c_master_0_4 -part xck26-sfvc784-2LV-c -incremental_mode off -mode out_of_context
Starting synth_design
Attempting to get a license for feature 'Synthesis' and/or device 'xck26'
INFO: [Common 17-349] Got license for feature 'Synthesis' and/or device 'xck26'
INFO: [Device 21-403] Loading part xck26-sfvc784-2LV-c
INFO: [Synth 8-7079] Multithreading enabled for synth_design using a maximum of 4 processes.
INFO: [Synth 8-7078] Launching helper process for spawning children vivado processes
INFO: [Synth 8-7075] Helper process launched with PID 16760
INFO: [Synth 8-11241] undeclared symbol 'REGCCE', assumed default net type 'wire' [/tools/Xilinx/Vivado/2022.2/data/verilog/src/unimacro/BRAM_SINGLE_MACRO.v:2170]
INFO: [Synth 8-11241] undeclared symbol 'done', assumed default net type 'wire' [/home/agreshil/vivado_projects/fw_i2c_master/apex/control/apex_kria/apex_kria.gen/sources_1/bd/design_1/ipshared/f263/hdl/i2c_master_v1_0_S00_AXI.v:616]
---------------------------------------------------------------------------------
Starting RTL Elaboration : Time (s): cpu = 00:00:03 ; elapsed = 00:00:03 . Memory (MB): peak = 3059.281 ; gain = 235.742 ; free physical = 7188 ; free virtual = 11422
Synthesis current peak Physical Memory [PSS] (MB): peak = 2453.251; parent = 2241.795; children = 211.456
Synthesis current peak Virtual Memory [VSS] (MB): peak = 4083.090; parent = 3065.223; children = 1017.867
---------------------------------------------------------------------------------
INFO: [Synth 8-6157] synthesizing module 'design_1_i2c_master_0_4' [/home/agreshil/vivado_projects/fw_i2c_master/apex/control/apex_kria/apex_kria.gen/sources_1/bd/design_1/ip/design_1_i2c_master_0_4/synth/design_1_i2c_master_0_4.v:53]
INFO: [Synth 8-6157] synthesizing module 'i2c_master_v1_0' [/home/agreshil/vivado_projects/fw_i2c_master/apex/control/apex_kria/apex_kria.gen/sources_1/bd/design_1/ipshared/f263/hdl/i2c_master_v1_0.v:4]
INFO: [Synth 8-6157] synthesizing module 'i2c_master_v1_0_S00_AXI' [/home/agreshil/vivado_projects/fw_i2c_master/apex/control/apex_kria/apex_kria.gen/sources_1/bd/design_1/ipshared/f263/hdl/i2c_master_v1_0_S00_AXI.v:3]
INFO: [Synth 8-226] default block is never used [/home/agreshil/vivado_projects/fw_i2c_master/apex/control/apex_kria/apex_kria.gen/sources_1/bd/design_1/ipshared/f263/hdl/i2c_master_v1_0_S00_AXI.v:328]
INFO: [Synth 8-226] default block is never used [/home/agreshil/vivado_projects/fw_i2c_master/apex/control/apex_kria/apex_kria.gen/sources_1/bd/design_1/ipshared/f263/hdl/i2c_master_v1_0_S00_AXI.v:567]
INFO: [Synth 8-6157] synthesizing module 'i2c_config' [/home/agreshil/vivado_projects/fw_i2c_master/apex/control/apex_kria/apex_kria.gen/sources_1/bd/design_1/ipshared/f263/src/i2c_config.v:3]
WARNING: [Synth 8-151] case item 8'b00111010 is unreachable [/home/agreshil/vivado_projects/fw_i2c_master/apex/control/apex_kria/apex_kria.gen/sources_1/bd/design_1/ipshared/f263/src/i2c_config.v:102]
INFO: [Synth 8-226] default block is never used [/home/agreshil/vivado_projects/fw_i2c_master/apex/control/apex_kria/apex_kria.gen/sources_1/bd/design_1/ipshared/f263/src/i2c_config.v:176]
INFO: [Synth 8-6157] synthesizing module 'i2c_master_top' [/home/agreshil/vivado_projects/fw_i2c_master/apex/control/apex_kria/apex_kria.gen/sources_1/bd/design_1/ipshared/f263/src/i2c_master_top.v:1]
INFO: [Synth 8-6157] synthesizing module 'i2c_master_byte_ctrl' [/home/agreshil/vivado_projects/fw_i2c_master/apex/control/apex_kria/apex_kria.gen/sources_1/bd/design_1/ipshared/f263/src/i2c_master_byte_ctrl.v:75]
INFO: [Synth 8-6157] synthesizing module 'i2c_master_bit_ctrl' [/home/agreshil/vivado_projects/fw_i2c_master/apex/control/apex_kria/apex_kria.gen/sources_1/bd/design_1/ipshared/f263/src/i2c_master_bit_ctrl.v:143]
INFO: [Synth 8-6155] done synthesizing module 'i2c_master_bit_ctrl' (0#1) [/home/agreshil/vivado_projects/fw_i2c_master/apex/control/apex_kria/apex_kria.gen/sources_1/bd/design_1/ipshared/f263/src/i2c_master_bit_ctrl.v:143]
INFO: [Synth 8-6155] done synthesizing module 'i2c_master_byte_ctrl' (0#1) [/home/agreshil/vivado_projects/fw_i2c_master/apex/control/apex_kria/apex_kria.gen/sources_1/bd/design_1/ipshared/f263/src/i2c_master_byte_ctrl.v:75]
INFO: [Synth 8-6155] done synthesizing module 'i2c_master_top' (0#1) [/home/agreshil/vivado_projects/fw_i2c_master/apex/control/apex_kria/apex_kria.gen/sources_1/bd/design_1/ipshared/f263/src/i2c_master_top.v:1]
WARNING: [Synth 8-7071] port 'i2c_busy' of module 'i2c_master_top' is unconnected for instance 'i2c_master_top_m0' [/home/agreshil/vivado_projects/fw_i2c_master/apex/control/apex_kria/apex_kria.gen/sources_1/bd/design_1/ipshared/f263/src/i2c_config.v:233]
WARNING: [Synth 8-7071] port 'i2c_al' of module 'i2c_master_top' is unconnected for instance 'i2c_master_top_m0' [/home/agreshil/vivado_projects/fw_i2c_master/apex/control/apex_kria/apex_kria.gen/sources_1/bd/design_1/ipshared/f263/src/i2c_config.v:233]
WARNING: [Synth 8-7023] instance 'i2c_master_top_m0' of module 'i2c_master_top' has 24 connections declared, but only 22 given [/home/agreshil/vivado_projects/fw_i2c_master/apex/control/apex_kria/apex_kria.gen/sources_1/bd/design_1/ipshared/f263/src/i2c_config.v:233]
INFO: [Synth 8-6155] done synthesizing module 'i2c_config' (0#1) [/home/agreshil/vivado_projects/fw_i2c_master/apex/control/apex_kria/apex_kria.gen/sources_1/bd/design_1/ipshared/f263/src/i2c_config.v:3]
INFO: [Synth 8-6155] done synthesizing module 'i2c_master_v1_0_S00_AXI' (0#1) [/home/agreshil/vivado_projects/fw_i2c_master/apex/control/apex_kria/apex_kria.gen/sources_1/bd/design_1/ipshared/f263/hdl/i2c_master_v1_0_S00_AXI.v:3]
INFO: [Synth 8-6155] done synthesizing module 'i2c_master_v1_0' (0#1) [/home/agreshil/vivado_projects/fw_i2c_master/apex/control/apex_kria/apex_kria.gen/sources_1/bd/design_1/ipshared/f263/hdl/i2c_master_v1_0.v:4]
INFO: [Synth 8-6155] done synthesizing module 'design_1_i2c_master_0_4' (0#1) [/home/agreshil/vivado_projects/fw_i2c_master/apex/control/apex_kria/apex_kria.gen/sources_1/bd/design_1/ip/design_1_i2c_master_0_4/synth/design_1_i2c_master_0_4.v:53]
WARNING: [Synth 8-7137] Register i2c_write_req_reg in module i2c_config has both Set and reset with same priority. This may cause simulation mismatches. Consider rewriting code  [/home/agreshil/vivado_projects/fw_i2c_master/apex/control/apex_kria/apex_kria.gen/sources_1/bd/design_1/ipshared/f263/src/i2c_config.v:185]
WARNING: [Synth 8-3848] Net i2c_read_req in module/entity i2c_config does not have driver. [/home/agreshil/vivado_projects/fw_i2c_master/apex/control/apex_kria/apex_kria.gen/sources_1/bd/design_1/ipshared/f263/src/i2c_config.v:81]
WARNING: [Synth 8-7129] Port i2c_slave_dev_addr[0] in module i2c_master_top is either unconnected or has no load
WARNING: [Synth 8-7129] Port slv_reg0[31] in module i2c_config is either unconnected or has no load
WARNING: [Synth 8-7129] Port slv_reg0[30] in module i2c_config is either unconnected or has no load
WARNING: [Synth 8-7129] Port slv_reg0[29] in module i2c_config is either unconnected or has no load
WARNING: [Synth 8-7129] Port slv_reg0[28] in module i2c_config is either unconnected or has no load
WARNING: [Synth 8-7129] Port slv_reg0[27] in module i2c_config is either unconnected or has no load
WARNING: [Synth 8-7129] Port slv_reg0[26] in module i2c_config is either unconnected or has no load
WARNING: [Synth 8-7129] Port slv_reg0[25] in module i2c_config is either unconnected or has no load
WARNING: [Synth 8-7129] Port slv_reg0[24] in module i2c_config is either unconnected or has no load
WARNING: [Synth 8-7129] Port slv_reg0[23] in module i2c_config is either unconnected or has no load
WARNING: [Synth 8-7129] Port slv_reg0[22] in module i2c_config is either unconnected or has no load
WARNING: [Synth 8-7129] Port slv_reg0[21] in module i2c_config is either unconnected or has no load
WARNING: [Synth 8-7129] Port slv_reg0[20] in module i2c_config is either unconnected or has no load
WARNING: [Synth 8-7129] Port slv_reg0[19] in module i2c_config is either unconnected or has no load
WARNING: [Synth 8-7129] Port slv_reg0[18] in module i2c_config is either unconnected or has no load
WARNING: [Synth 8-7129] Port slv_reg0[17] in module i2c_config is either unconnected or has no load
WARNING: [Synth 8-7129] Port slv_reg0[16] in module i2c_config is either unconnected or has no load
WARNING: [Synth 8-7129] Port slv_reg0[15] in module i2c_config is either unconnected or has no load
WARNING: [Synth 8-7129] Port slv_reg0[14] in module i2c_config is either unconnected or has no load
WARNING: [Synth 8-7129] Port slv_reg0[13] in module i2c_config is either unconnected or has no load
WARNING: [Synth 8-7129] Port slv_reg0[12] in module i2c_config is either unconnected or has no load
WARNING: [Synth 8-7129] Port slv_reg0[11] in module i2c_config is either unconnected or has no load
WARNING: [Synth 8-7129] Port slv_reg0[10] in module i2c_config is either unconnected or has no load
WARNING: [Synth 8-7129] Port slv_reg0[9] in module i2c_config is either unconnected or has no load
WARNING: [Synth 8-7129] Port slv_reg0[8] in module i2c_config is either unconnected or has no load
WARNING: [Synth 8-7129] Port slv_reg0[7] in module i2c_config is either unconnected or has no load
WARNING: [Synth 8-7129] Port slv_reg0[6] in module i2c_config is either unconnected or has no load
WARNING: [Synth 8-7129] Port slv_reg0[5] in module i2c_config is either unconnected or has no load
WARNING: [Synth 8-7129] Port slv_reg0[4] in module i2c_config is either unconnected or has no load
WARNING: [Synth 8-7129] Port slv_reg0[3] in module i2c_config is either unconnected or has no load
WARNING: [Synth 8-7129] Port slv_reg0[2] in module i2c_config is either unconnected or has no load
WARNING: [Synth 8-7129] Port slv_reg0[1] in module i2c_config is either unconnected or has no load
WARNING: [Synth 8-7129] Port slv_reg0[0] in module i2c_config is either unconnected or has no load
WARNING: [Synth 8-7129] Port slv_reg15[23] in module i2c_config is either unconnected or has no load
WARNING: [Synth 8-7129] Port slv_reg15[22] in module i2c_config is either unconnected or has no load
WARNING: [Synth 8-7129] Port slv_reg15[21] in module i2c_config is either unconnected or has no load
WARNING: [Synth 8-7129] Port slv_reg15[20] in module i2c_config is either unconnected or has no load
WARNING: [Synth 8-7129] Port slv_reg15[19] in module i2c_config is either unconnected or has no load
WARNING: [Synth 8-7129] Port slv_reg15[18] in module i2c_config is either unconnected or has no load
WARNING: [Synth 8-7129] Port slv_reg15[17] in module i2c_config is either unconnected or has no load
WARNING: [Synth 8-7129] Port slv_reg15[16] in module i2c_config is either unconnected or has no load
WARNING: [Synth 8-7129] Port S_AXI_AWPROT[2] in module i2c_master_v1_0_S00_AXI is either unconnected or has no load
WARNING: [Synth 8-7129] Port S_AXI_AWPROT[1] in module i2c_master_v1_0_S00_AXI is either unconnected or has no load
WARNING: [Synth 8-7129] Port S_AXI_AWPROT[0] in module i2c_master_v1_0_S00_AXI is either unconnected or has no load
WARNING: [Synth 8-7129] Port S_AXI_ARPROT[2] in module i2c_master_v1_0_S00_AXI is either unconnected or has no load
WARNING: [Synth 8-7129] Port S_AXI_ARPROT[1] in module i2c_master_v1_0_S00_AXI is either unconnected or has no load
WARNING: [Synth 8-7129] Port S_AXI_ARPROT[0] in module i2c_master_v1_0_S00_AXI is either unconnected or has no load
---------------------------------------------------------------------------------
Finished RTL Elaboration : Time (s): cpu = 00:00:04 ; elapsed = 00:00:04 . Memory (MB): peak = 3144.188 ; gain = 320.648 ; free physical = 7268 ; free virtual = 11503
Synthesis current peak Physical Memory [PSS] (MB): peak = 2453.251; parent = 2241.795; children = 211.456
Synthesis current peak Virtual Memory [VSS] (MB): peak = 4162.059; parent = 3144.191; children = 1017.867
---------------------------------------------------------------------------------
---------------------------------------------------------------------------------
Start Handling Custom Attributes
---------------------------------------------------------------------------------
---------------------------------------------------------------------------------
Finished Handling Custom Attributes : Time (s): cpu = 00:00:04 ; elapsed = 00:00:04 . Memory (MB): peak = 3162.000 ; gain = 338.461 ; free physical = 7268 ; free virtual = 11502
Synthesis current peak Physical Memory [PSS] (MB): peak = 2453.251; parent = 2241.795; children = 211.456
Synthesis current peak Virtual Memory [VSS] (MB): peak = 4179.871; parent = 3162.004; children = 1017.867
---------------------------------------------------------------------------------
---------------------------------------------------------------------------------
Finished RTL Optimization Phase 1 : Time (s): cpu = 00:00:04 ; elapsed = 00:00:05 . Memory (MB): peak = 3162.000 ; gain = 338.461 ; free physical = 7268 ; free virtual = 11502
Synthesis current peak Physical Memory [PSS] (MB): peak = 2453.251; parent = 2241.795; children = 211.456
Synthesis current peak Virtual Memory [VSS] (MB): peak = 4179.871; parent = 3162.004; children = 1017.867
---------------------------------------------------------------------------------
Netlist sorting complete. Time (s): cpu = 00:00:00.02 ; elapsed = 00:00:00.02 . Memory (MB): peak = 3162.000 ; gain = 0.000 ; free physical = 7261 ; free virtual = 11495
INFO: [Project 1-570] Preparing netlist for logic optimization

Processing XDC Constraints
Initializing timing engine
Completed Processing XDC Constraints

Netlist sorting complete. Time (s): cpu = 00:00:00 ; elapsed = 00:00:00 . Memory (MB): peak = 3309.906 ; gain = 0.000 ; free physical = 7198 ; free virtual = 11432
INFO: [Project 1-111] Unisim Transformation Summary:
No Unisim elements were transformed.

Constraint Validation Runtime : Time (s): cpu = 00:00:00.05 ; elapsed = 00:00:00.02 . Memory (MB): peak = 3333.719 ; gain = 23.812 ; free physical = 7197 ; free virtual = 11431
INFO: [Designutils 20-5008] Incremental synthesis strategy off
INFO: [Synth 8-11241] undeclared symbol 'REGCCE', assumed default net type 'wire' [/tools/Xilinx/Vivado/2022.2/data/verilog/src/unimacro/BRAM_SINGLE_MACRO.v:2170]
---------------------------------------------------------------------------------
Finished Constraint Validation : Time (s): cpu = 00:00:09 ; elapsed = 00:00:10 . Memory (MB): peak = 3333.719 ; gain = 510.180 ; free physical = 7244 ; free virtual = 11479
Synthesis current peak Physical Memory [PSS] (MB): peak = 2453.251; parent = 2241.795; children = 211.456
Synthesis current peak Virtual Memory [VSS] (MB): peak = 4319.574; parent = 3301.707; children = 1017.867
---------------------------------------------------------------------------------
---------------------------------------------------------------------------------
Start Loading Part and Timing Information
---------------------------------------------------------------------------------
Loading part: xck26-sfvc784-2LV-c
INFO: [Synth 8-6742] Reading net delay rules and data
---------------------------------------------------------------------------------
Finished Loading Part and Timing Information : Time (s): cpu = 00:00:09 ; elapsed = 00:00:10 . Memory (MB): peak = 3333.719 ; gain = 510.180 ; free physical = 7244 ; free virtual = 11479
Synthesis current peak Physical Memory [PSS] (MB): peak = 2453.251; parent = 2241.795; children = 211.456
Synthesis current peak Virtual Memory [VSS] (MB): peak = 4319.574; parent = 3301.707; children = 1017.867
---------------------------------------------------------------------------------
---------------------------------------------------------------------------------
Start Applying 'set_property' XDC Constraints
---------------------------------------------------------------------------------
---------------------------------------------------------------------------------
Finished applying 'set_property' XDC Constraints : Time (s): cpu = 00:00:09 ; elapsed = 00:00:10 . Memory (MB): peak = 3333.719 ; gain = 510.180 ; free physical = 7244 ; free virtual = 11479
Synthesis current peak Physical Memory [PSS] (MB): peak = 2453.251; parent = 2241.795; children = 211.456
Synthesis current peak Virtual Memory [VSS] (MB): peak = 4319.574; parent = 3301.707; children = 1017.867
---------------------------------------------------------------------------------
INFO: [Synth 8-802] inferred FSM for state register 'c_state_reg' in module 'i2c_master_bit_ctrl'
INFO: [Synth 8-802] inferred FSM for state register 'c_state_reg' in module 'i2c_master_byte_ctrl'
INFO: [Synth 8-802] inferred FSM for state register 'state_reg' in module 'i2c_master_top'
INFO: [Synth 8-802] inferred FSM for state register 'state_reg' in module 'i2c_config'
---------------------------------------------------------------------------------------------------
                   State |                     New Encoding |                Previous Encoding 
---------------------------------------------------------------------------------------------------
                    idle |               000000000000000001 |               000000000000000000
                 start_a |               000000000000000010 |               000000000000000001
                 start_b |               000000000000000100 |               000000000000000010
                 start_c |               000000000000001000 |               000000000000000100
                 start_d |               000000000000010000 |               000000000000001000
                 start_e |               000000000000100000 |               000000000000010000
                  stop_a |               000000000001000000 |               000000000000100000
                  stop_b |               000000000010000000 |               000000000001000000
                  stop_c |               000000000100000000 |               000000000010000000
                  stop_d |               000000001000000000 |               000000000100000000
                    wr_a |               000000010000000000 |               000010000000000000
                    wr_b |               000000100000000000 |               000100000000000000
                    wr_c |               000001000000000000 |               001000000000000000
                    wr_d |               000010000000000000 |               010000000000000000
                    rd_a |               000100000000000000 |               000000001000000000
                    rd_b |               001000000000000000 |               000000010000000000
                    rd_c |               010000000000000000 |               000000100000000000
                    rd_d |               100000000000000000 |               000001000000000000
---------------------------------------------------------------------------------------------------
INFO: [Synth 8-3354] encoded FSM with state register 'c_state_reg' using encoding 'one-hot' in module 'i2c_master_bit_ctrl'
---------------------------------------------------------------------------------------------------
                   State |                     New Encoding |                Previous Encoding 
---------------------------------------------------------------------------------------------------
                 ST_IDLE |                              000 |                            00000
                ST_START |                              001 |                            00001
                 ST_READ |                              010 |                            00010
                ST_WRITE |                              011 |                            00100
                  ST_ACK |                              100 |                            01000
                 ST_STOP |                              101 |                            10000
---------------------------------------------------------------------------------------------------
INFO: [Synth 8-3354] encoded FSM with state register 'c_state_reg' using encoding 'sequential' in module 'i2c_master_byte_ctrl'
---------------------------------------------------------------------------------------------------
                   State |                     New Encoding |                Previous Encoding 
---------------------------------------------------------------------------------------------------
                  S_IDLE |                    0000000100000 |                             0000
           S_WR_DEV_ADDR |                    0000010000000 |                             0001
               S_WR_DATA |                    0000000000001 |                             0011
          S_RD_DEV_ADDR0 |                    0001000000000 |                             0110
           S_WR_ERR_NACK |                    0000100000000 |                             0101
               S_WR_STOP |                    0000000000010 |                             1011
           S_RD_REG_ADDR |                    0100000000000 |                             0111
          S_RD_DEV_ADDR1 |                    1000000000000 |                             1000
               S_RD_DATA |                    0010000000000 |                             1001
               S_RD_STOP |                    0000001000000 |                             1010
                   S_ACK |                    0000000000100 |                             0100
                  S_WAIT |                    0000000001000 |                             1100
---------------------------------------------------------------------------------------------------
INFO: [Synth 8-3354] encoded FSM with state register 'state_reg' using encoding 'one-hot' in module 'i2c_master_top'
---------------------------------------------------------------------------------------------------
                   State |                     New Encoding |                Previous Encoding 
---------------------------------------------------------------------------------------------------
                  S_IDLE |                               00 |                               00
          S_WR_I2C_CHECK |                               01 |                               01
                S_WR_I2C |                               10 |                               10
           S_WR_I2C_DONE |                               11 |                               11
---------------------------------------------------------------------------------------------------
INFO: [Synth 8-3354] encoded FSM with state register 'state_reg' using encoding 'sequential' in module 'i2c_config'
---------------------------------------------------------------------------------
Finished RTL Optimization Phase 2 : Time (s): cpu = 00:00:09 ; elapsed = 00:00:10 . Memory (MB): peak = 3333.719 ; gain = 510.180 ; free physical = 7238 ; free virtual = 11473
Synthesis current peak Physical Memory [PSS] (MB): peak = 2453.251; parent = 2241.795; children = 211.456
Synthesis current peak Virtual Memory [VSS] (MB): peak = 4319.574; parent = 3301.707; children = 1017.867
---------------------------------------------------------------------------------
---------------------------------------------------------------------------------
Start RTL Component Statistics 
---------------------------------------------------------------------------------
Detailed RTL Component Info : 
+---Adders : 
	   2 Input   32 Bit       Adders := 2     
	   2 Input   16 Bit       Adders := 1     
	   2 Input   14 Bit       Adders := 1     
	   2 Input    8 Bit       Adders := 1     
	   2 Input    3 Bit       Adders := 1     
+---Registers : 
	               32 Bit    Registers := 17    
	               16 Bit    Registers := 1     
	               14 Bit    Registers := 1     
	                8 Bit    Registers := 5     
	                6 Bit    Registers := 2     
	                4 Bit    Registers := 1     
	                3 Bit    Registers := 3     
	                2 Bit    Registers := 4     
	                1 Bit    Registers := 39    
+---Muxes : 
	   2 Input   32 Bit        Muxes := 34    
	  16 Input   32 Bit        Muxes := 17    
	   2 Input   24 Bit        Muxes := 1     
	  24 Input   18 Bit        Muxes := 1     
	   2 Input   16 Bit        Muxes := 1     
	   2 Input   14 Bit        Muxes := 2     
	  12 Input   13 Bit        Muxes := 1     
	   2 Input   13 Bit        Muxes := 12    
	   2 Input    8 Bit        Muxes := 3     
	   5 Input    8 Bit        Muxes := 1     
	   2 Input    4 Bit        Muxes := 6     
	   6 Input    4 Bit        Muxes := 1     
	  12 Input    4 Bit        Muxes := 1     
	   2 Input    3 Bit        Muxes := 5     
	  15 Input    3 Bit        Muxes := 1     
	   2 Input    2 Bit        Muxes := 7     
	   4 Input    2 Bit        Muxes := 1     
	   2 Input    1 Bit        Muxes := 38    
	  18 Input    1 Bit        Muxes := 5     
	   6 Input    1 Bit        Muxes := 6     
	   3 Input    1 Bit        Muxes := 2     
	   4 Input    1 Bit        Muxes := 4     
	  16 Input    1 Bit        Muxes := 2     
---------------------------------------------------------------------------------
Finished RTL Component Statistics 
---------------------------------------------------------------------------------
---------------------------------------------------------------------------------
Start Part Resource Summary
---------------------------------------------------------------------------------
Part Resources:
DSPs: 1248 (col length:96)
BRAMs: 288 (col length: RAMB18 96 RAMB36 48)
---------------------------------------------------------------------------------
Finished Part Resource Summary
---------------------------------------------------------------------------------
---------------------------------------------------------------------------------
Start Cross Boundary and Area Optimization
---------------------------------------------------------------------------------
WARNING: [Synth 8-7080] Parallel synthesis criteria is not met
WARNING: [Synth 8-7129] Port i2c_slave_dev_addr[0] in module i2c_master_top is either unconnected or has no load
WARNING: [Synth 8-7129] Port slv_reg0[31] in module i2c_config is either unconnected or has no load
WARNING: [Synth 8-7129] Port slv_reg0[30] in module i2c_config is either unconnected or has no load
WARNING: [Synth 8-7129] Port slv_reg0[29] in module i2c_config is either unconnected or has no load
WARNING: [Synth 8-7129] Port slv_reg0[28] in module i2c_config is either unconnected or has no load
WARNING: [Synth 8-7129] Port slv_reg0[27] in module i2c_config is either unconnected or has no load
WARNING: [Synth 8-7129] Port slv_reg0[26] in module i2c_config is either unconnected or has no load
WARNING: [Synth 8-7129] Port slv_reg0[25] in module i2c_config is either unconnected or has no load
WARNING: [Synth 8-7129] Port slv_reg0[24] in module i2c_config is either unconnected or has no load
WARNING: [Synth 8-7129] Port slv_reg0[23] in module i2c_config is either unconnected or has no load
WARNING: [Synth 8-7129] Port slv_reg0[22] in module i2c_config is either unconnected or has no load
WARNING: [Synth 8-7129] Port slv_reg0[21] in module i2c_config is either unconnected or has no load
WARNING: [Synth 8-7129] Port slv_reg0[20] in module i2c_config is either unconnected or has no load
WARNING: [Synth 8-7129] Port slv_reg0[19] in module i2c_config is either unconnected or has no load
WARNING: [Synth 8-7129] Port slv_reg0[18] in module i2c_config is either unconnected or has no load
WARNING: [Synth 8-7129] Port slv_reg0[17] in module i2c_config is either unconnected or has no load
WARNING: [Synth 8-7129] Port slv_reg0[16] in module i2c_config is either unconnected or has no load
WARNING: [Synth 8-7129] Port slv_reg0[15] in module i2c_config is either unconnected or has no load
WARNING: [Synth 8-7129] Port slv_reg0[14] in module i2c_config is either unconnected or has no load
WARNING: [Synth 8-7129] Port slv_reg0[13] in module i2c_config is either unconnected or has no load
WARNING: [Synth 8-7129] Port slv_reg0[12] in module i2c_config is either unconnected or has no load
WARNING: [Synth 8-7129] Port slv_reg0[11] in module i2c_config is either unconnected or has no load
WARNING: [Synth 8-7129] Port slv_reg0[10] in module i2c_config is either unconnected or has no load
WARNING: [Synth 8-7129] Port slv_reg0[9] in module i2c_config is either unconnected or has no load
WARNING: [Synth 8-7129] Port slv_reg0[8] in module i2c_config is either unconnected or has no load
WARNING: [Synth 8-7129] Port slv_reg0[7] in module i2c_config is either unconnected or has no load
WARNING: [Synth 8-7129] Port slv_reg0[6] in module i2c_config is either unconnected or has no load
WARNING: [Synth 8-7129] Port slv_reg0[5] in module i2c_config is either unconnected or has no load
WARNING: [Synth 8-7129] Port slv_reg0[4] in module i2c_config is either unconnected or has no load
WARNING: [Synth 8-7129] Port slv_reg0[3] in module i2c_config is either unconnected or has no load
WARNING: [Synth 8-7129] Port slv_reg0[2] in module i2c_config is either unconnected or has no load
WARNING: [Synth 8-7129] Port slv_reg0[1] in module i2c_config is either unconnected or has no load
WARNING: [Synth 8-7129] Port slv_reg0[0] in module i2c_config is either unconnected or has no load
WARNING: [Synth 8-7129] Port slv_reg15[23] in module i2c_config is either unconnected or has no load
WARNING: [Synth 8-7129] Port slv_reg15[22] in module i2c_config is either unconnected or has no load
WARNING: [Synth 8-7129] Port slv_reg15[21] in module i2c_config is either unconnected or has no load
WARNING: [Synth 8-7129] Port slv_reg15[20] in module i2c_config is either unconnected or has no load
WARNING: [Synth 8-7129] Port slv_reg15[19] in module i2c_config is either unconnected or has no load
WARNING: [Synth 8-7129] Port slv_reg15[18] in module i2c_config is either unconnected or has no load
WARNING: [Synth 8-7129] Port slv_reg15[17] in module i2c_config is either unconnected or has no load
WARNING: [Synth 8-7129] Port slv_reg15[16] in module i2c_config is either unconnected or has no load
WARNING: [Synth 8-7129] Port S_AXI_AWPROT[2] in module i2c_master_v1_0_S00_AXI is either unconnected or has no load
WARNING: [Synth 8-7129] Port S_AXI_AWPROT[1] in module i2c_master_v1_0_S00_AXI is either unconnected or has no load
WARNING: [Synth 8-7129] Port S_AXI_AWPROT[0] in module i2c_master_v1_0_S00_AXI is either unconnected or has no load
WARNING: [Synth 8-7129] Port S_AXI_ARPROT[2] in module i2c_master_v1_0_S00_AXI is either unconnected or has no load
WARNING: [Synth 8-7129] Port S_AXI_ARPROT[1] in module i2c_master_v1_0_S00_AXI is either unconnected or has no load
WARNING: [Synth 8-7129] Port S_AXI_ARPROT[0] in module i2c_master_v1_0_S00_AXI is either unconnected or has no load
WARNING: [Synth 8-3332] Sequential element (i2c_master_top_m0/FSM_onehot_state_reg[12]) is unused and will be removed from module i2c_config.
WARNING: [Synth 8-3332] Sequential element (i2c_master_top_m0/FSM_onehot_state_reg[11]) is unused and will be removed from module i2c_config.
WARNING: [Synth 8-3332] Sequential element (i2c_master_top_m0/FSM_onehot_state_reg[10]) is unused and will be removed from module i2c_config.
WARNING: [Synth 8-3332] Sequential element (i2c_master_top_m0/FSM_onehot_state_reg[9]) is unused and will be removed from module i2c_config.
WARNING: [Synth 8-3332] Sequential element (i2c_master_top_m0/FSM_onehot_state_reg[6]) is unused and will be removed from module i2c_config.
WARNING: [Synth 8-3332] Sequential element (i2c_master_top_m0/FSM_onehot_state_reg[4]) is unused and will be removed from module i2c_config.
---------------------------------------------------------------------------------
Finished Cross Boundary and Area Optimization : Time (s): cpu = 00:00:13 ; elapsed = 00:00:14 . Memory (MB): peak = 3333.719 ; gain = 510.180 ; free physical = 7211 ; free virtual = 11452
Synthesis current peak Physical Memory [PSS] (MB): peak = 2453.251; parent = 2241.795; children = 211.456
Synthesis current peak Virtual Memory [VSS] (MB): peak = 4319.574; parent = 3301.707; children = 1017.867
---------------------------------------------------------------------------------
---------------------------------------------------------------------------------
Start Applying XDC Timing Constraints
---------------------------------------------------------------------------------
---------------------------------------------------------------------------------
Finished Applying XDC Timing Constraints : Time (s): cpu = 00:00:21 ; elapsed = 00:00:23 . Memory (MB): peak = 3698.375 ; gain = 874.836 ; free physical = 6643 ; free virtual = 10885
Synthesis current peak Physical Memory [PSS] (MB): peak = 3030.254; parent = 2819.543; children = 211.456
Synthesis current peak Virtual Memory [VSS] (MB): peak = 4716.246; parent = 3698.379; children = 1017.867
---------------------------------------------------------------------------------
---------------------------------------------------------------------------------
Start Timing Optimization
---------------------------------------------------------------------------------
---------------------------------------------------------------------------------
Finished Timing Optimization : Time (s): cpu = 00:00:21 ; elapsed = 00:00:23 . Memory (MB): peak = 3699.375 ; gain = 875.836 ; free physical = 6642 ; free virtual = 10884
Synthesis current peak Physical Memory [PSS] (MB): peak = 3031.039; parent = 2820.328; children = 211.456
Synthesis current peak Virtual Memory [VSS] (MB): peak = 4717.246; parent = 3699.379; children = 1017.867
---------------------------------------------------------------------------------
---------------------------------------------------------------------------------
Start Technology Mapping
---------------------------------------------------------------------------------
---------------------------------------------------------------------------------
Finished Technology Mapping : Time (s): cpu = 00:00:21 ; elapsed = 00:00:24 . Memory (MB): peak = 3727.422 ; gain = 903.883 ; free physical = 6639 ; free virtual = 10880
Synthesis current peak Physical Memory [PSS] (MB): peak = 3034.047; parent = 2823.336; children = 211.456
Synthesis current peak Virtual Memory [VSS] (MB): peak = 4745.293; parent = 3727.426; children = 1017.867
---------------------------------------------------------------------------------
---------------------------------------------------------------------------------
Start IO Insertion
---------------------------------------------------------------------------------
---------------------------------------------------------------------------------
Start Flattening Before IO Insertion
---------------------------------------------------------------------------------
---------------------------------------------------------------------------------
Finished Flattening Before IO Insertion
---------------------------------------------------------------------------------
---------------------------------------------------------------------------------
Start Final Netlist Cleanup
---------------------------------------------------------------------------------
---------------------------------------------------------------------------------
Finished Final Netlist Cleanup
---------------------------------------------------------------------------------
---------------------------------------------------------------------------------
Finished IO Insertion : Time (s): cpu = 00:00:24 ; elapsed = 00:00:27 . Memory (MB): peak = 3727.422 ; gain = 903.883 ; free physical = 6639 ; free virtual = 10880
Synthesis current peak Physical Memory [PSS] (MB): peak = 3034.402; parent = 2823.691; children = 211.456
Synthesis current peak Virtual Memory [VSS] (MB): peak = 4745.293; parent = 3727.426; children = 1017.867
---------------------------------------------------------------------------------
---------------------------------------------------------------------------------
Start Renaming Generated Instances
---------------------------------------------------------------------------------
---------------------------------------------------------------------------------
Finished Renaming Generated Instances : Time (s): cpu = 00:00:24 ; elapsed = 00:00:27 . Memory (MB): peak = 3727.422 ; gain = 903.883 ; free physical = 6639 ; free virtual = 10880
Synthesis current peak Physical Memory [PSS] (MB): peak = 3034.418; parent = 2823.707; children = 211.456
Synthesis current peak Virtual Memory [VSS] (MB): peak = 4745.293; parent = 3727.426; children = 1017.867
---------------------------------------------------------------------------------
---------------------------------------------------------------------------------
Start Rebuilding User Hierarchy
---------------------------------------------------------------------------------
---------------------------------------------------------------------------------
Finished Rebuilding User Hierarchy : Time (s): cpu = 00:00:24 ; elapsed = 00:00:27 . Memory (MB): peak = 3727.422 ; gain = 903.883 ; free physical = 6639 ; free virtual = 10880
Synthesis current peak Physical Memory [PSS] (MB): peak = 3034.617; parent = 2823.906; children = 211.456
Synthesis current peak Virtual Memory [VSS] (MB): peak = 4745.293; parent = 3727.426; children = 1017.867
---------------------------------------------------------------------------------
---------------------------------------------------------------------------------
Start Renaming Generated Ports
---------------------------------------------------------------------------------
---------------------------------------------------------------------------------
Finished Renaming Generated Ports : Time (s): cpu = 00:00:24 ; elapsed = 00:00:27 . Memory (MB): peak = 3727.422 ; gain = 903.883 ; free physical = 6639 ; free virtual = 10880
Synthesis current peak Physical Memory [PSS] (MB): peak = 3034.617; parent = 2823.906; children = 211.456
Synthesis current peak Virtual Memory [VSS] (MB): peak = 4745.293; parent = 3727.426; children = 1017.867
---------------------------------------------------------------------------------
---------------------------------------------------------------------------------
Start Handling Custom Attributes
---------------------------------------------------------------------------------
---------------------------------------------------------------------------------
Finished Handling Custom Attributes : Time (s): cpu = 00:00:24 ; elapsed = 00:00:27 . Memory (MB): peak = 3727.422 ; gain = 903.883 ; free physical = 6639 ; free virtual = 10880
Synthesis current peak Physical Memory [PSS] (MB): peak = 3034.617; parent = 2823.906; children = 211.456
Synthesis current peak Virtual Memory [VSS] (MB): peak = 4745.293; parent = 3727.426; children = 1017.867
---------------------------------------------------------------------------------
---------------------------------------------------------------------------------
Start Renaming Generated Nets
---------------------------------------------------------------------------------
---------------------------------------------------------------------------------
Finished Renaming Generated Nets : Time (s): cpu = 00:00:24 ; elapsed = 00:00:27 . Memory (MB): peak = 3727.422 ; gain = 903.883 ; free physical = 6639 ; free virtual = 10880
Synthesis current peak Physical Memory [PSS] (MB): peak = 3034.617; parent = 2823.906; children = 211.456
Synthesis current peak Virtual Memory [VSS] (MB): peak = 4745.293; parent = 3727.426; children = 1017.867
---------------------------------------------------------------------------------
---------------------------------------------------------------------------------
Start Writing Synthesis Report
---------------------------------------------------------------------------------

Report BlackBoxes: 
+-+--------------+----------+
| |BlackBox name |Instances |
+-+--------------+----------+
+-+--------------+----------+

Report Cell Usage: 
+------+-------+------+
|      |Cell   |Count |
+------+-------+------+
|1     |CARRY8 |     4|
|2     |LUT1   |     3|
|3     |LUT2   |    68|
|4     |LUT3   |    57|
|5     |LUT4   |    35|
|6     |LUT5   |    98|
|7     |LUT6   |   356|
|8     |MUXF7  |   128|
|9     |MUXF8  |    32|
|10    |FDCE   |   549|
|11    |FDPE   |     1|
|12    |FDRE   |   134|
|13    |FDSE   |    11|
+------+-------+------+
---------------------------------------------------------------------------------
Finished Writing Synthesis Report : Time (s): cpu = 00:00:24 ; elapsed = 00:00:27 . Memory (MB): peak = 3727.422 ; gain = 903.883 ; free physical = 6639 ; free virtual = 10880
Synthesis current peak Physical Memory [PSS] (MB): peak = 3034.633; parent = 2823.922; children = 211.456
Synthesis current peak Virtual Memory [VSS] (MB): peak = 4745.293; parent = 3727.426; children = 1017.867
---------------------------------------------------------------------------------
Synthesis finished with 0 errors, 0 critical warnings and 54 warnings.
Synthesis Optimization Runtime : Time (s): cpu = 00:00:23 ; elapsed = 00:00:26 . Memory (MB): peak = 3727.422 ; gain = 732.164 ; free physical = 6678 ; free virtual = 10919
Synthesis Optimization Complete : Time (s): cpu = 00:00:24 ; elapsed = 00:00:27 . Memory (MB): peak = 3727.430 ; gain = 903.883 ; free physical = 6678 ; free virtual = 10919
INFO: [Project 1-571] Translating synthesized netlist
Netlist sorting complete. Time (s): cpu = 00:00:00.01 ; elapsed = 00:00:00 . Memory (MB): peak = 3738.391 ; gain = 0.000 ; free physical = 6783 ; free virtual = 11024
INFO: [Netlist 29-17] Analyzing 164 Unisim elements for replacement
INFO: [Netlist 29-28] Unisim Transformation completed in 0 CPU seconds
INFO: [Project 1-570] Preparing netlist for logic optimization
INFO: [Opt 31-138] Pushed 0 inverter(s) to 0 load pin(s).
Netlist sorting complete. Time (s): cpu = 00:00:00 ; elapsed = 00:00:00 . Memory (MB): peak = 3780.246 ; gain = 0.000 ; free physical = 6722 ; free virtual = 10963
INFO: [Project 1-111] Unisim Transformation Summary:
No Unisim elements were transformed.

Synth Design complete, checksum: 4ad4ed6a
INFO: [Common 17-83] Releasing license: Synthesis
52 Infos, 118 Warnings, 0 Critical Warnings and 0 Errors encountered.
synth_design completed successfully
synth_design: Time (s): cpu = 00:00:31 ; elapsed = 00:00:32 . Memory (MB): peak = 3780.246 ; gain = 1870.062 ; free physical = 6936 ; free virtual = 11177
INFO: [Common 17-1381] The checkpoint '/home/agreshil/vivado_projects/fw_i2c_master/apex/control/apex_kria/apex_kria.runs/design_1_i2c_master_0_4_synth_1/design_1_i2c_master_0_4.dcp' has been generated.
INFO: [Coretcl 2-1648] Added synthesis output to IP cache for IP design_1_i2c_master_0_4, cache-ID = 3fa5bf16da4beb94
INFO: [Coretcl 2-1174] Renamed 6 cell refs.
INFO: [Common 17-1381] The checkpoint '/home/agreshil/vivado_projects/fw_i2c_master/apex/control/apex_kria/apex_kria.runs/design_1_i2c_master_0_4_synth_1/design_1_i2c_master_0_4.dcp' has been generated.
INFO: [runtcl-4] Executing : report_utilization -file design_1_i2c_master_0_4_utilization_synth.rpt -pb design_1_i2c_master_0_4_utilization_synth.pb
INFO: [Common 17-206] Exiting Vivado at Sun Jul  7 14:15:46 2024...
