
*** Running vivado
    with args -log bd_0412_xsdbm_0.vds -m64 -product Vivado -mode batch -messageDb vivado.pb -notrace -source bd_0412_xsdbm_0.tcl


****** Vivado v2022.2.2 (64-bit)
  **** SW Build 3788238 on Tue Feb 21 19:59:23 MST 2023
  **** IP Build 3783773 on Tue Feb 21 23:41:56 MST 2023
    ** Copyright 1986-2023 Xilinx, Inc. All Rights Reserved.

source bd_0412_xsdbm_0.tcl -notrace
create_project: Time (s): cpu = 00:00:05 ; elapsed = 00:00:05 . Memory (MB): peak = 1840.762 ; gain = 90.984 ; free physical = 13673 ; free virtual = 15720
INFO: [IP_Flow 19-234] Refreshing IP repositories
INFO: [IP_Flow 19-1700] Loaded user IP repository '/home/agreshil/vivado_projects/fw_i2c_master/apex/control/ip_repo/axis_jtag'.
INFO: [IP_Flow 19-2313] Loaded Vivado IP repository '/tools/Xilinx/Vivado/2022.2/data/ip'.
INFO: [IP_Flow 19-6924] IPCACHE: Running cache check for IP inst: bd_0412_xsdbm_0
Command: synth_design -top bd_0412_xsdbm_0 -part xck26-sfvc784-2LV-c -incremental_mode off -mode out_of_context
Starting synth_design
Attempting to get a license for feature 'Synthesis' and/or device 'xck26'
INFO: [Common 17-349] Got license for feature 'Synthesis' and/or device 'xck26'
INFO: [Device 21-403] Loading part xck26-sfvc784-2LV-c
INFO: [Synth 8-7079] Multithreading enabled for synth_design using a maximum of 4 processes.
INFO: [Synth 8-7078] Launching helper process for spawning children vivado processes
INFO: [Synth 8-7075] Helper process launched with PID 22690
INFO: [Synth 8-11241] undeclared symbol 'REGCCE', assumed default net type 'wire' [/tools/Xilinx/Vivado/2022.2/data/verilog/src/unimacro/BRAM_SINGLE_MACRO.v:2170]
INFO: [Synth 8-11241] undeclared symbol 'rddata_rst_i', assumed default net type 'wire' [/home/agreshil/vivado_projects/fw_i2c_master/apex/control/apex_kria/apex_kria.gen/sources_1/bd/design_1/ipshared/b205/hdl/xsdbm_v3_0_vl_rfs.v:2188]
INFO: [Synth 8-11241] undeclared symbol 'datard_overflow', assumed default net type 'wire' [/home/agreshil/vivado_projects/fw_i2c_master/apex/control/apex_kria/apex_kria.gen/sources_1/bd/design_1/ipshared/b205/hdl/xsdbm_v3_0_vl_rfs.v:2235]
INFO: [Synth 8-11241] undeclared symbol 'datard_underflow', assumed default net type 'wire' [/home/agreshil/vivado_projects/fw_i2c_master/apex/control/apex_kria/apex_kria.gen/sources_1/bd/design_1/ipshared/b205/hdl/xsdbm_v3_0_vl_rfs.v:2236]
INFO: [Synth 8-11241] undeclared symbol 'tms_int', assumed default net type 'wire' [/home/agreshil/vivado_projects/fw_i2c_master/apex/control/apex_kria/apex_kria.gen/sources_1/bd/design_1/ipshared/b205/hdl/xsdbm_v3_0_vl_rfs.v:6379]
INFO: [Synth 8-11241] undeclared symbol 'runtest_int', assumed default net type 'wire' [/home/agreshil/vivado_projects/fw_i2c_master/apex/control/apex_kria/apex_kria.gen/sources_1/bd/design_1/ipshared/b205/hdl/xsdbm_v3_0_vl_rfs.v:6381]
INFO: [Synth 8-11241] undeclared symbol 'tms_int', assumed default net type 'wire' [/home/agreshil/vivado_projects/fw_i2c_master/apex/control/apex_kria/apex_kria.gen/sources_1/bd/design_1/ipshared/b205/hdl/xsdbm_v3_0_vl_rfs.v:6412]
INFO: [Synth 8-11241] undeclared symbol 'runtest_int', assumed default net type 'wire' [/home/agreshil/vivado_projects/fw_i2c_master/apex/control/apex_kria/apex_kria.gen/sources_1/bd/design_1/ipshared/b205/hdl/xsdbm_v3_0_vl_rfs.v:6414]
INFO: [Synth 8-11241] undeclared symbol 'tms_int', assumed default net type 'wire' [/home/agreshil/vivado_projects/fw_i2c_master/apex/control/apex_kria/apex_kria.gen/sources_1/bd/design_1/ipshared/b205/hdl/xsdbm_v3_0_vl_rfs.v:6447]
INFO: [Synth 8-11241] undeclared symbol 'runtest_int', assumed default net type 'wire' [/home/agreshil/vivado_projects/fw_i2c_master/apex/control/apex_kria/apex_kria.gen/sources_1/bd/design_1/ipshared/b205/hdl/xsdbm_v3_0_vl_rfs.v:6449]
INFO: [Synth 8-11241] undeclared symbol 'tms_int', assumed default net type 'wire' [/home/agreshil/vivado_projects/fw_i2c_master/apex/control/apex_kria/apex_kria.gen/sources_1/bd/design_1/ipshared/b205/hdl/verilog/xsdbm_v3_0_0_bs_core_ext.vh:30]
INFO: [Synth 8-11241] undeclared symbol 'runtest_int', assumed default net type 'wire' [/home/agreshil/vivado_projects/fw_i2c_master/apex/control/apex_kria/apex_kria.gen/sources_1/bd/design_1/ipshared/b205/hdl/verilog/xsdbm_v3_0_0_bs_core_ext.vh:32]
INFO: [Synth 8-11241] undeclared symbol 'tms_int', assumed default net type 'wire' [/home/agreshil/vivado_projects/fw_i2c_master/apex/control/apex_kria/apex_kria.gen/sources_1/bd/design_1/ipshared/b205/hdl/verilog/xsdbm_v3_0_0_bs_core_ext.vh:69]
INFO: [Synth 8-11241] undeclared symbol 'runtest_int', assumed default net type 'wire' [/home/agreshil/vivado_projects/fw_i2c_master/apex/control/apex_kria/apex_kria.gen/sources_1/bd/design_1/ipshared/b205/hdl/verilog/xsdbm_v3_0_0_bs_core_ext.vh:71]
INFO: [Synth 8-11241] undeclared symbol 'tms_int', assumed default net type 'wire' [/home/agreshil/vivado_projects/fw_i2c_master/apex/control/apex_kria/apex_kria.gen/sources_1/bd/design_1/ipshared/b205/hdl/verilog/xsdbm_v3_0_0_bs_core_ext.vh:109]
INFO: [Synth 8-11241] undeclared symbol 'runtest_int', assumed default net type 'wire' [/home/agreshil/vivado_projects/fw_i2c_master/apex/control/apex_kria/apex_kria.gen/sources_1/bd/design_1/ipshared/b205/hdl/verilog/xsdbm_v3_0_0_bs_core_ext.vh:111]
INFO: [Synth 8-11241] undeclared symbol 'tms_int', assumed default net type 'wire' [/home/agreshil/vivado_projects/fw_i2c_master/apex/control/apex_kria/apex_kria.gen/sources_1/bd/design_1/ipshared/b205/hdl/verilog/xsdbm_v3_0_0_bs_core_ext.vh:150]
INFO: [Synth 8-11241] undeclared symbol 'runtest_int', assumed default net type 'wire' [/home/agreshil/vivado_projects/fw_i2c_master/apex/control/apex_kria/apex_kria.gen/sources_1/bd/design_1/ipshared/b205/hdl/verilog/xsdbm_v3_0_0_bs_core_ext.vh:152]
INFO: [Synth 8-11241] undeclared symbol 'tms_int', assumed default net type 'wire' [/home/agreshil/vivado_projects/fw_i2c_master/apex/control/apex_kria/apex_kria.gen/sources_1/bd/design_1/ipshared/b205/hdl/verilog/xsdbm_v3_0_0_bs_core_ext.vh:192]
INFO: [Synth 8-11241] undeclared symbol 'runtest_int', assumed default net type 'wire' [/home/agreshil/vivado_projects/fw_i2c_master/apex/control/apex_kria/apex_kria.gen/sources_1/bd/design_1/ipshared/b205/hdl/verilog/xsdbm_v3_0_0_bs_core_ext.vh:194]
INFO: [Synth 8-11241] undeclared symbol 'tms_int', assumed default net type 'wire' [/home/agreshil/vivado_projects/fw_i2c_master/apex/control/apex_kria/apex_kria.gen/sources_1/bd/design_1/ipshared/b205/hdl/verilog/xsdbm_v3_0_0_bs_core_ext.vh:235]
INFO: [Synth 8-11241] undeclared symbol 'runtest_int', assumed default net type 'wire' [/home/agreshil/vivado_projects/fw_i2c_master/apex/control/apex_kria/apex_kria.gen/sources_1/bd/design_1/ipshared/b205/hdl/verilog/xsdbm_v3_0_0_bs_core_ext.vh:237]
INFO: [Synth 8-11241] undeclared symbol 'tms_int', assumed default net type 'wire' [/home/agreshil/vivado_projects/fw_i2c_master/apex/control/apex_kria/apex_kria.gen/sources_1/bd/design_1/ipshared/b205/hdl/verilog/xsdbm_v3_0_0_bs_core_ext.vh:279]
INFO: [Synth 8-11241] undeclared symbol 'runtest_int', assumed default net type 'wire' [/home/agreshil/vivado_projects/fw_i2c_master/apex/control/apex_kria/apex_kria.gen/sources_1/bd/design_1/ipshared/b205/hdl/verilog/xsdbm_v3_0_0_bs_core_ext.vh:281]
INFO: [Synth 8-11241] undeclared symbol 'tms_int', assumed default net type 'wire' [/home/agreshil/vivado_projects/fw_i2c_master/apex/control/apex_kria/apex_kria.gen/sources_1/bd/design_1/ipshared/b205/hdl/verilog/xsdbm_v3_0_0_bs_core_ext.vh:324]
INFO: [Synth 8-11241] undeclared symbol 'runtest_int', assumed default net type 'wire' [/home/agreshil/vivado_projects/fw_i2c_master/apex/control/apex_kria/apex_kria.gen/sources_1/bd/design_1/ipshared/b205/hdl/verilog/xsdbm_v3_0_0_bs_core_ext.vh:326]
INFO: [Synth 8-11241] undeclared symbol 'tms_int', assumed default net type 'wire' [/home/agreshil/vivado_projects/fw_i2c_master/apex/control/apex_kria/apex_kria.gen/sources_1/bd/design_1/ipshared/b205/hdl/verilog/xsdbm_v3_0_0_bs_core_ext.vh:370]
INFO: [Synth 8-11241] undeclared symbol 'runtest_int', assumed default net type 'wire' [/home/agreshil/vivado_projects/fw_i2c_master/apex/control/apex_kria/apex_kria.gen/sources_1/bd/design_1/ipshared/b205/hdl/verilog/xsdbm_v3_0_0_bs_core_ext.vh:372]
INFO: [Synth 8-11241] undeclared symbol 'tms_int', assumed default net type 'wire' [/home/agreshil/vivado_projects/fw_i2c_master/apex/control/apex_kria/apex_kria.gen/sources_1/bd/design_1/ipshared/b205/hdl/verilog/xsdbm_v3_0_0_bs_core_ext.vh:417]
INFO: [Synth 8-11241] undeclared symbol 'runtest_int', assumed default net type 'wire' [/home/agreshil/vivado_projects/fw_i2c_master/apex/control/apex_kria/apex_kria.gen/sources_1/bd/design_1/ipshared/b205/hdl/verilog/xsdbm_v3_0_0_bs_core_ext.vh:419]
INFO: [Synth 8-11241] undeclared symbol 'tms_int', assumed default net type 'wire' [/home/agreshil/vivado_projects/fw_i2c_master/apex/control/apex_kria/apex_kria.gen/sources_1/bd/design_1/ipshared/b205/hdl/verilog/xsdbm_v3_0_0_bs_core_ext.vh:465]
INFO: [Synth 8-11241] undeclared symbol 'runtest_int', assumed default net type 'wire' [/home/agreshil/vivado_projects/fw_i2c_master/apex/control/apex_kria/apex_kria.gen/sources_1/bd/design_1/ipshared/b205/hdl/verilog/xsdbm_v3_0_0_bs_core_ext.vh:467]
INFO: [Synth 8-11241] undeclared symbol 'tms_int', assumed default net type 'wire' [/home/agreshil/vivado_projects/fw_i2c_master/apex/control/apex_kria/apex_kria.gen/sources_1/bd/design_1/ipshared/b205/hdl/verilog/xsdbm_v3_0_0_bs_core_ext.vh:514]
INFO: [Synth 8-11241] undeclared symbol 'runtest_int', assumed default net type 'wire' [/home/agreshil/vivado_projects/fw_i2c_master/apex/control/apex_kria/apex_kria.gen/sources_1/bd/design_1/ipshared/b205/hdl/verilog/xsdbm_v3_0_0_bs_core_ext.vh:516]
INFO: [Synth 8-11241] undeclared symbol 'tms_int', assumed default net type 'wire' [/home/agreshil/vivado_projects/fw_i2c_master/apex/control/apex_kria/apex_kria.gen/sources_1/bd/design_1/ipshared/b205/hdl/verilog/xsdbm_v3_0_0_bs_core_ext.vh:564]
INFO: [Synth 8-11241] undeclared symbol 'runtest_int', assumed default net type 'wire' [/home/agreshil/vivado_projects/fw_i2c_master/apex/control/apex_kria/apex_kria.gen/sources_1/bd/design_1/ipshared/b205/hdl/verilog/xsdbm_v3_0_0_bs_core_ext.vh:566]
INFO: [Synth 8-11241] undeclared symbol 'tms_int', assumed default net type 'wire' [/home/agreshil/vivado_projects/fw_i2c_master/apex/control/apex_kria/apex_kria.gen/sources_1/bd/design_1/ipshared/b205/hdl/verilog/xsdbm_v3_0_0_bs_core_ext.vh:615]
INFO: [Synth 8-11241] undeclared symbol 'runtest_int', assumed default net type 'wire' [/home/agreshil/vivado_projects/fw_i2c_master/apex/control/apex_kria/apex_kria.gen/sources_1/bd/design_1/ipshared/b205/hdl/verilog/xsdbm_v3_0_0_bs_core_ext.vh:617]
INFO: [Synth 8-11241] undeclared symbol 'tms_int', assumed default net type 'wire' [/home/agreshil/vivado_projects/fw_i2c_master/apex/control/apex_kria/apex_kria.gen/sources_1/bd/design_1/ipshared/b205/hdl/xsdbm_v3_0_vl_rfs.v:6554]
INFO: [Synth 8-11241] undeclared symbol 'runtest_int', assumed default net type 'wire' [/home/agreshil/vivado_projects/fw_i2c_master/apex/control/apex_kria/apex_kria.gen/sources_1/bd/design_1/ipshared/b205/hdl/xsdbm_v3_0_vl_rfs.v:6556]
INFO: [Synth 8-11241] undeclared symbol 'tms_int', assumed default net type 'wire' [/home/agreshil/vivado_projects/fw_i2c_master/apex/control/apex_kria/apex_kria.gen/sources_1/bd/design_1/ipshared/b205/hdl/xsdbm_v3_0_vl_rfs.v:6589]
INFO: [Synth 8-11241] undeclared symbol 'runtest_int', assumed default net type 'wire' [/home/agreshil/vivado_projects/fw_i2c_master/apex/control/apex_kria/apex_kria.gen/sources_1/bd/design_1/ipshared/b205/hdl/xsdbm_v3_0_vl_rfs.v:6591]
INFO: [Synth 8-11241] undeclared symbol 'tms_int', assumed default net type 'wire' [/home/agreshil/vivado_projects/fw_i2c_master/apex/control/apex_kria/apex_kria.gen/sources_1/bd/design_1/ipshared/b205/hdl/verilog/xsdbm_v3_0_0_bs_core.vh:30]
INFO: [Synth 8-11241] undeclared symbol 'runtest_int', assumed default net type 'wire' [/home/agreshil/vivado_projects/fw_i2c_master/apex/control/apex_kria/apex_kria.gen/sources_1/bd/design_1/ipshared/b205/hdl/verilog/xsdbm_v3_0_0_bs_core.vh:32]
INFO: [Synth 8-11241] undeclared symbol 'tms_int', assumed default net type 'wire' [/home/agreshil/vivado_projects/fw_i2c_master/apex/control/apex_kria/apex_kria.gen/sources_1/bd/design_1/ipshared/b205/hdl/verilog/xsdbm_v3_0_0_bs_core.vh:69]
INFO: [Synth 8-11241] undeclared symbol 'runtest_int', assumed default net type 'wire' [/home/agreshil/vivado_projects/fw_i2c_master/apex/control/apex_kria/apex_kria.gen/sources_1/bd/design_1/ipshared/b205/hdl/verilog/xsdbm_v3_0_0_bs_core.vh:71]
INFO: [Synth 8-11241] undeclared symbol 'tms_int', assumed default net type 'wire' [/home/agreshil/vivado_projects/fw_i2c_master/apex/control/apex_kria/apex_kria.gen/sources_1/bd/design_1/ipshared/b205/hdl/verilog/xsdbm_v3_0_0_bs_core.vh:109]
INFO: [Synth 8-11241] undeclared symbol 'runtest_int', assumed default net type 'wire' [/home/agreshil/vivado_projects/fw_i2c_master/apex/control/apex_kria/apex_kria.gen/sources_1/bd/design_1/ipshared/b205/hdl/verilog/xsdbm_v3_0_0_bs_core.vh:111]
INFO: [Synth 8-11241] undeclared symbol 'tms_int', assumed default net type 'wire' [/home/agreshil/vivado_projects/fw_i2c_master/apex/control/apex_kria/apex_kria.gen/sources_1/bd/design_1/ipshared/b205/hdl/verilog/xsdbm_v3_0_0_bs_core.vh:150]
INFO: [Synth 8-11241] undeclared symbol 'runtest_int', assumed default net type 'wire' [/home/agreshil/vivado_projects/fw_i2c_master/apex/control/apex_kria/apex_kria.gen/sources_1/bd/design_1/ipshared/b205/hdl/verilog/xsdbm_v3_0_0_bs_core.vh:152]
INFO: [Synth 8-11241] undeclared symbol 'tms_int', assumed default net type 'wire' [/home/agreshil/vivado_projects/fw_i2c_master/apex/control/apex_kria/apex_kria.gen/sources_1/bd/design_1/ipshared/b205/hdl/verilog/xsdbm_v3_0_0_bs_core.vh:192]
INFO: [Synth 8-11241] undeclared symbol 'runtest_int', assumed default net type 'wire' [/home/agreshil/vivado_projects/fw_i2c_master/apex/control/apex_kria/apex_kria.gen/sources_1/bd/design_1/ipshared/b205/hdl/verilog/xsdbm_v3_0_0_bs_core.vh:194]
INFO: [Synth 8-11241] undeclared symbol 'tms_int', assumed default net type 'wire' [/home/agreshil/vivado_projects/fw_i2c_master/apex/control/apex_kria/apex_kria.gen/sources_1/bd/design_1/ipshared/b205/hdl/verilog/xsdbm_v3_0_0_bs_core.vh:235]
INFO: [Synth 8-11241] undeclared symbol 'runtest_int', assumed default net type 'wire' [/home/agreshil/vivado_projects/fw_i2c_master/apex/control/apex_kria/apex_kria.gen/sources_1/bd/design_1/ipshared/b205/hdl/verilog/xsdbm_v3_0_0_bs_core.vh:237]
INFO: [Synth 8-11241] undeclared symbol 'tms_int', assumed default net type 'wire' [/home/agreshil/vivado_projects/fw_i2c_master/apex/control/apex_kria/apex_kria.gen/sources_1/bd/design_1/ipshared/b205/hdl/verilog/xsdbm_v3_0_0_bs_core.vh:279]
INFO: [Synth 8-11241] undeclared symbol 'runtest_int', assumed default net type 'wire' [/home/agreshil/vivado_projects/fw_i2c_master/apex/control/apex_kria/apex_kria.gen/sources_1/bd/design_1/ipshared/b205/hdl/verilog/xsdbm_v3_0_0_bs_core.vh:281]
INFO: [Synth 8-11241] undeclared symbol 'tms_int', assumed default net type 'wire' [/home/agreshil/vivado_projects/fw_i2c_master/apex/control/apex_kria/apex_kria.gen/sources_1/bd/design_1/ipshared/b205/hdl/verilog/xsdbm_v3_0_0_bs_core.vh:324]
INFO: [Synth 8-11241] undeclared symbol 'runtest_int', assumed default net type 'wire' [/home/agreshil/vivado_projects/fw_i2c_master/apex/control/apex_kria/apex_kria.gen/sources_1/bd/design_1/ipshared/b205/hdl/verilog/xsdbm_v3_0_0_bs_core.vh:326]
INFO: [Synth 8-11241] undeclared symbol 'tms_int', assumed default net type 'wire' [/home/agreshil/vivado_projects/fw_i2c_master/apex/control/apex_kria/apex_kria.gen/sources_1/bd/design_1/ipshared/b205/hdl/verilog/xsdbm_v3_0_0_bs_core.vh:370]
INFO: [Synth 8-11241] undeclared symbol 'runtest_int', assumed default net type 'wire' [/home/agreshil/vivado_projects/fw_i2c_master/apex/control/apex_kria/apex_kria.gen/sources_1/bd/design_1/ipshared/b205/hdl/verilog/xsdbm_v3_0_0_bs_core.vh:372]
INFO: [Synth 8-11241] undeclared symbol 'tms_int', assumed default net type 'wire' [/home/agreshil/vivado_projects/fw_i2c_master/apex/control/apex_kria/apex_kria.gen/sources_1/bd/design_1/ipshared/b205/hdl/verilog/xsdbm_v3_0_0_bs_core.vh:417]
INFO: [Synth 8-11241] undeclared symbol 'runtest_int', assumed default net type 'wire' [/home/agreshil/vivado_projects/fw_i2c_master/apex/control/apex_kria/apex_kria.gen/sources_1/bd/design_1/ipshared/b205/hdl/verilog/xsdbm_v3_0_0_bs_core.vh:419]
INFO: [Synth 8-11241] undeclared symbol 'tms_int', assumed default net type 'wire' [/home/agreshil/vivado_projects/fw_i2c_master/apex/control/apex_kria/apex_kria.gen/sources_1/bd/design_1/ipshared/b205/hdl/verilog/xsdbm_v3_0_0_bs_core.vh:465]
INFO: [Synth 8-11241] undeclared symbol 'runtest_int', assumed default net type 'wire' [/home/agreshil/vivado_projects/fw_i2c_master/apex/control/apex_kria/apex_kria.gen/sources_1/bd/design_1/ipshared/b205/hdl/verilog/xsdbm_v3_0_0_bs_core.vh:467]
INFO: [Synth 8-11241] undeclared symbol 'tms_int', assumed default net type 'wire' [/home/agreshil/vivado_projects/fw_i2c_master/apex/control/apex_kria/apex_kria.gen/sources_1/bd/design_1/ipshared/b205/hdl/verilog/xsdbm_v3_0_0_bs_core.vh:514]
INFO: [Synth 8-11241] undeclared symbol 'runtest_int', assumed default net type 'wire' [/home/agreshil/vivado_projects/fw_i2c_master/apex/control/apex_kria/apex_kria.gen/sources_1/bd/design_1/ipshared/b205/hdl/verilog/xsdbm_v3_0_0_bs_core.vh:516]
INFO: [Synth 8-11241] undeclared symbol 'tms_int', assumed default net type 'wire' [/home/agreshil/vivado_projects/fw_i2c_master/apex/control/apex_kria/apex_kria.gen/sources_1/bd/design_1/ipshared/b205/hdl/verilog/xsdbm_v3_0_0_bs_core.vh:564]
INFO: [Synth 8-11241] undeclared symbol 'runtest_int', assumed default net type 'wire' [/home/agreshil/vivado_projects/fw_i2c_master/apex/control/apex_kria/apex_kria.gen/sources_1/bd/design_1/ipshared/b205/hdl/verilog/xsdbm_v3_0_0_bs_core.vh:566]
INFO: [Synth 8-11241] undeclared symbol 'tms_int', assumed default net type 'wire' [/home/agreshil/vivado_projects/fw_i2c_master/apex/control/apex_kria/apex_kria.gen/sources_1/bd/design_1/ipshared/b205/hdl/verilog/xsdbm_v3_0_0_bs_core.vh:615]
INFO: [Synth 8-11241] undeclared symbol 'runtest_int', assumed default net type 'wire' [/home/agreshil/vivado_projects/fw_i2c_master/apex/control/apex_kria/apex_kria.gen/sources_1/bd/design_1/ipshared/b205/hdl/verilog/xsdbm_v3_0_0_bs_core.vh:617]
INFO: [Synth 8-11241] undeclared symbol 'tms_int', assumed default net type 'wire' [/home/agreshil/vivado_projects/fw_i2c_master/apex/control/apex_kria/apex_kria.gen/sources_1/bd/design_1/ipshared/b205/hdl/xsdbm_v3_0_vl_rfs.v:10347]
INFO: [Synth 8-11241] undeclared symbol 'runtest_int', assumed default net type 'wire' [/home/agreshil/vivado_projects/fw_i2c_master/apex/control/apex_kria/apex_kria.gen/sources_1/bd/design_1/ipshared/b205/hdl/xsdbm_v3_0_vl_rfs.v:10349]
INFO: [Synth 8-11241] undeclared symbol 'tms_int', assumed default net type 'wire' [/home/agreshil/vivado_projects/fw_i2c_master/apex/control/apex_kria/apex_kria.gen/sources_1/bd/design_1/ipshared/b205/hdl/xsdbm_v3_0_vl_rfs.v:10380]
INFO: [Synth 8-11241] undeclared symbol 'runtest_int', assumed default net type 'wire' [/home/agreshil/vivado_projects/fw_i2c_master/apex/control/apex_kria/apex_kria.gen/sources_1/bd/design_1/ipshared/b205/hdl/xsdbm_v3_0_vl_rfs.v:10382]
INFO: [Synth 8-11241] undeclared symbol 'tms_int', assumed default net type 'wire' [/home/agreshil/vivado_projects/fw_i2c_master/apex/control/apex_kria/apex_kria.gen/sources_1/bd/design_1/ipshared/b205/hdl/xsdbm_v3_0_vl_rfs.v:10413]
INFO: [Synth 8-11241] undeclared symbol 'runtest_int', assumed default net type 'wire' [/home/agreshil/vivado_projects/fw_i2c_master/apex/control/apex_kria/apex_kria.gen/sources_1/bd/design_1/ipshared/b205/hdl/xsdbm_v3_0_vl_rfs.v:10415]
INFO: [Synth 8-11241] undeclared symbol 'tms_int', assumed default net type 'wire' [/home/agreshil/vivado_projects/fw_i2c_master/apex/control/apex_kria/apex_kria.gen/sources_1/bd/design_1/ipshared/b205/hdl/verilog/xsdbm_v3_0_0_bs_core_vec.vh:30]
INFO: [Synth 8-11241] undeclared symbol 'runtest_int', assumed default net type 'wire' [/home/agreshil/vivado_projects/fw_i2c_master/apex/control/apex_kria/apex_kria.gen/sources_1/bd/design_1/ipshared/b205/hdl/verilog/xsdbm_v3_0_0_bs_core_vec.vh:32]
INFO: [Synth 8-11241] undeclared symbol 'tms_int', assumed default net type 'wire' [/home/agreshil/vivado_projects/fw_i2c_master/apex/control/apex_kria/apex_kria.gen/sources_1/bd/design_1/ipshared/b205/hdl/verilog/xsdbm_v3_0_0_bs_core_vec.vh:65]
INFO: [Synth 8-11241] undeclared symbol 'runtest_int', assumed default net type 'wire' [/home/agreshil/vivado_projects/fw_i2c_master/apex/control/apex_kria/apex_kria.gen/sources_1/bd/design_1/ipshared/b205/hdl/verilog/xsdbm_v3_0_0_bs_core_vec.vh:67]
INFO: [Synth 8-11241] undeclared symbol 'tms_int', assumed default net type 'wire' [/home/agreshil/vivado_projects/fw_i2c_master/apex/control/apex_kria/apex_kria.gen/sources_1/bd/design_1/ipshared/b205/hdl/verilog/xsdbm_v3_0_0_bs_core_vec.vh:100]
INFO: [Synth 8-11241] undeclared symbol 'runtest_int', assumed default net type 'wire' [/home/agreshil/vivado_projects/fw_i2c_master/apex/control/apex_kria/apex_kria.gen/sources_1/bd/design_1/ipshared/b205/hdl/verilog/xsdbm_v3_0_0_bs_core_vec.vh:102]
INFO: [Synth 8-11241] undeclared symbol 'tms_int', assumed default net type 'wire' [/home/agreshil/vivado_projects/fw_i2c_master/apex/control/apex_kria/apex_kria.gen/sources_1/bd/design_1/ipshared/b205/hdl/verilog/xsdbm_v3_0_0_bs_core_vec.vh:135]
INFO: [Synth 8-11241] undeclared symbol 'runtest_int', assumed default net type 'wire' [/home/agreshil/vivado_projects/fw_i2c_master/apex/control/apex_kria/apex_kria.gen/sources_1/bd/design_1/ipshared/b205/hdl/verilog/xsdbm_v3_0_0_bs_core_vec.vh:137]
INFO: [Synth 8-11241] undeclared symbol 'tms_int', assumed default net type 'wire' [/home/agreshil/vivado_projects/fw_i2c_master/apex/control/apex_kria/apex_kria.gen/sources_1/bd/design_1/ipshared/b205/hdl/verilog/xsdbm_v3_0_0_bs_core_vec.vh:170]
INFO: [Synth 8-11241] undeclared symbol 'runtest_int', assumed default net type 'wire' [/home/agreshil/vivado_projects/fw_i2c_master/apex/control/apex_kria/apex_kria.gen/sources_1/bd/design_1/ipshared/b205/hdl/verilog/xsdbm_v3_0_0_bs_core_vec.vh:172]
INFO: [Synth 8-11241] undeclared symbol 'tms_int', assumed default net type 'wire' [/home/agreshil/vivado_projects/fw_i2c_master/apex/control/apex_kria/apex_kria.gen/sources_1/bd/design_1/ipshared/b205/hdl/verilog/xsdbm_v3_0_0_bs_core_vec.vh:205]
INFO: [Synth 8-11241] undeclared symbol 'runtest_int', assumed default net type 'wire' [/home/agreshil/vivado_projects/fw_i2c_master/apex/control/apex_kria/apex_kria.gen/sources_1/bd/design_1/ipshared/b205/hdl/verilog/xsdbm_v3_0_0_bs_core_vec.vh:207]
INFO: [Synth 8-11241] undeclared symbol 'tms_int', assumed default net type 'wire' [/home/agreshil/vivado_projects/fw_i2c_master/apex/control/apex_kria/apex_kria.gen/sources_1/bd/design_1/ipshared/b205/hdl/verilog/xsdbm_v3_0_0_bs_core_vec.vh:240]
INFO: [Synth 8-11241] undeclared symbol 'runtest_int', assumed default net type 'wire' [/home/agreshil/vivado_projects/fw_i2c_master/apex/control/apex_kria/apex_kria.gen/sources_1/bd/design_1/ipshared/b205/hdl/verilog/xsdbm_v3_0_0_bs_core_vec.vh:242]
INFO: [Synth 8-11241] undeclared symbol 'tms_int', assumed default net type 'wire' [/home/agreshil/vivado_projects/fw_i2c_master/apex/control/apex_kria/apex_kria.gen/sources_1/bd/design_1/ipshared/b205/hdl/verilog/xsdbm_v3_0_0_bs_core_vec.vh:275]
INFO: [Synth 8-11241] undeclared symbol 'runtest_int', assumed default net type 'wire' [/home/agreshil/vivado_projects/fw_i2c_master/apex/control/apex_kria/apex_kria.gen/sources_1/bd/design_1/ipshared/b205/hdl/verilog/xsdbm_v3_0_0_bs_core_vec.vh:277]
INFO: [Synth 8-11241] undeclared symbol 'tms_int', assumed default net type 'wire' [/home/agreshil/vivado_projects/fw_i2c_master/apex/control/apex_kria/apex_kria.gen/sources_1/bd/design_1/ipshared/b205/hdl/verilog/xsdbm_v3_0_0_bs_core_vec.vh:310]
INFO: [Synth 8-11241] undeclared symbol 'runtest_int', assumed default net type 'wire' [/home/agreshil/vivado_projects/fw_i2c_master/apex/control/apex_kria/apex_kria.gen/sources_1/bd/design_1/ipshared/b205/hdl/verilog/xsdbm_v3_0_0_bs_core_vec.vh:312]
INFO: [Synth 8-11241] undeclared symbol 'tms_int', assumed default net type 'wire' [/home/agreshil/vivado_projects/fw_i2c_master/apex/control/apex_kria/apex_kria.gen/sources_1/bd/design_1/ipshared/b205/hdl/verilog/xsdbm_v3_0_0_bs_core_vec.vh:345]
INFO: [Synth 8-11241] undeclared symbol 'runtest_int', assumed default net type 'wire' [/home/agreshil/vivado_projects/fw_i2c_master/apex/control/apex_kria/apex_kria.gen/sources_1/bd/design_1/ipshared/b205/hdl/verilog/xsdbm_v3_0_0_bs_core_vec.vh:347]
INFO: [Synth 8-11241] undeclared symbol 'tms_int', assumed default net type 'wire' [/home/agreshil/vivado_projects/fw_i2c_master/apex/control/apex_kria/apex_kria.gen/sources_1/bd/design_1/ipshared/b205/hdl/verilog/xsdbm_v3_0_0_bs_core_vec.vh:380]
INFO: [Synth 8-11241] undeclared symbol 'runtest_int', assumed default net type 'wire' [/home/agreshil/vivado_projects/fw_i2c_master/apex/control/apex_kria/apex_kria.gen/sources_1/bd/design_1/ipshared/b205/hdl/verilog/xsdbm_v3_0_0_bs_core_vec.vh:382]
INFO: [Synth 8-11241] undeclared symbol 'tms_int', assumed default net type 'wire' [/home/agreshil/vivado_projects/fw_i2c_master/apex/control/apex_kria/apex_kria.gen/sources_1/bd/design_1/ipshared/b205/hdl/verilog/xsdbm_v3_0_0_bs_core_vec.vh:415]
INFO: [Synth 8-11241] undeclared symbol 'runtest_int', assumed default net type 'wire' [/home/agreshil/vivado_projects/fw_i2c_master/apex/control/apex_kria/apex_kria.gen/sources_1/bd/design_1/ipshared/b205/hdl/verilog/xsdbm_v3_0_0_bs_core_vec.vh:417]
INFO: [Common 17-14] Message 'Synth 8-11241' appears 100 times and further instances of the messages will be disabled. Use the Tcl command set_msg_config to change the current settings.
---------------------------------------------------------------------------------
Starting RTL Elaboration : Time (s): cpu = 00:00:06 ; elapsed = 00:00:06 . Memory (MB): peak = 3062.641 ; gain = 237.723 ; free physical = 14209 ; free virtual = 16251
Synthesis current peak Physical Memory [PSS] (MB): peak = 2285.370; parent = 2141.203; children = 144.167
Synthesis current peak Virtual Memory [VSS] (MB): peak = 4091.414; parent = 3073.551; children = 1017.863
---------------------------------------------------------------------------------
INFO: [Synth 8-6157] synthesizing module 'bd_0412_xsdbm_0' [/home/agreshil/vivado_projects/fw_i2c_master/apex/control/apex_kria/apex_kria.gen/sources_1/bd/design_1/ip/design_1_debug_bridge_1_0/bd_0/ip/ip_0/synth/bd_0412_xsdbm_0.v:53]
INFO: [Synth 8-6157] synthesizing module 'FDRE' [/tools/Xilinx/Vivado/2022.2/scripts/rt/data/unisim_comp.v:38708]
INFO: [Synth 8-6155] done synthesizing module 'FDRE' (0#1) [/tools/Xilinx/Vivado/2022.2/scripts/rt/data/unisim_comp.v:38708]
INFO: [Synth 8-6155] done synthesizing module 'bd_0412_xsdbm_0' (0#1) [/home/agreshil/vivado_projects/fw_i2c_master/apex/control/apex_kria/apex_kria.gen/sources_1/bd/design_1/ip/design_1_debug_bridge_1_0/bd_0/ip/ip_0/synth/bd_0412_xsdbm_0.v:53]
WARNING: [Synth 8-3848] Net update_0 in module/entity xsdbm_v3_0_0_xsdbm_id does not have driver. [/home/agreshil/vivado_projects/fw_i2c_master/apex/control/apex_kria/apex_kria.gen/sources_1/bd/design_1/ipshared/b205/hdl/verilog/xsdbm_v3_0_0_bs_ports.vh:1]
WARNING: [Synth 8-3848] Net capture_0 in module/entity xsdbm_v3_0_0_xsdbm_id does not have driver. [/home/agreshil/vivado_projects/fw_i2c_master/apex/control/apex_kria/apex_kria.gen/sources_1/bd/design_1/ipshared/b205/hdl/verilog/xsdbm_v3_0_0_bs_ports.vh:2]
WARNING: [Synth 8-3848] Net reset_0 in module/entity xsdbm_v3_0_0_xsdbm_id does not have driver. [/home/agreshil/vivado_projects/fw_i2c_master/apex/control/apex_kria/apex_kria.gen/sources_1/bd/design_1/ipshared/b205/hdl/verilog/xsdbm_v3_0_0_bs_ports.vh:3]
WARNING: [Synth 8-3848] Net runtest_0 in module/entity xsdbm_v3_0_0_xsdbm_id does not have driver. [/home/agreshil/vivado_projects/fw_i2c_master/apex/control/apex_kria/apex_kria.gen/sources_1/bd/design_1/ipshared/b205/hdl/verilog/xsdbm_v3_0_0_bs_ports.vh:4]
WARNING: [Synth 8-3848] Net tms_0 in module/entity xsdbm_v3_0_0_xsdbm_id does not have driver. [/home/agreshil/vivado_projects/fw_i2c_master/apex/control/apex_kria/apex_kria.gen/sources_1/bd/design_1/ipshared/b205/hdl/verilog/xsdbm_v3_0_0_bs_ports.vh:5]
WARNING: [Synth 8-3848] Net tck_0 in module/entity xsdbm_v3_0_0_xsdbm_id does not have driver. [/home/agreshil/vivado_projects/fw_i2c_master/apex/control/apex_kria/apex_kria.gen/sources_1/bd/design_1/ipshared/b205/hdl/verilog/xsdbm_v3_0_0_bs_ports.vh:6]
WARNING: [Synth 8-3848] Net tdi_0 in module/entity xsdbm_v3_0_0_xsdbm_id does not have driver. [/home/agreshil/vivado_projects/fw_i2c_master/apex/control/apex_kria/apex_kria.gen/sources_1/bd/design_1/ipshared/b205/hdl/verilog/xsdbm_v3_0_0_bs_ports.vh:7]
WARNING: [Synth 8-3848] Net sel_0 in module/entity xsdbm_v3_0_0_xsdbm_id does not have driver. [/home/agreshil/vivado_projects/fw_i2c_master/apex/control/apex_kria/apex_kria.gen/sources_1/bd/design_1/ipshared/b205/hdl/verilog/xsdbm_v3_0_0_bs_ports.vh:8]
WARNING: [Synth 8-3848] Net shift_0 in module/entity xsdbm_v3_0_0_xsdbm_id does not have driver. [/home/agreshil/vivado_projects/fw_i2c_master/apex/control/apex_kria/apex_kria.gen/sources_1/bd/design_1/ipshared/b205/hdl/verilog/xsdbm_v3_0_0_bs_ports.vh:9]
WARNING: [Synth 8-3848] Net drck_0 in module/entity xsdbm_v3_0_0_xsdbm_id does not have driver. [/home/agreshil/vivado_projects/fw_i2c_master/apex/control/apex_kria/apex_kria.gen/sources_1/bd/design_1/ipshared/b205/hdl/verilog/xsdbm_v3_0_0_bs_ports.vh:10]
WARNING: [Synth 8-3848] Net update_1 in module/entity xsdbm_v3_0_0_xsdbm_id does not have driver. [/home/agreshil/vivado_projects/fw_i2c_master/apex/control/apex_kria/apex_kria.gen/sources_1/bd/design_1/ipshared/b205/hdl/verilog/xsdbm_v3_0_0_bs_ports.vh:12]
WARNING: [Synth 8-3848] Net capture_1 in module/entity xsdbm_v3_0_0_xsdbm_id does not have driver. [/home/agreshil/vivado_projects/fw_i2c_master/apex/control/apex_kria/apex_kria.gen/sources_1/bd/design_1/ipshared/b205/hdl/verilog/xsdbm_v3_0_0_bs_ports.vh:13]
WARNING: [Synth 8-3848] Net reset_1 in module/entity xsdbm_v3_0_0_xsdbm_id does not have driver. [/home/agreshil/vivado_projects/fw_i2c_master/apex/control/apex_kria/apex_kria.gen/sources_1/bd/design_1/ipshared/b205/hdl/verilog/xsdbm_v3_0_0_bs_ports.vh:14]
WARNING: [Synth 8-3848] Net runtest_1 in module/entity xsdbm_v3_0_0_xsdbm_id does not have driver. [/home/agreshil/vivado_projects/fw_i2c_master/apex/control/apex_kria/apex_kria.gen/sources_1/bd/design_1/ipshared/b205/hdl/verilog/xsdbm_v3_0_0_bs_ports.vh:15]
WARNING: [Synth 8-3848] Net tms_1 in module/entity xsdbm_v3_0_0_xsdbm_id does not have driver. [/home/agreshil/vivado_projects/fw_i2c_master/apex/control/apex_kria/apex_kria.gen/sources_1/bd/design_1/ipshared/b205/hdl/verilog/xsdbm_v3_0_0_bs_ports.vh:16]
WARNING: [Synth 8-3848] Net tck_1 in module/entity xsdbm_v3_0_0_xsdbm_id does not have driver. [/home/agreshil/vivado_projects/fw_i2c_master/apex/control/apex_kria/apex_kria.gen/sources_1/bd/design_1/ipshared/b205/hdl/verilog/xsdbm_v3_0_0_bs_ports.vh:17]
WARNING: [Synth 8-3848] Net tdi_1 in module/entity xsdbm_v3_0_0_xsdbm_id does not have driver. [/home/agreshil/vivado_projects/fw_i2c_master/apex/control/apex_kria/apex_kria.gen/sources_1/bd/design_1/ipshared/b205/hdl/verilog/xsdbm_v3_0_0_bs_ports.vh:18]
WARNING: [Synth 8-3848] Net sel_1 in module/entity xsdbm_v3_0_0_xsdbm_id does not have driver. [/home/agreshil/vivado_projects/fw_i2c_master/apex/control/apex_kria/apex_kria.gen/sources_1/bd/design_1/ipshared/b205/hdl/verilog/xsdbm_v3_0_0_bs_ports.vh:19]
WARNING: [Synth 8-3848] Net shift_1 in module/entity xsdbm_v3_0_0_xsdbm_id does not have driver. [/home/agreshil/vivado_projects/fw_i2c_master/apex/control/apex_kria/apex_kria.gen/sources_1/bd/design_1/ipshared/b205/hdl/verilog/xsdbm_v3_0_0_bs_ports.vh:20]
WARNING: [Synth 8-3848] Net drck_1 in module/entity xsdbm_v3_0_0_xsdbm_id does not have driver. [/home/agreshil/vivado_projects/fw_i2c_master/apex/control/apex_kria/apex_kria.gen/sources_1/bd/design_1/ipshared/b205/hdl/verilog/xsdbm_v3_0_0_bs_ports.vh:21]
WARNING: [Synth 8-3848] Net update_2 in module/entity xsdbm_v3_0_0_xsdbm_id does not have driver. [/home/agreshil/vivado_projects/fw_i2c_master/apex/control/apex_kria/apex_kria.gen/sources_1/bd/design_1/ipshared/b205/hdl/verilog/xsdbm_v3_0_0_bs_ports.vh:23]
WARNING: [Synth 8-3848] Net capture_2 in module/entity xsdbm_v3_0_0_xsdbm_id does not have driver. [/home/agreshil/vivado_projects/fw_i2c_master/apex/control/apex_kria/apex_kria.gen/sources_1/bd/design_1/ipshared/b205/hdl/verilog/xsdbm_v3_0_0_bs_ports.vh:24]
WARNING: [Synth 8-3848] Net reset_2 in module/entity xsdbm_v3_0_0_xsdbm_id does not have driver. [/home/agreshil/vivado_projects/fw_i2c_master/apex/control/apex_kria/apex_kria.gen/sources_1/bd/design_1/ipshared/b205/hdl/verilog/xsdbm_v3_0_0_bs_ports.vh:25]
WARNING: [Synth 8-3848] Net runtest_2 in module/entity xsdbm_v3_0_0_xsdbm_id does not have driver. [/home/agreshil/vivado_projects/fw_i2c_master/apex/control/apex_kria/apex_kria.gen/sources_1/bd/design_1/ipshared/b205/hdl/verilog/xsdbm_v3_0_0_bs_ports.vh:26]
WARNING: [Synth 8-3848] Net tms_2 in module/entity xsdbm_v3_0_0_xsdbm_id does not have driver. [/home/agreshil/vivado_projects/fw_i2c_master/apex/control/apex_kria/apex_kria.gen/sources_1/bd/design_1/ipshared/b205/hdl/verilog/xsdbm_v3_0_0_bs_ports.vh:27]
WARNING: [Synth 8-3848] Net tck_2 in module/entity xsdbm_v3_0_0_xsdbm_id does not have driver. [/home/agreshil/vivado_projects/fw_i2c_master/apex/control/apex_kria/apex_kria.gen/sources_1/bd/design_1/ipshared/b205/hdl/verilog/xsdbm_v3_0_0_bs_ports.vh:28]
WARNING: [Synth 8-3848] Net tdi_2 in module/entity xsdbm_v3_0_0_xsdbm_id does not have driver. [/home/agreshil/vivado_projects/fw_i2c_master/apex/control/apex_kria/apex_kria.gen/sources_1/bd/design_1/ipshared/b205/hdl/verilog/xsdbm_v3_0_0_bs_ports.vh:29]
WARNING: [Synth 8-3848] Net sel_2 in module/entity xsdbm_v3_0_0_xsdbm_id does not have driver. [/home/agreshil/vivado_projects/fw_i2c_master/apex/control/apex_kria/apex_kria.gen/sources_1/bd/design_1/ipshared/b205/hdl/verilog/xsdbm_v3_0_0_bs_ports.vh:30]
WARNING: [Synth 8-3848] Net shift_2 in module/entity xsdbm_v3_0_0_xsdbm_id does not have driver. [/home/agreshil/vivado_projects/fw_i2c_master/apex/control/apex_kria/apex_kria.gen/sources_1/bd/design_1/ipshared/b205/hdl/verilog/xsdbm_v3_0_0_bs_ports.vh:31]
WARNING: [Synth 8-3848] Net drck_2 in module/entity xsdbm_v3_0_0_xsdbm_id does not have driver. [/home/agreshil/vivado_projects/fw_i2c_master/apex/control/apex_kria/apex_kria.gen/sources_1/bd/design_1/ipshared/b205/hdl/verilog/xsdbm_v3_0_0_bs_ports.vh:32]
WARNING: [Synth 8-3848] Net update_3 in module/entity xsdbm_v3_0_0_xsdbm_id does not have driver. [/home/agreshil/vivado_projects/fw_i2c_master/apex/control/apex_kria/apex_kria.gen/sources_1/bd/design_1/ipshared/b205/hdl/verilog/xsdbm_v3_0_0_bs_ports.vh:34]
WARNING: [Synth 8-3848] Net capture_3 in module/entity xsdbm_v3_0_0_xsdbm_id does not have driver. [/home/agreshil/vivado_projects/fw_i2c_master/apex/control/apex_kria/apex_kria.gen/sources_1/bd/design_1/ipshared/b205/hdl/verilog/xsdbm_v3_0_0_bs_ports.vh:35]
WARNING: [Synth 8-3848] Net reset_3 in module/entity xsdbm_v3_0_0_xsdbm_id does not have driver. [/home/agreshil/vivado_projects/fw_i2c_master/apex/control/apex_kria/apex_kria.gen/sources_1/bd/design_1/ipshared/b205/hdl/verilog/xsdbm_v3_0_0_bs_ports.vh:36]
WARNING: [Synth 8-3848] Net runtest_3 in module/entity xsdbm_v3_0_0_xsdbm_id does not have driver. [/home/agreshil/vivado_projects/fw_i2c_master/apex/control/apex_kria/apex_kria.gen/sources_1/bd/design_1/ipshared/b205/hdl/verilog/xsdbm_v3_0_0_bs_ports.vh:37]
WARNING: [Synth 8-3848] Net tms_3 in module/entity xsdbm_v3_0_0_xsdbm_id does not have driver. [/home/agreshil/vivado_projects/fw_i2c_master/apex/control/apex_kria/apex_kria.gen/sources_1/bd/design_1/ipshared/b205/hdl/verilog/xsdbm_v3_0_0_bs_ports.vh:38]
WARNING: [Synth 8-3848] Net tck_3 in module/entity xsdbm_v3_0_0_xsdbm_id does not have driver. [/home/agreshil/vivado_projects/fw_i2c_master/apex/control/apex_kria/apex_kria.gen/sources_1/bd/design_1/ipshared/b205/hdl/verilog/xsdbm_v3_0_0_bs_ports.vh:39]
WARNING: [Synth 8-3848] Net tdi_3 in module/entity xsdbm_v3_0_0_xsdbm_id does not have driver. [/home/agreshil/vivado_projects/fw_i2c_master/apex/control/apex_kria/apex_kria.gen/sources_1/bd/design_1/ipshared/b205/hdl/verilog/xsdbm_v3_0_0_bs_ports.vh:40]
WARNING: [Synth 8-3848] Net sel_3 in module/entity xsdbm_v3_0_0_xsdbm_id does not have driver. [/home/agreshil/vivado_projects/fw_i2c_master/apex/control/apex_kria/apex_kria.gen/sources_1/bd/design_1/ipshared/b205/hdl/verilog/xsdbm_v3_0_0_bs_ports.vh:41]
WARNING: [Synth 8-3848] Net shift_3 in module/entity xsdbm_v3_0_0_xsdbm_id does not have driver. [/home/agreshil/vivado_projects/fw_i2c_master/apex/control/apex_kria/apex_kria.gen/sources_1/bd/design_1/ipshared/b205/hdl/verilog/xsdbm_v3_0_0_bs_ports.vh:42]
WARNING: [Synth 8-3848] Net drck_3 in module/entity xsdbm_v3_0_0_xsdbm_id does not have driver. [/home/agreshil/vivado_projects/fw_i2c_master/apex/control/apex_kria/apex_kria.gen/sources_1/bd/design_1/ipshared/b205/hdl/verilog/xsdbm_v3_0_0_bs_ports.vh:43]
WARNING: [Synth 8-3848] Net update_4 in module/entity xsdbm_v3_0_0_xsdbm_id does not have driver. [/home/agreshil/vivado_projects/fw_i2c_master/apex/control/apex_kria/apex_kria.gen/sources_1/bd/design_1/ipshared/b205/hdl/verilog/xsdbm_v3_0_0_bs_ports.vh:45]
WARNING: [Synth 8-3848] Net capture_4 in module/entity xsdbm_v3_0_0_xsdbm_id does not have driver. [/home/agreshil/vivado_projects/fw_i2c_master/apex/control/apex_kria/apex_kria.gen/sources_1/bd/design_1/ipshared/b205/hdl/verilog/xsdbm_v3_0_0_bs_ports.vh:46]
WARNING: [Synth 8-3848] Net reset_4 in module/entity xsdbm_v3_0_0_xsdbm_id does not have driver. [/home/agreshil/vivado_projects/fw_i2c_master/apex/control/apex_kria/apex_kria.gen/sources_1/bd/design_1/ipshared/b205/hdl/verilog/xsdbm_v3_0_0_bs_ports.vh:47]
WARNING: [Synth 8-3848] Net runtest_4 in module/entity xsdbm_v3_0_0_xsdbm_id does not have driver. [/home/agreshil/vivado_projects/fw_i2c_master/apex/control/apex_kria/apex_kria.gen/sources_1/bd/design_1/ipshared/b205/hdl/verilog/xsdbm_v3_0_0_bs_ports.vh:48]
WARNING: [Synth 8-3848] Net tms_4 in module/entity xsdbm_v3_0_0_xsdbm_id does not have driver. [/home/agreshil/vivado_projects/fw_i2c_master/apex/control/apex_kria/apex_kria.gen/sources_1/bd/design_1/ipshared/b205/hdl/verilog/xsdbm_v3_0_0_bs_ports.vh:49]
WARNING: [Synth 8-3848] Net tck_4 in module/entity xsdbm_v3_0_0_xsdbm_id does not have driver. [/home/agreshil/vivado_projects/fw_i2c_master/apex/control/apex_kria/apex_kria.gen/sources_1/bd/design_1/ipshared/b205/hdl/verilog/xsdbm_v3_0_0_bs_ports.vh:50]
WARNING: [Synth 8-3848] Net tdi_4 in module/entity xsdbm_v3_0_0_xsdbm_id does not have driver. [/home/agreshil/vivado_projects/fw_i2c_master/apex/control/apex_kria/apex_kria.gen/sources_1/bd/design_1/ipshared/b205/hdl/verilog/xsdbm_v3_0_0_bs_ports.vh:51]
WARNING: [Synth 8-3848] Net sel_4 in module/entity xsdbm_v3_0_0_xsdbm_id does not have driver. [/home/agreshil/vivado_projects/fw_i2c_master/apex/control/apex_kria/apex_kria.gen/sources_1/bd/design_1/ipshared/b205/hdl/verilog/xsdbm_v3_0_0_bs_ports.vh:52]
WARNING: [Synth 8-3848] Net shift_4 in module/entity xsdbm_v3_0_0_xsdbm_id does not have driver. [/home/agreshil/vivado_projects/fw_i2c_master/apex/control/apex_kria/apex_kria.gen/sources_1/bd/design_1/ipshared/b205/hdl/verilog/xsdbm_v3_0_0_bs_ports.vh:53]
WARNING: [Synth 8-3848] Net drck_4 in module/entity xsdbm_v3_0_0_xsdbm_id does not have driver. [/home/agreshil/vivado_projects/fw_i2c_master/apex/control/apex_kria/apex_kria.gen/sources_1/bd/design_1/ipshared/b205/hdl/verilog/xsdbm_v3_0_0_bs_ports.vh:54]
WARNING: [Synth 8-3848] Net update_5 in module/entity xsdbm_v3_0_0_xsdbm_id does not have driver. [/home/agreshil/vivado_projects/fw_i2c_master/apex/control/apex_kria/apex_kria.gen/sources_1/bd/design_1/ipshared/b205/hdl/verilog/xsdbm_v3_0_0_bs_ports.vh:56]
WARNING: [Synth 8-3848] Net capture_5 in module/entity xsdbm_v3_0_0_xsdbm_id does not have driver. [/home/agreshil/vivado_projects/fw_i2c_master/apex/control/apex_kria/apex_kria.gen/sources_1/bd/design_1/ipshared/b205/hdl/verilog/xsdbm_v3_0_0_bs_ports.vh:57]
WARNING: [Synth 8-3848] Net reset_5 in module/entity xsdbm_v3_0_0_xsdbm_id does not have driver. [/home/agreshil/vivado_projects/fw_i2c_master/apex/control/apex_kria/apex_kria.gen/sources_1/bd/design_1/ipshared/b205/hdl/verilog/xsdbm_v3_0_0_bs_ports.vh:58]
WARNING: [Synth 8-3848] Net runtest_5 in module/entity xsdbm_v3_0_0_xsdbm_id does not have driver. [/home/agreshil/vivado_projects/fw_i2c_master/apex/control/apex_kria/apex_kria.gen/sources_1/bd/design_1/ipshared/b205/hdl/verilog/xsdbm_v3_0_0_bs_ports.vh:59]
WARNING: [Synth 8-3848] Net tms_5 in module/entity xsdbm_v3_0_0_xsdbm_id does not have driver. [/home/agreshil/vivado_projects/fw_i2c_master/apex/control/apex_kria/apex_kria.gen/sources_1/bd/design_1/ipshared/b205/hdl/verilog/xsdbm_v3_0_0_bs_ports.vh:60]
WARNING: [Synth 8-3848] Net tck_5 in module/entity xsdbm_v3_0_0_xsdbm_id does not have driver. [/home/agreshil/vivado_projects/fw_i2c_master/apex/control/apex_kria/apex_kria.gen/sources_1/bd/design_1/ipshared/b205/hdl/verilog/xsdbm_v3_0_0_bs_ports.vh:61]
WARNING: [Synth 8-3848] Net tdi_5 in module/entity xsdbm_v3_0_0_xsdbm_id does not have driver. [/home/agreshil/vivado_projects/fw_i2c_master/apex/control/apex_kria/apex_kria.gen/sources_1/bd/design_1/ipshared/b205/hdl/verilog/xsdbm_v3_0_0_bs_ports.vh:62]
WARNING: [Synth 8-3848] Net sel_5 in module/entity xsdbm_v3_0_0_xsdbm_id does not have driver. [/home/agreshil/vivado_projects/fw_i2c_master/apex/control/apex_kria/apex_kria.gen/sources_1/bd/design_1/ipshared/b205/hdl/verilog/xsdbm_v3_0_0_bs_ports.vh:63]
WARNING: [Synth 8-3848] Net shift_5 in module/entity xsdbm_v3_0_0_xsdbm_id does not have driver. [/home/agreshil/vivado_projects/fw_i2c_master/apex/control/apex_kria/apex_kria.gen/sources_1/bd/design_1/ipshared/b205/hdl/verilog/xsdbm_v3_0_0_bs_ports.vh:64]
WARNING: [Synth 8-3848] Net drck_5 in module/entity xsdbm_v3_0_0_xsdbm_id does not have driver. [/home/agreshil/vivado_projects/fw_i2c_master/apex/control/apex_kria/apex_kria.gen/sources_1/bd/design_1/ipshared/b205/hdl/verilog/xsdbm_v3_0_0_bs_ports.vh:65]
WARNING: [Synth 8-3848] Net update_6 in module/entity xsdbm_v3_0_0_xsdbm_id does not have driver. [/home/agreshil/vivado_projects/fw_i2c_master/apex/control/apex_kria/apex_kria.gen/sources_1/bd/design_1/ipshared/b205/hdl/verilog/xsdbm_v3_0_0_bs_ports.vh:67]
WARNING: [Synth 8-3848] Net capture_6 in module/entity xsdbm_v3_0_0_xsdbm_id does not have driver. [/home/agreshil/vivado_projects/fw_i2c_master/apex/control/apex_kria/apex_kria.gen/sources_1/bd/design_1/ipshared/b205/hdl/verilog/xsdbm_v3_0_0_bs_ports.vh:68]
WARNING: [Synth 8-3848] Net reset_6 in module/entity xsdbm_v3_0_0_xsdbm_id does not have driver. [/home/agreshil/vivado_projects/fw_i2c_master/apex/control/apex_kria/apex_kria.gen/sources_1/bd/design_1/ipshared/b205/hdl/verilog/xsdbm_v3_0_0_bs_ports.vh:69]
WARNING: [Synth 8-3848] Net runtest_6 in module/entity xsdbm_v3_0_0_xsdbm_id does not have driver. [/home/agreshil/vivado_projects/fw_i2c_master/apex/control/apex_kria/apex_kria.gen/sources_1/bd/design_1/ipshared/b205/hdl/verilog/xsdbm_v3_0_0_bs_ports.vh:70]
WARNING: [Synth 8-3848] Net tms_6 in module/entity xsdbm_v3_0_0_xsdbm_id does not have driver. [/home/agreshil/vivado_projects/fw_i2c_master/apex/control/apex_kria/apex_kria.gen/sources_1/bd/design_1/ipshared/b205/hdl/verilog/xsdbm_v3_0_0_bs_ports.vh:71]
WARNING: [Synth 8-3848] Net tck_6 in module/entity xsdbm_v3_0_0_xsdbm_id does not have driver. [/home/agreshil/vivado_projects/fw_i2c_master/apex/control/apex_kria/apex_kria.gen/sources_1/bd/design_1/ipshared/b205/hdl/verilog/xsdbm_v3_0_0_bs_ports.vh:72]
WARNING: [Synth 8-3848] Net tdi_6 in module/entity xsdbm_v3_0_0_xsdbm_id does not have driver. [/home/agreshil/vivado_projects/fw_i2c_master/apex/control/apex_kria/apex_kria.gen/sources_1/bd/design_1/ipshared/b205/hdl/verilog/xsdbm_v3_0_0_bs_ports.vh:73]
WARNING: [Synth 8-3848] Net sel_6 in module/entity xsdbm_v3_0_0_xsdbm_id does not have driver. [/home/agreshil/vivado_projects/fw_i2c_master/apex/control/apex_kria/apex_kria.gen/sources_1/bd/design_1/ipshared/b205/hdl/verilog/xsdbm_v3_0_0_bs_ports.vh:74]
WARNING: [Synth 8-3848] Net shift_6 in module/entity xsdbm_v3_0_0_xsdbm_id does not have driver. [/home/agreshil/vivado_projects/fw_i2c_master/apex/control/apex_kria/apex_kria.gen/sources_1/bd/design_1/ipshared/b205/hdl/verilog/xsdbm_v3_0_0_bs_ports.vh:75]
WARNING: [Synth 8-3848] Net drck_6 in module/entity xsdbm_v3_0_0_xsdbm_id does not have driver. [/home/agreshil/vivado_projects/fw_i2c_master/apex/control/apex_kria/apex_kria.gen/sources_1/bd/design_1/ipshared/b205/hdl/verilog/xsdbm_v3_0_0_bs_ports.vh:76]
WARNING: [Synth 8-3848] Net update_7 in module/entity xsdbm_v3_0_0_xsdbm_id does not have driver. [/home/agreshil/vivado_projects/fw_i2c_master/apex/control/apex_kria/apex_kria.gen/sources_1/bd/design_1/ipshared/b205/hdl/verilog/xsdbm_v3_0_0_bs_ports.vh:78]
WARNING: [Synth 8-3848] Net capture_7 in module/entity xsdbm_v3_0_0_xsdbm_id does not have driver. [/home/agreshil/vivado_projects/fw_i2c_master/apex/control/apex_kria/apex_kria.gen/sources_1/bd/design_1/ipshared/b205/hdl/verilog/xsdbm_v3_0_0_bs_ports.vh:79]
WARNING: [Synth 8-3848] Net reset_7 in module/entity xsdbm_v3_0_0_xsdbm_id does not have driver. [/home/agreshil/vivado_projects/fw_i2c_master/apex/control/apex_kria/apex_kria.gen/sources_1/bd/design_1/ipshared/b205/hdl/verilog/xsdbm_v3_0_0_bs_ports.vh:80]
WARNING: [Synth 8-3848] Net runtest_7 in module/entity xsdbm_v3_0_0_xsdbm_id does not have driver. [/home/agreshil/vivado_projects/fw_i2c_master/apex/control/apex_kria/apex_kria.gen/sources_1/bd/design_1/ipshared/b205/hdl/verilog/xsdbm_v3_0_0_bs_ports.vh:81]
WARNING: [Synth 8-3848] Net tms_7 in module/entity xsdbm_v3_0_0_xsdbm_id does not have driver. [/home/agreshil/vivado_projects/fw_i2c_master/apex/control/apex_kria/apex_kria.gen/sources_1/bd/design_1/ipshared/b205/hdl/verilog/xsdbm_v3_0_0_bs_ports.vh:82]
WARNING: [Synth 8-3848] Net tck_7 in module/entity xsdbm_v3_0_0_xsdbm_id does not have driver. [/home/agreshil/vivado_projects/fw_i2c_master/apex/control/apex_kria/apex_kria.gen/sources_1/bd/design_1/ipshared/b205/hdl/verilog/xsdbm_v3_0_0_bs_ports.vh:83]
WARNING: [Synth 8-3848] Net tdi_7 in module/entity xsdbm_v3_0_0_xsdbm_id does not have driver. [/home/agreshil/vivado_projects/fw_i2c_master/apex/control/apex_kria/apex_kria.gen/sources_1/bd/design_1/ipshared/b205/hdl/verilog/xsdbm_v3_0_0_bs_ports.vh:84]
WARNING: [Synth 8-3848] Net sel_7 in module/entity xsdbm_v3_0_0_xsdbm_id does not have driver. [/home/agreshil/vivado_projects/fw_i2c_master/apex/control/apex_kria/apex_kria.gen/sources_1/bd/design_1/ipshared/b205/hdl/verilog/xsdbm_v3_0_0_bs_ports.vh:85]
WARNING: [Synth 8-3848] Net shift_7 in module/entity xsdbm_v3_0_0_xsdbm_id does not have driver. [/home/agreshil/vivado_projects/fw_i2c_master/apex/control/apex_kria/apex_kria.gen/sources_1/bd/design_1/ipshared/b205/hdl/verilog/xsdbm_v3_0_0_bs_ports.vh:86]
WARNING: [Synth 8-3848] Net drck_7 in module/entity xsdbm_v3_0_0_xsdbm_id does not have driver. [/home/agreshil/vivado_projects/fw_i2c_master/apex/control/apex_kria/apex_kria.gen/sources_1/bd/design_1/ipshared/b205/hdl/verilog/xsdbm_v3_0_0_bs_ports.vh:87]
WARNING: [Synth 8-3848] Net update_8 in module/entity xsdbm_v3_0_0_xsdbm_id does not have driver. [/home/agreshil/vivado_projects/fw_i2c_master/apex/control/apex_kria/apex_kria.gen/sources_1/bd/design_1/ipshared/b205/hdl/verilog/xsdbm_v3_0_0_bs_ports.vh:89]
WARNING: [Synth 8-3848] Net capture_8 in module/entity xsdbm_v3_0_0_xsdbm_id does not have driver. [/home/agreshil/vivado_projects/fw_i2c_master/apex/control/apex_kria/apex_kria.gen/sources_1/bd/design_1/ipshared/b205/hdl/verilog/xsdbm_v3_0_0_bs_ports.vh:90]
WARNING: [Synth 8-3848] Net reset_8 in module/entity xsdbm_v3_0_0_xsdbm_id does not have driver. [/home/agreshil/vivado_projects/fw_i2c_master/apex/control/apex_kria/apex_kria.gen/sources_1/bd/design_1/ipshared/b205/hdl/verilog/xsdbm_v3_0_0_bs_ports.vh:91]
WARNING: [Synth 8-3848] Net runtest_8 in module/entity xsdbm_v3_0_0_xsdbm_id does not have driver. [/home/agreshil/vivado_projects/fw_i2c_master/apex/control/apex_kria/apex_kria.gen/sources_1/bd/design_1/ipshared/b205/hdl/verilog/xsdbm_v3_0_0_bs_ports.vh:92]
WARNING: [Synth 8-3848] Net tms_8 in module/entity xsdbm_v3_0_0_xsdbm_id does not have driver. [/home/agreshil/vivado_projects/fw_i2c_master/apex/control/apex_kria/apex_kria.gen/sources_1/bd/design_1/ipshared/b205/hdl/verilog/xsdbm_v3_0_0_bs_ports.vh:93]
WARNING: [Synth 8-3848] Net tck_8 in module/entity xsdbm_v3_0_0_xsdbm_id does not have driver. [/home/agreshil/vivado_projects/fw_i2c_master/apex/control/apex_kria/apex_kria.gen/sources_1/bd/design_1/ipshared/b205/hdl/verilog/xsdbm_v3_0_0_bs_ports.vh:94]
WARNING: [Synth 8-3848] Net tdi_8 in module/entity xsdbm_v3_0_0_xsdbm_id does not have driver. [/home/agreshil/vivado_projects/fw_i2c_master/apex/control/apex_kria/apex_kria.gen/sources_1/bd/design_1/ipshared/b205/hdl/verilog/xsdbm_v3_0_0_bs_ports.vh:95]
WARNING: [Synth 8-3848] Net sel_8 in module/entity xsdbm_v3_0_0_xsdbm_id does not have driver. [/home/agreshil/vivado_projects/fw_i2c_master/apex/control/apex_kria/apex_kria.gen/sources_1/bd/design_1/ipshared/b205/hdl/verilog/xsdbm_v3_0_0_bs_ports.vh:96]
WARNING: [Synth 8-3848] Net shift_8 in module/entity xsdbm_v3_0_0_xsdbm_id does not have driver. [/home/agreshil/vivado_projects/fw_i2c_master/apex/control/apex_kria/apex_kria.gen/sources_1/bd/design_1/ipshared/b205/hdl/verilog/xsdbm_v3_0_0_bs_ports.vh:97]
WARNING: [Synth 8-3848] Net drck_8 in module/entity xsdbm_v3_0_0_xsdbm_id does not have driver. [/home/agreshil/vivado_projects/fw_i2c_master/apex/control/apex_kria/apex_kria.gen/sources_1/bd/design_1/ipshared/b205/hdl/verilog/xsdbm_v3_0_0_bs_ports.vh:98]
WARNING: [Synth 8-3848] Net update_9 in module/entity xsdbm_v3_0_0_xsdbm_id does not have driver. [/home/agreshil/vivado_projects/fw_i2c_master/apex/control/apex_kria/apex_kria.gen/sources_1/bd/design_1/ipshared/b205/hdl/verilog/xsdbm_v3_0_0_bs_ports.vh:100]
WARNING: [Synth 8-3848] Net capture_9 in module/entity xsdbm_v3_0_0_xsdbm_id does not have driver. [/home/agreshil/vivado_projects/fw_i2c_master/apex/control/apex_kria/apex_kria.gen/sources_1/bd/design_1/ipshared/b205/hdl/verilog/xsdbm_v3_0_0_bs_ports.vh:101]
WARNING: [Synth 8-3848] Net reset_9 in module/entity xsdbm_v3_0_0_xsdbm_id does not have driver. [/home/agreshil/vivado_projects/fw_i2c_master/apex/control/apex_kria/apex_kria.gen/sources_1/bd/design_1/ipshared/b205/hdl/verilog/xsdbm_v3_0_0_bs_ports.vh:102]
WARNING: [Synth 8-3848] Net runtest_9 in module/entity xsdbm_v3_0_0_xsdbm_id does not have driver. [/home/agreshil/vivado_projects/fw_i2c_master/apex/control/apex_kria/apex_kria.gen/sources_1/bd/design_1/ipshared/b205/hdl/verilog/xsdbm_v3_0_0_bs_ports.vh:103]
WARNING: [Synth 8-3848] Net tms_9 in module/entity xsdbm_v3_0_0_xsdbm_id does not have driver. [/home/agreshil/vivado_projects/fw_i2c_master/apex/control/apex_kria/apex_kria.gen/sources_1/bd/design_1/ipshared/b205/hdl/verilog/xsdbm_v3_0_0_bs_ports.vh:104]
WARNING: [Synth 8-3848] Net tck_9 in module/entity xsdbm_v3_0_0_xsdbm_id does not have driver. [/home/agreshil/vivado_projects/fw_i2c_master/apex/control/apex_kria/apex_kria.gen/sources_1/bd/design_1/ipshared/b205/hdl/verilog/xsdbm_v3_0_0_bs_ports.vh:105]
WARNING: [Synth 8-3848] Net tdi_9 in module/entity xsdbm_v3_0_0_xsdbm_id does not have driver. [/home/agreshil/vivado_projects/fw_i2c_master/apex/control/apex_kria/apex_kria.gen/sources_1/bd/design_1/ipshared/b205/hdl/verilog/xsdbm_v3_0_0_bs_ports.vh:106]
WARNING: [Synth 8-3848] Net sel_9 in module/entity xsdbm_v3_0_0_xsdbm_id does not have driver. [/home/agreshil/vivado_projects/fw_i2c_master/apex/control/apex_kria/apex_kria.gen/sources_1/bd/design_1/ipshared/b205/hdl/verilog/xsdbm_v3_0_0_bs_ports.vh:107]
WARNING: [Synth 8-3848] Net shift_9 in module/entity xsdbm_v3_0_0_xsdbm_id does not have driver. [/home/agreshil/vivado_projects/fw_i2c_master/apex/control/apex_kria/apex_kria.gen/sources_1/bd/design_1/ipshared/b205/hdl/verilog/xsdbm_v3_0_0_bs_ports.vh:108]
WARNING: [Synth 8-3848] Net drck_9 in module/entity xsdbm_v3_0_0_xsdbm_id does not have driver. [/home/agreshil/vivado_projects/fw_i2c_master/apex/control/apex_kria/apex_kria.gen/sources_1/bd/design_1/ipshared/b205/hdl/verilog/xsdbm_v3_0_0_bs_ports.vh:109]
INFO: [Common 17-14] Message 'Synth 8-3848' appears 100 times and further instances of the messages will be disabled. Use the Tcl command set_msg_config to change the current settings.
WARNING: [Synth 8-7129] Port update_0 in module xsdbm_v3_0_0_xsdbm_id is either unconnected or has no load
WARNING: [Synth 8-7129] Port capture_0 in module xsdbm_v3_0_0_xsdbm_id is either unconnected or has no load
WARNING: [Synth 8-7129] Port reset_0 in module xsdbm_v3_0_0_xsdbm_id is either unconnected or has no load
WARNING: [Synth 8-7129] Port runtest_0 in module xsdbm_v3_0_0_xsdbm_id is either unconnected or has no load
WARNING: [Synth 8-7129] Port tms_0 in module xsdbm_v3_0_0_xsdbm_id is either unconnected or has no load
WARNING: [Synth 8-7129] Port tck_0 in module xsdbm_v3_0_0_xsdbm_id is either unconnected or has no load
WARNING: [Synth 8-7129] Port tdi_0 in module xsdbm_v3_0_0_xsdbm_id is either unconnected or has no load
WARNING: [Synth 8-7129] Port sel_0 in module xsdbm_v3_0_0_xsdbm_id is either unconnected or has no load
WARNING: [Synth 8-7129] Port shift_0 in module xsdbm_v3_0_0_xsdbm_id is either unconnected or has no load
WARNING: [Synth 8-7129] Port drck_0 in module xsdbm_v3_0_0_xsdbm_id is either unconnected or has no load
WARNING: [Synth 8-7129] Port update_1 in module xsdbm_v3_0_0_xsdbm_id is either unconnected or has no load
WARNING: [Synth 8-7129] Port capture_1 in module xsdbm_v3_0_0_xsdbm_id is either unconnected or has no load
WARNING: [Synth 8-7129] Port reset_1 in module xsdbm_v3_0_0_xsdbm_id is either unconnected or has no load
WARNING: [Synth 8-7129] Port runtest_1 in module xsdbm_v3_0_0_xsdbm_id is either unconnected or has no load
WARNING: [Synth 8-7129] Port tms_1 in module xsdbm_v3_0_0_xsdbm_id is either unconnected or has no load
WARNING: [Synth 8-7129] Port tck_1 in module xsdbm_v3_0_0_xsdbm_id is either unconnected or has no load
WARNING: [Synth 8-7129] Port tdi_1 in module xsdbm_v3_0_0_xsdbm_id is either unconnected or has no load
WARNING: [Synth 8-7129] Port sel_1 in module xsdbm_v3_0_0_xsdbm_id is either unconnected or has no load
WARNING: [Synth 8-7129] Port shift_1 in module xsdbm_v3_0_0_xsdbm_id is either unconnected or has no load
WARNING: [Synth 8-7129] Port drck_1 in module xsdbm_v3_0_0_xsdbm_id is either unconnected or has no load
WARNING: [Synth 8-7129] Port update_2 in module xsdbm_v3_0_0_xsdbm_id is either unconnected or has no load
WARNING: [Synth 8-7129] Port capture_2 in module xsdbm_v3_0_0_xsdbm_id is either unconnected or has no load
WARNING: [Synth 8-7129] Port reset_2 in module xsdbm_v3_0_0_xsdbm_id is either unconnected or has no load
WARNING: [Synth 8-7129] Port runtest_2 in module xsdbm_v3_0_0_xsdbm_id is either unconnected or has no load
WARNING: [Synth 8-7129] Port tms_2 in module xsdbm_v3_0_0_xsdbm_id is either unconnected or has no load
WARNING: [Synth 8-7129] Port tck_2 in module xsdbm_v3_0_0_xsdbm_id is either unconnected or has no load
WARNING: [Synth 8-7129] Port tdi_2 in module xsdbm_v3_0_0_xsdbm_id is either unconnected or has no load
WARNING: [Synth 8-7129] Port sel_2 in module xsdbm_v3_0_0_xsdbm_id is either unconnected or has no load
WARNING: [Synth 8-7129] Port shift_2 in module xsdbm_v3_0_0_xsdbm_id is either unconnected or has no load
WARNING: [Synth 8-7129] Port drck_2 in module xsdbm_v3_0_0_xsdbm_id is either unconnected or has no load
WARNING: [Synth 8-7129] Port update_3 in module xsdbm_v3_0_0_xsdbm_id is either unconnected or has no load
WARNING: [Synth 8-7129] Port capture_3 in module xsdbm_v3_0_0_xsdbm_id is either unconnected or has no load
WARNING: [Synth 8-7129] Port reset_3 in module xsdbm_v3_0_0_xsdbm_id is either unconnected or has no load
WARNING: [Synth 8-7129] Port runtest_3 in module xsdbm_v3_0_0_xsdbm_id is either unconnected or has no load
WARNING: [Synth 8-7129] Port tms_3 in module xsdbm_v3_0_0_xsdbm_id is either unconnected or has no load
WARNING: [Synth 8-7129] Port tck_3 in module xsdbm_v3_0_0_xsdbm_id is either unconnected or has no load
WARNING: [Synth 8-7129] Port tdi_3 in module xsdbm_v3_0_0_xsdbm_id is either unconnected or has no load
WARNING: [Synth 8-7129] Port sel_3 in module xsdbm_v3_0_0_xsdbm_id is either unconnected or has no load
WARNING: [Synth 8-7129] Port shift_3 in module xsdbm_v3_0_0_xsdbm_id is either unconnected or has no load
WARNING: [Synth 8-7129] Port drck_3 in module xsdbm_v3_0_0_xsdbm_id is either unconnected or has no load
WARNING: [Synth 8-7129] Port update_4 in module xsdbm_v3_0_0_xsdbm_id is either unconnected or has no load
WARNING: [Synth 8-7129] Port capture_4 in module xsdbm_v3_0_0_xsdbm_id is either unconnected or has no load
WARNING: [Synth 8-7129] Port reset_4 in module xsdbm_v3_0_0_xsdbm_id is either unconnected or has no load
WARNING: [Synth 8-7129] Port runtest_4 in module xsdbm_v3_0_0_xsdbm_id is either unconnected or has no load
WARNING: [Synth 8-7129] Port tms_4 in module xsdbm_v3_0_0_xsdbm_id is either unconnected or has no load
WARNING: [Synth 8-7129] Port tck_4 in module xsdbm_v3_0_0_xsdbm_id is either unconnected or has no load
WARNING: [Synth 8-7129] Port tdi_4 in module xsdbm_v3_0_0_xsdbm_id is either unconnected or has no load
WARNING: [Synth 8-7129] Port sel_4 in module xsdbm_v3_0_0_xsdbm_id is either unconnected or has no load
WARNING: [Synth 8-7129] Port shift_4 in module xsdbm_v3_0_0_xsdbm_id is either unconnected or has no load
WARNING: [Synth 8-7129] Port drck_4 in module xsdbm_v3_0_0_xsdbm_id is either unconnected or has no load
WARNING: [Synth 8-7129] Port update_5 in module xsdbm_v3_0_0_xsdbm_id is either unconnected or has no load
WARNING: [Synth 8-7129] Port capture_5 in module xsdbm_v3_0_0_xsdbm_id is either unconnected or has no load
WARNING: [Synth 8-7129] Port reset_5 in module xsdbm_v3_0_0_xsdbm_id is either unconnected or has no load
WARNING: [Synth 8-7129] Port runtest_5 in module xsdbm_v3_0_0_xsdbm_id is either unconnected or has no load
WARNING: [Synth 8-7129] Port tms_5 in module xsdbm_v3_0_0_xsdbm_id is either unconnected or has no load
WARNING: [Synth 8-7129] Port tck_5 in module xsdbm_v3_0_0_xsdbm_id is either unconnected or has no load
WARNING: [Synth 8-7129] Port tdi_5 in module xsdbm_v3_0_0_xsdbm_id is either unconnected or has no load
WARNING: [Synth 8-7129] Port sel_5 in module xsdbm_v3_0_0_xsdbm_id is either unconnected or has no load
WARNING: [Synth 8-7129] Port shift_5 in module xsdbm_v3_0_0_xsdbm_id is either unconnected or has no load
WARNING: [Synth 8-7129] Port drck_5 in module xsdbm_v3_0_0_xsdbm_id is either unconnected or has no load
WARNING: [Synth 8-7129] Port update_6 in module xsdbm_v3_0_0_xsdbm_id is either unconnected or has no load
WARNING: [Synth 8-7129] Port capture_6 in module xsdbm_v3_0_0_xsdbm_id is either unconnected or has no load
WARNING: [Synth 8-7129] Port reset_6 in module xsdbm_v3_0_0_xsdbm_id is either unconnected or has no load
WARNING: [Synth 8-7129] Port runtest_6 in module xsdbm_v3_0_0_xsdbm_id is either unconnected or has no load
WARNING: [Synth 8-7129] Port tms_6 in module xsdbm_v3_0_0_xsdbm_id is either unconnected or has no load
WARNING: [Synth 8-7129] Port tck_6 in module xsdbm_v3_0_0_xsdbm_id is either unconnected or has no load
WARNING: [Synth 8-7129] Port tdi_6 in module xsdbm_v3_0_0_xsdbm_id is either unconnected or has no load
WARNING: [Synth 8-7129] Port sel_6 in module xsdbm_v3_0_0_xsdbm_id is either unconnected or has no load
WARNING: [Synth 8-7129] Port shift_6 in module xsdbm_v3_0_0_xsdbm_id is either unconnected or has no load
WARNING: [Synth 8-7129] Port drck_6 in module xsdbm_v3_0_0_xsdbm_id is either unconnected or has no load
WARNING: [Synth 8-7129] Port update_7 in module xsdbm_v3_0_0_xsdbm_id is either unconnected or has no load
WARNING: [Synth 8-7129] Port capture_7 in module xsdbm_v3_0_0_xsdbm_id is either unconnected or has no load
WARNING: [Synth 8-7129] Port reset_7 in module xsdbm_v3_0_0_xsdbm_id is either unconnected or has no load
WARNING: [Synth 8-7129] Port runtest_7 in module xsdbm_v3_0_0_xsdbm_id is either unconnected or has no load
WARNING: [Synth 8-7129] Port tms_7 in module xsdbm_v3_0_0_xsdbm_id is either unconnected or has no load
WARNING: [Synth 8-7129] Port tck_7 in module xsdbm_v3_0_0_xsdbm_id is either unconnected or has no load
WARNING: [Synth 8-7129] Port tdi_7 in module xsdbm_v3_0_0_xsdbm_id is either unconnected or has no load
WARNING: [Synth 8-7129] Port sel_7 in module xsdbm_v3_0_0_xsdbm_id is either unconnected or has no load
WARNING: [Synth 8-7129] Port shift_7 in module xsdbm_v3_0_0_xsdbm_id is either unconnected or has no load
WARNING: [Synth 8-7129] Port drck_7 in module xsdbm_v3_0_0_xsdbm_id is either unconnected or has no load
WARNING: [Synth 8-7129] Port update_8 in module xsdbm_v3_0_0_xsdbm_id is either unconnected or has no load
WARNING: [Synth 8-7129] Port capture_8 in module xsdbm_v3_0_0_xsdbm_id is either unconnected or has no load
WARNING: [Synth 8-7129] Port reset_8 in module xsdbm_v3_0_0_xsdbm_id is either unconnected or has no load
WARNING: [Synth 8-7129] Port runtest_8 in module xsdbm_v3_0_0_xsdbm_id is either unconnected or has no load
WARNING: [Synth 8-7129] Port tms_8 in module xsdbm_v3_0_0_xsdbm_id is either unconnected or has no load
WARNING: [Synth 8-7129] Port tck_8 in module xsdbm_v3_0_0_xsdbm_id is either unconnected or has no load
WARNING: [Synth 8-7129] Port tdi_8 in module xsdbm_v3_0_0_xsdbm_id is either unconnected or has no load
WARNING: [Synth 8-7129] Port sel_8 in module xsdbm_v3_0_0_xsdbm_id is either unconnected or has no load
WARNING: [Synth 8-7129] Port shift_8 in module xsdbm_v3_0_0_xsdbm_id is either unconnected or has no load
WARNING: [Synth 8-7129] Port drck_8 in module xsdbm_v3_0_0_xsdbm_id is either unconnected or has no load
WARNING: [Synth 8-7129] Port update_9 in module xsdbm_v3_0_0_xsdbm_id is either unconnected or has no load
WARNING: [Synth 8-7129] Port capture_9 in module xsdbm_v3_0_0_xsdbm_id is either unconnected or has no load
WARNING: [Synth 8-7129] Port reset_9 in module xsdbm_v3_0_0_xsdbm_id is either unconnected or has no load
WARNING: [Synth 8-7129] Port runtest_9 in module xsdbm_v3_0_0_xsdbm_id is either unconnected or has no load
WARNING: [Synth 8-7129] Port tms_9 in module xsdbm_v3_0_0_xsdbm_id is either unconnected or has no load
WARNING: [Synth 8-7129] Port tck_9 in module xsdbm_v3_0_0_xsdbm_id is either unconnected or has no load
WARNING: [Synth 8-7129] Port tdi_9 in module xsdbm_v3_0_0_xsdbm_id is either unconnected or has no load
WARNING: [Synth 8-7129] Port sel_9 in module xsdbm_v3_0_0_xsdbm_id is either unconnected or has no load
WARNING: [Synth 8-7129] Port shift_9 in module xsdbm_v3_0_0_xsdbm_id is either unconnected or has no load
WARNING: [Synth 8-7129] Port drck_9 in module xsdbm_v3_0_0_xsdbm_id is either unconnected or has no load
INFO: [Common 17-14] Message 'Synth 8-7129' appears 100 times and further instances of the messages will be disabled. Use the Tcl command set_msg_config to change the current settings.
---------------------------------------------------------------------------------
Finished RTL Elaboration : Time (s): cpu = 00:00:10 ; elapsed = 00:00:12 . Memory (MB): peak = 3243.516 ; gain = 418.598 ; free physical = 13210 ; free virtual = 15254
Synthesis current peak Physical Memory [PSS] (MB): peak = 2423.747; parent = 2281.240; children = 144.167
Synthesis current peak Virtual Memory [VSS] (MB): peak = 4261.383; parent = 3243.520; children = 1017.863
---------------------------------------------------------------------------------
---------------------------------------------------------------------------------
Start Handling Custom Attributes
---------------------------------------------------------------------------------
---------------------------------------------------------------------------------
Finished Handling Custom Attributes : Time (s): cpu = 00:00:10 ; elapsed = 00:00:12 . Memory (MB): peak = 3258.359 ; gain = 433.441 ; free physical = 13188 ; free virtual = 15231
Synthesis current peak Physical Memory [PSS] (MB): peak = 2423.747; parent = 2281.240; children = 144.167
Synthesis current peak Virtual Memory [VSS] (MB): peak = 4276.227; parent = 3258.363; children = 1017.863
---------------------------------------------------------------------------------
---------------------------------------------------------------------------------
Finished RTL Optimization Phase 1 : Time (s): cpu = 00:00:10 ; elapsed = 00:00:12 . Memory (MB): peak = 3258.359 ; gain = 433.441 ; free physical = 13177 ; free virtual = 15220
Synthesis current peak Physical Memory [PSS] (MB): peak = 2423.747; parent = 2281.240; children = 144.167
Synthesis current peak Virtual Memory [VSS] (MB): peak = 4276.227; parent = 3258.363; children = 1017.863
---------------------------------------------------------------------------------
Netlist sorting complete. Time (s): cpu = 00:00:00.01 ; elapsed = 00:00:00.01 . Memory (MB): peak = 3272.297 ; gain = 0.000 ; free physical = 13263 ; free virtual = 15307
INFO: [Project 1-570] Preparing netlist for logic optimization

Processing XDC Constraints
Initializing timing engine
Parsing XDC File [/home/agreshil/vivado_projects/fw_i2c_master/apex/control/apex_kria/apex_kria.gen/sources_1/bd/design_1/ip/design_1_debug_bridge_1_0/bd_0/ip/ip_0/bd_0412_xsdbm_0_ooc.xdc] for cell 'inst'
Finished Parsing XDC File [/home/agreshil/vivado_projects/fw_i2c_master/apex/control/apex_kria/apex_kria.gen/sources_1/bd/design_1/ip/design_1_debug_bridge_1_0/bd_0/ip/ip_0/bd_0412_xsdbm_0_ooc.xdc] for cell 'inst'
Parsing XDC File [/home/agreshil/vivado_projects/fw_i2c_master/apex/control/apex_kria/apex_kria.gen/sources_1/bd/design_1/ip/design_1_debug_bridge_1_0/bd_0/ip/ip_0/constraints/xsdbm_cc_early.xdc] for cell 'inst'
Finished Parsing XDC File [/home/agreshil/vivado_projects/fw_i2c_master/apex/control/apex_kria/apex_kria.gen/sources_1/bd/design_1/ip/design_1_debug_bridge_1_0/bd_0/ip/ip_0/constraints/xsdbm_cc_early.xdc] for cell 'inst'
Parsing XDC File [/home/agreshil/vivado_projects/fw_i2c_master/apex/control/apex_kria/apex_kria.runs/bd_0412_xsdbm_0_synth_1/dont_touch.xdc]
Finished Parsing XDC File [/home/agreshil/vivado_projects/fw_i2c_master/apex/control/apex_kria/apex_kria.runs/bd_0412_xsdbm_0_synth_1/dont_touch.xdc]
Parsing XDC File [/home/agreshil/vivado_projects/fw_i2c_master/apex/control/apex_kria/apex_kria.gen/sources_1/bd/design_1/ip/design_1_debug_bridge_1_0/bd_0/ip/ip_0/constraints/xsdbm_cc_late.xdc] for cell 'inst'
Finished Parsing XDC File [/home/agreshil/vivado_projects/fw_i2c_master/apex/control/apex_kria/apex_kria.gen/sources_1/bd/design_1/ip/design_1_debug_bridge_1_0/bd_0/ip/ip_0/constraints/xsdbm_cc_late.xdc] for cell 'inst'
Parsing XDC File [/home/agreshil/vivado_projects/fw_i2c_master/apex/control/apex_kria/apex_kria.gen/sources_1/bd/design_1/ip/design_1_debug_bridge_1_0/bd_0/ip/ip_0/constraints/xsdbm_gc_late.xdc] for cell 'inst'
Finished Parsing XDC File [/home/agreshil/vivado_projects/fw_i2c_master/apex/control/apex_kria/apex_kria.gen/sources_1/bd/design_1/ip/design_1_debug_bridge_1_0/bd_0/ip/ip_0/constraints/xsdbm_gc_late.xdc] for cell 'inst'
Completed Processing XDC Constraints

Netlist sorting complete. Time (s): cpu = 00:00:00 ; elapsed = 00:00:00 . Memory (MB): peak = 3366.141 ; gain = 0.000 ; free physical = 12394 ; free virtual = 14452
INFO: [Project 1-111] Unisim Transformation Summary:
No Unisim elements were transformed.

Constraint Validation Runtime : Time (s): cpu = 00:00:00 ; elapsed = 00:00:00.01 . Memory (MB): peak = 3366.141 ; gain = 0.000 ; free physical = 12392 ; free virtual = 14450
INFO: [Designutils 20-5008] Incremental synthesis strategy off
---------------------------------------------------------------------------------
Finished Constraint Validation : Time (s): cpu = 00:00:20 ; elapsed = 00:00:22 . Memory (MB): peak = 3366.141 ; gain = 541.223 ; free physical = 12556 ; free virtual = 14614
Synthesis current peak Physical Memory [PSS] (MB): peak = 2423.747; parent = 2281.240; children = 144.167
Synthesis current peak Virtual Memory [VSS] (MB): peak = 4351.992; parent = 3334.129; children = 1017.863
---------------------------------------------------------------------------------
---------------------------------------------------------------------------------
Start Loading Part and Timing Information
---------------------------------------------------------------------------------
Loading part: xck26-sfvc784-2LV-c
INFO: [Synth 8-6742] Reading net delay rules and data
---------------------------------------------------------------------------------
Finished Loading Part and Timing Information : Time (s): cpu = 00:00:20 ; elapsed = 00:00:22 . Memory (MB): peak = 3366.141 ; gain = 541.223 ; free physical = 12543 ; free virtual = 14601
Synthesis current peak Physical Memory [PSS] (MB): peak = 2423.747; parent = 2281.240; children = 144.167
Synthesis current peak Virtual Memory [VSS] (MB): peak = 4351.992; parent = 3334.129; children = 1017.863
---------------------------------------------------------------------------------
---------------------------------------------------------------------------------
Start Applying 'set_property' XDC Constraints
---------------------------------------------------------------------------------
Applied set_property KEEP_HIERARCHY = SOFT for inst. (constraint file  /home/agreshil/vivado_projects/fw_i2c_master/apex/control/apex_kria/apex_kria.runs/bd_0412_xsdbm_0_synth_1/dont_touch.xdc, line 6).
---------------------------------------------------------------------------------
Finished applying 'set_property' XDC Constraints : Time (s): cpu = 00:00:20 ; elapsed = 00:00:22 . Memory (MB): peak = 3366.141 ; gain = 541.223 ; free physical = 12518 ; free virtual = 14576
Synthesis current peak Physical Memory [PSS] (MB): peak = 2423.747; parent = 2281.240; children = 144.167
Synthesis current peak Virtual Memory [VSS] (MB): peak = 4351.992; parent = 3334.129; children = 1017.863
---------------------------------------------------------------------------------
---------------------------------------------------------------------------------
Finished RTL Optimization Phase 2 : Time (s): cpu = 00:00:20 ; elapsed = 00:00:23 . Memory (MB): peak = 3366.141 ; gain = 541.223 ; free physical = 12456 ; free virtual = 14515
Synthesis current peak Physical Memory [PSS] (MB): peak = 2423.747; parent = 2281.240; children = 144.167
Synthesis current peak Virtual Memory [VSS] (MB): peak = 4351.992; parent = 3334.129; children = 1017.863
---------------------------------------------------------------------------------
---------------------------------------------------------------------------------
Start RTL Component Statistics 
---------------------------------------------------------------------------------
Detailed RTL Component Info : 
+---Registers : 
	                1 Bit    Registers := 10    
---------------------------------------------------------------------------------
Finished RTL Component Statistics 
---------------------------------------------------------------------------------
---------------------------------------------------------------------------------
Start Part Resource Summary
---------------------------------------------------------------------------------
Part Resources:
DSPs: 1248 (col length:96)
BRAMs: 288 (col length: RAMB18 96 RAMB36 48)
---------------------------------------------------------------------------------
Finished Part Resource Summary
---------------------------------------------------------------------------------
---------------------------------------------------------------------------------
Start Cross Boundary and Area Optimization
---------------------------------------------------------------------------------
WARNING: [Synth 8-7080] Parallel synthesis criteria is not met
---------------------------------------------------------------------------------
Finished Cross Boundary and Area Optimization : Time (s): cpu = 00:00:22 ; elapsed = 00:00:24 . Memory (MB): peak = 3366.141 ; gain = 541.223 ; free physical = 12255 ; free virtual = 14319
Synthesis current peak Physical Memory [PSS] (MB): peak = 2423.747; parent = 2281.240; children = 144.167
Synthesis current peak Virtual Memory [VSS] (MB): peak = 4351.992; parent = 3334.129; children = 1017.863
---------------------------------------------------------------------------------
---------------------------------------------------------------------------------
Start Applying XDC Timing Constraints
---------------------------------------------------------------------------------
---------------------------------------------------------------------------------
Finished Applying XDC Timing Constraints : Time (s): cpu = 00:00:31 ; elapsed = 00:00:35 . Memory (MB): peak = 3674.758 ; gain = 849.840 ; free physical = 10243 ; free virtual = 12310
Synthesis current peak Physical Memory [PSS] (MB): peak = 2794.463; parent = 2651.406; children = 144.167
Synthesis current peak Virtual Memory [VSS] (MB): peak = 4692.625; parent = 3674.762; children = 1017.863
---------------------------------------------------------------------------------
---------------------------------------------------------------------------------
Start Timing Optimization
---------------------------------------------------------------------------------
---------------------------------------------------------------------------------
Finished Timing Optimization : Time (s): cpu = 00:00:31 ; elapsed = 00:00:35 . Memory (MB): peak = 3674.758 ; gain = 849.840 ; free physical = 10237 ; free virtual = 12303
Synthesis current peak Physical Memory [PSS] (MB): peak = 2794.506; parent = 2651.451; children = 144.167
Synthesis current peak Virtual Memory [VSS] (MB): peak = 4692.625; parent = 3674.762; children = 1017.863
---------------------------------------------------------------------------------
---------------------------------------------------------------------------------
Start Technology Mapping
---------------------------------------------------------------------------------
---------------------------------------------------------------------------------
Finished Technology Mapping : Time (s): cpu = 00:00:31 ; elapsed = 00:00:35 . Memory (MB): peak = 3693.789 ; gain = 868.871 ; free physical = 10231 ; free virtual = 12297
Synthesis current peak Physical Memory [PSS] (MB): peak = 2795.269; parent = 2652.215; children = 144.167
Synthesis current peak Virtual Memory [VSS] (MB): peak = 4711.656; parent = 3693.793; children = 1017.863
---------------------------------------------------------------------------------
---------------------------------------------------------------------------------
Start IO Insertion
---------------------------------------------------------------------------------
---------------------------------------------------------------------------------
Start Flattening Before IO Insertion
---------------------------------------------------------------------------------
---------------------------------------------------------------------------------
Finished Flattening Before IO Insertion
---------------------------------------------------------------------------------
---------------------------------------------------------------------------------
Start Final Netlist Cleanup
---------------------------------------------------------------------------------
---------------------------------------------------------------------------------
Finished Final Netlist Cleanup
---------------------------------------------------------------------------------
INFO: [Synth 8-3295] tying undriven pin CAPTURE_inferred:in0 to constant 0
INFO: [Synth 8-3295] tying undriven pin UPDATE_temp_inferred:in0 to constant 0
INFO: [Synth 8-3295] tying undriven pin UPDATE_temp_i_inferred:in0 to constant 0
INFO: [Synth 8-3295] tying undriven pin UPDATE_inferred:in0 to constant 0
INFO: [Synth 8-3295] tying undriven pin SHIFT_inferred:in0 to constant 0
INFO: [Synth 8-3295] tying undriven pin RESET_inferred:in0 to constant 0
INFO: [Synth 8-3295] tying undriven pin TDI_inferred:in0 to constant 0
INFO: [Synth 8-3295] tying undriven pin SEL_inferred:in0 to constant 0
INFO: [Synth 8-3295] tying undriven pin DRCK_inferred:in0 to constant 0
INFO: [Synth 8-3295] tying undriven pin TDO_inferred:in0 to constant 0
INFO: [Synth 8-3295] tying undriven pin RUNTEST_inferred:in0 to constant 0
INFO: [Synth 8-3295] tying undriven pin TCK_inferred:in0 to constant 0
INFO: [Synth 8-3295] tying undriven pin TMS_inferred:in0 to constant 0
INFO: [Synth 8-3295] tying undriven pin bscanid_inferred:in0[31] to constant 0
INFO: [Synth 8-3295] tying undriven pin bscanid_inferred:in0[30] to constant 0
INFO: [Synth 8-3295] tying undriven pin bscanid_inferred:in0[29] to constant 0
INFO: [Synth 8-3295] tying undriven pin bscanid_inferred:in0[28] to constant 0
INFO: [Synth 8-3295] tying undriven pin bscanid_inferred:in0[27] to constant 0
INFO: [Synth 8-3295] tying undriven pin bscanid_inferred:in0[26] to constant 0
INFO: [Synth 8-3295] tying undriven pin bscanid_inferred:in0[25] to constant 0
INFO: [Synth 8-3295] tying undriven pin bscanid_inferred:in0[24] to constant 0
INFO: [Synth 8-3295] tying undriven pin bscanid_inferred:in0[23] to constant 0
INFO: [Synth 8-3295] tying undriven pin bscanid_inferred:in0[22] to constant 0
INFO: [Synth 8-3295] tying undriven pin bscanid_inferred:in0[21] to constant 0
INFO: [Synth 8-3295] tying undriven pin bscanid_inferred:in0[20] to constant 0
INFO: [Synth 8-3295] tying undriven pin bscanid_inferred:in0[19] to constant 0
INFO: [Synth 8-3295] tying undriven pin bscanid_inferred:in0[18] to constant 0
INFO: [Synth 8-3295] tying undriven pin bscanid_inferred:in0[17] to constant 0
INFO: [Synth 8-3295] tying undriven pin bscanid_inferred:in0[16] to constant 0
INFO: [Synth 8-3295] tying undriven pin bscanid_inferred:in0[15] to constant 0
INFO: [Synth 8-3295] tying undriven pin bscanid_inferred:in0[14] to constant 0
INFO: [Synth 8-3295] tying undriven pin bscanid_inferred:in0[13] to constant 0
INFO: [Synth 8-3295] tying undriven pin bscanid_inferred:in0[12] to constant 0
INFO: [Synth 8-3295] tying undriven pin bscanid_inferred:in0[11] to constant 0
INFO: [Synth 8-3295] tying undriven pin bscanid_inferred:in0[10] to constant 0
INFO: [Synth 8-3295] tying undriven pin bscanid_inferred:in0[9] to constant 0
INFO: [Synth 8-3295] tying undriven pin bscanid_inferred:in0[8] to constant 0
INFO: [Synth 8-3295] tying undriven pin bscanid_inferred:in0[7] to constant 0
INFO: [Synth 8-3295] tying undriven pin bscanid_inferred:in0[6] to constant 0
INFO: [Synth 8-3295] tying undriven pin bscanid_inferred:in0[5] to constant 0
INFO: [Synth 8-3295] tying undriven pin bscanid_inferred:in0[4] to constant 0
INFO: [Synth 8-3295] tying undriven pin bscanid_inferred:in0[3] to constant 0
INFO: [Synth 8-3295] tying undriven pin bscanid_inferred:in0[2] to constant 0
INFO: [Synth 8-3295] tying undriven pin bscanid_inferred:in0[1] to constant 0
INFO: [Synth 8-3295] tying undriven pin bscanid_inferred:in0[0] to constant 0
INFO: [Synth 8-3295] tying undriven pin id_state_inferred:in0[1] to constant 0
INFO: [Synth 8-3295] tying undriven pin id_state_inferred:in0[0] to constant 0
---------------------------------------------------------------------------------
Finished IO Insertion : Time (s): cpu = 00:00:35 ; elapsed = 00:00:39 . Memory (MB): peak = 3699.727 ; gain = 874.809 ; free physical = 13209 ; free virtual = 15281
Synthesis current peak Physical Memory [PSS] (MB): peak = 2818.266; parent = 2669.591; children = 148.675
Synthesis current peak Virtual Memory [VSS] (MB): peak = 4717.594; parent = 3699.730; children = 1017.863
---------------------------------------------------------------------------------
---------------------------------------------------------------------------------
Start Renaming Generated Instances
---------------------------------------------------------------------------------
---------------------------------------------------------------------------------
Finished Renaming Generated Instances : Time (s): cpu = 00:00:35 ; elapsed = 00:00:39 . Memory (MB): peak = 3699.727 ; gain = 874.809 ; free physical = 13208 ; free virtual = 15280
Synthesis current peak Physical Memory [PSS] (MB): peak = 2818.266; parent = 2669.591; children = 148.675
Synthesis current peak Virtual Memory [VSS] (MB): peak = 4717.594; parent = 3699.730; children = 1017.863
---------------------------------------------------------------------------------
---------------------------------------------------------------------------------
Start Rebuilding User Hierarchy
---------------------------------------------------------------------------------
---------------------------------------------------------------------------------
Finished Rebuilding User Hierarchy : Time (s): cpu = 00:00:35 ; elapsed = 00:00:39 . Memory (MB): peak = 3699.727 ; gain = 874.809 ; free physical = 13198 ; free virtual = 15270
Synthesis current peak Physical Memory [PSS] (MB): peak = 2818.266; parent = 2669.591; children = 148.675
Synthesis current peak Virtual Memory [VSS] (MB): peak = 4717.594; parent = 3699.730; children = 1017.863
---------------------------------------------------------------------------------
---------------------------------------------------------------------------------
Start Renaming Generated Ports
---------------------------------------------------------------------------------
---------------------------------------------------------------------------------
Finished Renaming Generated Ports : Time (s): cpu = 00:00:35 ; elapsed = 00:00:39 . Memory (MB): peak = 3699.727 ; gain = 874.809 ; free physical = 13195 ; free virtual = 15266
Synthesis current peak Physical Memory [PSS] (MB): peak = 2818.266; parent = 2669.591; children = 148.675
Synthesis current peak Virtual Memory [VSS] (MB): peak = 4717.594; parent = 3699.730; children = 1017.863
---------------------------------------------------------------------------------
---------------------------------------------------------------------------------
Start Handling Custom Attributes
---------------------------------------------------------------------------------
---------------------------------------------------------------------------------
Finished Handling Custom Attributes : Time (s): cpu = 00:00:35 ; elapsed = 00:00:39 . Memory (MB): peak = 3699.727 ; gain = 874.809 ; free physical = 13191 ; free virtual = 15263
Synthesis current peak Physical Memory [PSS] (MB): peak = 2818.266; parent = 2669.591; children = 148.675
Synthesis current peak Virtual Memory [VSS] (MB): peak = 4717.594; parent = 3699.730; children = 1017.863
---------------------------------------------------------------------------------
---------------------------------------------------------------------------------
Start Renaming Generated Nets
---------------------------------------------------------------------------------
---------------------------------------------------------------------------------
Finished Renaming Generated Nets : Time (s): cpu = 00:00:35 ; elapsed = 00:00:39 . Memory (MB): peak = 3699.727 ; gain = 874.809 ; free physical = 13186 ; free virtual = 15258
Synthesis current peak Physical Memory [PSS] (MB): peak = 2818.266; parent = 2669.591; children = 148.675
Synthesis current peak Virtual Memory [VSS] (MB): peak = 4717.594; parent = 3699.730; children = 1017.863
---------------------------------------------------------------------------------
---------------------------------------------------------------------------------
Start Writing Synthesis Report
---------------------------------------------------------------------------------

Report BlackBoxes: 
+-+--------------+----------+
| |BlackBox name |Instances |
+-+--------------+----------+
+-+--------------+----------+

Report Cell Usage: 
+------+-----+------+
|      |Cell |Count |
+------+-----+------+
|1     |LUT1 |    47|
|2     |FDRE |    11|
+------+-----+------+
---------------------------------------------------------------------------------
Finished Writing Synthesis Report : Time (s): cpu = 00:00:35 ; elapsed = 00:00:39 . Memory (MB): peak = 3699.727 ; gain = 874.809 ; free physical = 13192 ; free virtual = 15264
Synthesis current peak Physical Memory [PSS] (MB): peak = 2818.266; parent = 2669.591; children = 148.675
Synthesis current peak Virtual Memory [VSS] (MB): peak = 4717.594; parent = 3699.730; children = 1017.863
---------------------------------------------------------------------------------
Synthesis finished with 0 errors, 0 critical warnings and 994 warnings.
Synthesis Optimization Runtime : Time (s): cpu = 00:00:29 ; elapsed = 00:00:34 . Memory (MB): peak = 3699.727 ; gain = 767.027 ; free physical = 13221 ; free virtual = 15293
Synthesis Optimization Complete : Time (s): cpu = 00:00:35 ; elapsed = 00:00:39 . Memory (MB): peak = 3699.734 ; gain = 874.809 ; free physical = 13217 ; free virtual = 15289
INFO: [Project 1-571] Translating synthesized netlist
Netlist sorting complete. Time (s): cpu = 00:00:00.01 ; elapsed = 00:00:00 . Memory (MB): peak = 3699.734 ; gain = 0.000 ; free physical = 13209 ; free virtual = 15281
INFO: [Project 1-570] Preparing netlist for logic optimization
INFO: [Opt 31-138] Pushed 0 inverter(s) to 0 load pin(s).
Netlist sorting complete. Time (s): cpu = 00:00:00 ; elapsed = 00:00:00 . Memory (MB): peak = 3733.383 ; gain = 0.000 ; free physical = 13027 ; free virtual = 15099
INFO: [Project 1-111] Unisim Transformation Summary:
No Unisim elements were transformed.

Synth Design complete, checksum: 7d4bf5
INFO: [Common 17-83] Releasing license: Synthesis
172 Infos, 201 Warnings, 0 Critical Warnings and 0 Errors encountered.
synth_design completed successfully
synth_design: Time (s): cpu = 00:00:43 ; elapsed = 00:00:45 . Memory (MB): peak = 3733.383 ; gain = 1825.777 ; free physical = 13172 ; free virtual = 15244
INFO: [Common 17-1381] The checkpoint '/home/agreshil/vivado_projects/fw_i2c_master/apex/control/apex_kria/apex_kria.runs/bd_0412_xsdbm_0_synth_1/bd_0412_xsdbm_0.dcp' has been generated.
INFO: [Coretcl 2-1648] Added synthesis output to IP cache for IP bd_0412_xsdbm_0, cache-ID = c5987a1807d2ca40
INFO: [Coretcl 2-1174] Renamed 2 cell refs.
INFO: [Common 17-1381] The checkpoint '/home/agreshil/vivado_projects/fw_i2c_master/apex/control/apex_kria/apex_kria.runs/bd_0412_xsdbm_0_synth_1/bd_0412_xsdbm_0.dcp' has been generated.
INFO: [runtcl-4] Executing : report_utilization -file bd_0412_xsdbm_0_utilization_synth.rpt -pb bd_0412_xsdbm_0_utilization_synth.pb
INFO: [Common 17-206] Exiting Vivado at Wed Aug  9 18:55:58 2023...
