
*** Running vivado
    with args -log design_1_axi_iic_0_0.vds -m64 -product Vivado -mode batch -messageDb vivado.pb -notrace -source design_1_axi_iic_0_0.tcl


****** Vivado v2022.2.2 (64-bit)
  **** SW Build 3788238 on Tue Feb 21 19:59:23 MST 2023
  **** IP Build 3783773 on Tue Feb 21 23:41:56 MST 2023
    ** Copyright 1986-2023 Xilinx, Inc. All Rights Reserved.

source design_1_axi_iic_0_0.tcl -notrace
create_project: Time (s): cpu = 00:00:08 ; elapsed = 00:00:08 . Memory (MB): peak = 1840.762 ; gain = 90.984 ; free physical = 12869 ; free virtual = 14768
INFO: [IP_Flow 19-234] Refreshing IP repositories
INFO: [IP_Flow 19-1700] Loaded user IP repository '/home/agreshil/vivado_projects/fw_i2c_master/apex/control/ip_repo/axis_jtag'.
INFO: [IP_Flow 19-2313] Loaded Vivado IP repository '/tools/Xilinx/Vivado/2022.2/data/ip'.
INFO: [IP_Flow 19-6924] IPCACHE: Running cache check for IP inst: design_1_axi_iic_0_0
Command: synth_design -top design_1_axi_iic_0_0 -part xck26-sfvc784-2LV-c -incremental_mode off -mode out_of_context
Starting synth_design
Attempting to get a license for feature 'Synthesis' and/or device 'xck26'
INFO: [Common 17-349] Got license for feature 'Synthesis' and/or device 'xck26'
INFO: [Device 21-403] Loading part xck26-sfvc784-2LV-c
INFO: [Synth 8-7079] Multithreading enabled for synth_design using a maximum of 4 processes.
INFO: [Synth 8-7078] Launching helper process for spawning children vivado processes
INFO: [Synth 8-7075] Helper process launched with PID 13742
INFO: [Synth 8-11241] undeclared symbol 'REGCCE', assumed default net type 'wire' [/tools/Xilinx/Vivado/2022.2/data/verilog/src/unimacro/BRAM_SINGLE_MACRO.v:2170]
---------------------------------------------------------------------------------
Starting RTL Elaboration : Time (s): cpu = 00:00:06 ; elapsed = 00:00:07 . Memory (MB): peak = 3059.492 ; gain = 237.723 ; free physical = 9912 ; free virtual = 11818
Synthesis current peak Physical Memory [PSS] (MB): peak = 2256.406; parent = 2116.555; children = 139.852
Synthesis current peak Virtual Memory [VSS] (MB): peak = 4049.492; parent = 3062.465; children = 987.027
---------------------------------------------------------------------------------
INFO: [Synth 8-638] synthesizing module 'design_1_axi_iic_0_0' [/home/agreshil/vivado_projects/fw_i2c_master/apex/control/apex_kria/apex_kria.gen/sources_1/bd/design_1/ip/design_1_axi_iic_0_0/synth/design_1_axi_iic_0_0.vhd:91]
	Parameter C_FAMILY bound to: zynquplus - type: string 
	Parameter C_S_AXI_ADDR_WIDTH bound to: 9 - type: integer 
	Parameter C_S_AXI_DATA_WIDTH bound to: 32 - type: integer 
	Parameter C_IIC_FREQ bound to: 100000 - type: integer 
	Parameter C_TEN_BIT_ADR bound to: 0 - type: integer 
	Parameter C_GPO_WIDTH bound to: 1 - type: integer 
	Parameter C_S_AXI_ACLK_FREQ_HZ bound to: 99999001 - type: integer 
	Parameter C_SCL_INERTIAL_DELAY bound to: 10 - type: integer 
	Parameter C_SDA_INERTIAL_DELAY bound to: 10 - type: integer 
	Parameter C_SDA_LEVEL bound to: 1 - type: integer 
	Parameter C_SMBUS_PMBUS_HOST bound to: 0 - type: integer 
	Parameter C_DISABLE_SETUP_VIOLATION_CHECK bound to: 0 - type: integer 
	Parameter C_STATIC_TIMING_REG_WIDTH bound to: 0 - type: integer 
	Parameter C_TIMING_REG_WIDTH bound to: 32 - type: integer 
	Parameter C_DEFAULT_VALUE bound to: 8'b00000000 
INFO: [Synth 8-3491] module 'axi_iic' declared at '/home/agreshil/vivado_projects/fw_i2c_master/apex/control/apex_kria/apex_kria.gen/sources_1/bd/design_1/ipshared/1439/hdl/axi_iic_v2_1_vh_rfs.vhd:6832' bound to instance 'U0' of component 'axi_iic' [/home/agreshil/vivado_projects/fw_i2c_master/apex/control/apex_kria/apex_kria.gen/sources_1/bd/design_1/ip/design_1_axi_iic_0_0/synth/design_1_axi_iic_0_0.vhd:184]
INFO: [Synth 8-638] synthesizing module 'axi_iic' [/home/agreshil/vivado_projects/fw_i2c_master/apex/control/apex_kria/apex_kria.gen/sources_1/bd/design_1/ipshared/1439/hdl/axi_iic_v2_1_vh_rfs.vhd:6906]
INFO: [Synth 8-638] synthesizing module 'iic' [/home/agreshil/vivado_projects/fw_i2c_master/apex/control/apex_kria/apex_kria.gen/sources_1/bd/design_1/ipshared/1439/hdl/axi_iic_v2_1_vh_rfs.vhd:6210]
INFO: [Synth 8-638] synthesizing module 'axi_ipif_ssp1' [/home/agreshil/vivado_projects/fw_i2c_master/apex/control/apex_kria/apex_kria.gen/sources_1/bd/design_1/ipshared/1439/hdl/axi_iic_v2_1_vh_rfs.vhd:5677]
INFO: [Synth 8-638] synthesizing module 'axi_lite_ipif' [/home/agreshil/vivado_projects/fw_i2c_master/apex/control/apex_kria/apex_kria.gen/sources_1/bd/design_1/ipshared/66ea/hdl/axi_lite_ipif_v3_0_vh_rfs.vhd:2948]
INFO: [Synth 8-638] synthesizing module 'slave_attachment' [/home/agreshil/vivado_projects/fw_i2c_master/apex/control/apex_kria/apex_kria.gen/sources_1/bd/design_1/ipshared/66ea/hdl/axi_lite_ipif_v3_0_vh_rfs.vhd:2341]
INFO: [Synth 8-638] synthesizing module 'address_decoder' [/home/agreshil/vivado_projects/fw_i2c_master/apex/control/apex_kria/apex_kria.gen/sources_1/bd/design_1/ipshared/66ea/hdl/axi_lite_ipif_v3_0_vh_rfs.vhd:1775]
INFO: [Synth 8-638] synthesizing module 'pselect_f' [/home/agreshil/vivado_projects/fw_i2c_master/apex/control/apex_kria/apex_kria.gen/sources_1/bd/design_1/ipshared/66ea/hdl/axi_lite_ipif_v3_0_vh_rfs.vhd:1534]
INFO: [Synth 8-256] done synthesizing module 'pselect_f' (0#1) [/home/agreshil/vivado_projects/fw_i2c_master/apex/control/apex_kria/apex_kria.gen/sources_1/bd/design_1/ipshared/66ea/hdl/axi_lite_ipif_v3_0_vh_rfs.vhd:1534]
INFO: [Synth 8-638] synthesizing module 'pselect_f__parameterized0' [/home/agreshil/vivado_projects/fw_i2c_master/apex/control/apex_kria/apex_kria.gen/sources_1/bd/design_1/ipshared/66ea/hdl/axi_lite_ipif_v3_0_vh_rfs.vhd:1534]
INFO: [Synth 8-256] done synthesizing module 'pselect_f__parameterized0' (0#1) [/home/agreshil/vivado_projects/fw_i2c_master/apex/control/apex_kria/apex_kria.gen/sources_1/bd/design_1/ipshared/66ea/hdl/axi_lite_ipif_v3_0_vh_rfs.vhd:1534]
INFO: [Synth 8-638] synthesizing module 'pselect_f__parameterized1' [/home/agreshil/vivado_projects/fw_i2c_master/apex/control/apex_kria/apex_kria.gen/sources_1/bd/design_1/ipshared/66ea/hdl/axi_lite_ipif_v3_0_vh_rfs.vhd:1534]
INFO: [Synth 8-256] done synthesizing module 'pselect_f__parameterized1' (0#1) [/home/agreshil/vivado_projects/fw_i2c_master/apex/control/apex_kria/apex_kria.gen/sources_1/bd/design_1/ipshared/66ea/hdl/axi_lite_ipif_v3_0_vh_rfs.vhd:1534]
INFO: [Synth 8-638] synthesizing module 'pselect_f__parameterized2' [/home/agreshil/vivado_projects/fw_i2c_master/apex/control/apex_kria/apex_kria.gen/sources_1/bd/design_1/ipshared/66ea/hdl/axi_lite_ipif_v3_0_vh_rfs.vhd:1534]
INFO: [Synth 8-256] done synthesizing module 'pselect_f__parameterized2' (0#1) [/home/agreshil/vivado_projects/fw_i2c_master/apex/control/apex_kria/apex_kria.gen/sources_1/bd/design_1/ipshared/66ea/hdl/axi_lite_ipif_v3_0_vh_rfs.vhd:1534]
INFO: [Synth 8-638] synthesizing module 'pselect_f__parameterized3' [/home/agreshil/vivado_projects/fw_i2c_master/apex/control/apex_kria/apex_kria.gen/sources_1/bd/design_1/ipshared/66ea/hdl/axi_lite_ipif_v3_0_vh_rfs.vhd:1534]
INFO: [Synth 8-256] done synthesizing module 'pselect_f__parameterized3' (0#1) [/home/agreshil/vivado_projects/fw_i2c_master/apex/control/apex_kria/apex_kria.gen/sources_1/bd/design_1/ipshared/66ea/hdl/axi_lite_ipif_v3_0_vh_rfs.vhd:1534]
INFO: [Synth 8-638] synthesizing module 'pselect_f__parameterized4' [/home/agreshil/vivado_projects/fw_i2c_master/apex/control/apex_kria/apex_kria.gen/sources_1/bd/design_1/ipshared/66ea/hdl/axi_lite_ipif_v3_0_vh_rfs.vhd:1534]
INFO: [Synth 8-256] done synthesizing module 'pselect_f__parameterized4' (0#1) [/home/agreshil/vivado_projects/fw_i2c_master/apex/control/apex_kria/apex_kria.gen/sources_1/bd/design_1/ipshared/66ea/hdl/axi_lite_ipif_v3_0_vh_rfs.vhd:1534]
INFO: [Synth 8-638] synthesizing module 'pselect_f__parameterized5' [/home/agreshil/vivado_projects/fw_i2c_master/apex/control/apex_kria/apex_kria.gen/sources_1/bd/design_1/ipshared/66ea/hdl/axi_lite_ipif_v3_0_vh_rfs.vhd:1534]
INFO: [Synth 8-256] done synthesizing module 'pselect_f__parameterized5' (0#1) [/home/agreshil/vivado_projects/fw_i2c_master/apex/control/apex_kria/apex_kria.gen/sources_1/bd/design_1/ipshared/66ea/hdl/axi_lite_ipif_v3_0_vh_rfs.vhd:1534]
INFO: [Synth 8-638] synthesizing module 'pselect_f__parameterized6' [/home/agreshil/vivado_projects/fw_i2c_master/apex/control/apex_kria/apex_kria.gen/sources_1/bd/design_1/ipshared/66ea/hdl/axi_lite_ipif_v3_0_vh_rfs.vhd:1534]
INFO: [Synth 8-256] done synthesizing module 'pselect_f__parameterized6' (0#1) [/home/agreshil/vivado_projects/fw_i2c_master/apex/control/apex_kria/apex_kria.gen/sources_1/bd/design_1/ipshared/66ea/hdl/axi_lite_ipif_v3_0_vh_rfs.vhd:1534]
INFO: [Synth 8-638] synthesizing module 'pselect_f__parameterized7' [/home/agreshil/vivado_projects/fw_i2c_master/apex/control/apex_kria/apex_kria.gen/sources_1/bd/design_1/ipshared/66ea/hdl/axi_lite_ipif_v3_0_vh_rfs.vhd:1534]
INFO: [Synth 8-256] done synthesizing module 'pselect_f__parameterized7' (0#1) [/home/agreshil/vivado_projects/fw_i2c_master/apex/control/apex_kria/apex_kria.gen/sources_1/bd/design_1/ipshared/66ea/hdl/axi_lite_ipif_v3_0_vh_rfs.vhd:1534]
INFO: [Synth 8-638] synthesizing module 'pselect_f__parameterized8' [/home/agreshil/vivado_projects/fw_i2c_master/apex/control/apex_kria/apex_kria.gen/sources_1/bd/design_1/ipshared/66ea/hdl/axi_lite_ipif_v3_0_vh_rfs.vhd:1534]
INFO: [Synth 8-256] done synthesizing module 'pselect_f__parameterized8' (0#1) [/home/agreshil/vivado_projects/fw_i2c_master/apex/control/apex_kria/apex_kria.gen/sources_1/bd/design_1/ipshared/66ea/hdl/axi_lite_ipif_v3_0_vh_rfs.vhd:1534]
INFO: [Synth 8-638] synthesizing module 'pselect_f__parameterized9' [/home/agreshil/vivado_projects/fw_i2c_master/apex/control/apex_kria/apex_kria.gen/sources_1/bd/design_1/ipshared/66ea/hdl/axi_lite_ipif_v3_0_vh_rfs.vhd:1534]
INFO: [Synth 8-256] done synthesizing module 'pselect_f__parameterized9' (0#1) [/home/agreshil/vivado_projects/fw_i2c_master/apex/control/apex_kria/apex_kria.gen/sources_1/bd/design_1/ipshared/66ea/hdl/axi_lite_ipif_v3_0_vh_rfs.vhd:1534]
INFO: [Synth 8-638] synthesizing module 'pselect_f__parameterized10' [/home/agreshil/vivado_projects/fw_i2c_master/apex/control/apex_kria/apex_kria.gen/sources_1/bd/design_1/ipshared/66ea/hdl/axi_lite_ipif_v3_0_vh_rfs.vhd:1534]
INFO: [Synth 8-256] done synthesizing module 'pselect_f__parameterized10' (0#1) [/home/agreshil/vivado_projects/fw_i2c_master/apex/control/apex_kria/apex_kria.gen/sources_1/bd/design_1/ipshared/66ea/hdl/axi_lite_ipif_v3_0_vh_rfs.vhd:1534]
INFO: [Synth 8-638] synthesizing module 'pselect_f__parameterized11' [/home/agreshil/vivado_projects/fw_i2c_master/apex/control/apex_kria/apex_kria.gen/sources_1/bd/design_1/ipshared/66ea/hdl/axi_lite_ipif_v3_0_vh_rfs.vhd:1534]
INFO: [Synth 8-256] done synthesizing module 'pselect_f__parameterized11' (0#1) [/home/agreshil/vivado_projects/fw_i2c_master/apex/control/apex_kria/apex_kria.gen/sources_1/bd/design_1/ipshared/66ea/hdl/axi_lite_ipif_v3_0_vh_rfs.vhd:1534]
INFO: [Synth 8-638] synthesizing module 'pselect_f__parameterized12' [/home/agreshil/vivado_projects/fw_i2c_master/apex/control/apex_kria/apex_kria.gen/sources_1/bd/design_1/ipshared/66ea/hdl/axi_lite_ipif_v3_0_vh_rfs.vhd:1534]
INFO: [Synth 8-256] done synthesizing module 'pselect_f__parameterized12' (0#1) [/home/agreshil/vivado_projects/fw_i2c_master/apex/control/apex_kria/apex_kria.gen/sources_1/bd/design_1/ipshared/66ea/hdl/axi_lite_ipif_v3_0_vh_rfs.vhd:1534]
INFO: [Synth 8-638] synthesizing module 'pselect_f__parameterized13' [/home/agreshil/vivado_projects/fw_i2c_master/apex/control/apex_kria/apex_kria.gen/sources_1/bd/design_1/ipshared/66ea/hdl/axi_lite_ipif_v3_0_vh_rfs.vhd:1534]
INFO: [Synth 8-256] done synthesizing module 'pselect_f__parameterized13' (0#1) [/home/agreshil/vivado_projects/fw_i2c_master/apex/control/apex_kria/apex_kria.gen/sources_1/bd/design_1/ipshared/66ea/hdl/axi_lite_ipif_v3_0_vh_rfs.vhd:1534]
INFO: [Synth 8-638] synthesizing module 'pselect_f__parameterized14' [/home/agreshil/vivado_projects/fw_i2c_master/apex/control/apex_kria/apex_kria.gen/sources_1/bd/design_1/ipshared/66ea/hdl/axi_lite_ipif_v3_0_vh_rfs.vhd:1534]
INFO: [Synth 8-256] done synthesizing module 'pselect_f__parameterized14' (0#1) [/home/agreshil/vivado_projects/fw_i2c_master/apex/control/apex_kria/apex_kria.gen/sources_1/bd/design_1/ipshared/66ea/hdl/axi_lite_ipif_v3_0_vh_rfs.vhd:1534]
INFO: [Synth 8-638] synthesizing module 'pselect_f__parameterized15' [/home/agreshil/vivado_projects/fw_i2c_master/apex/control/apex_kria/apex_kria.gen/sources_1/bd/design_1/ipshared/66ea/hdl/axi_lite_ipif_v3_0_vh_rfs.vhd:1534]
INFO: [Synth 8-256] done synthesizing module 'pselect_f__parameterized15' (0#1) [/home/agreshil/vivado_projects/fw_i2c_master/apex/control/apex_kria/apex_kria.gen/sources_1/bd/design_1/ipshared/66ea/hdl/axi_lite_ipif_v3_0_vh_rfs.vhd:1534]
INFO: [Synth 8-638] synthesizing module 'pselect_f__parameterized16' [/home/agreshil/vivado_projects/fw_i2c_master/apex/control/apex_kria/apex_kria.gen/sources_1/bd/design_1/ipshared/66ea/hdl/axi_lite_ipif_v3_0_vh_rfs.vhd:1534]
INFO: [Synth 8-256] done synthesizing module 'pselect_f__parameterized16' (0#1) [/home/agreshil/vivado_projects/fw_i2c_master/apex/control/apex_kria/apex_kria.gen/sources_1/bd/design_1/ipshared/66ea/hdl/axi_lite_ipif_v3_0_vh_rfs.vhd:1534]
INFO: [Synth 8-638] synthesizing module 'pselect_f__parameterized17' [/home/agreshil/vivado_projects/fw_i2c_master/apex/control/apex_kria/apex_kria.gen/sources_1/bd/design_1/ipshared/66ea/hdl/axi_lite_ipif_v3_0_vh_rfs.vhd:1534]
INFO: [Synth 8-256] done synthesizing module 'pselect_f__parameterized17' (0#1) [/home/agreshil/vivado_projects/fw_i2c_master/apex/control/apex_kria/apex_kria.gen/sources_1/bd/design_1/ipshared/66ea/hdl/axi_lite_ipif_v3_0_vh_rfs.vhd:1534]
INFO: [Synth 8-638] synthesizing module 'pselect_f__parameterized18' [/home/agreshil/vivado_projects/fw_i2c_master/apex/control/apex_kria/apex_kria.gen/sources_1/bd/design_1/ipshared/66ea/hdl/axi_lite_ipif_v3_0_vh_rfs.vhd:1534]
INFO: [Synth 8-256] done synthesizing module 'pselect_f__parameterized18' (0#1) [/home/agreshil/vivado_projects/fw_i2c_master/apex/control/apex_kria/apex_kria.gen/sources_1/bd/design_1/ipshared/66ea/hdl/axi_lite_ipif_v3_0_vh_rfs.vhd:1534]
INFO: [Synth 8-638] synthesizing module 'pselect_f__parameterized19' [/home/agreshil/vivado_projects/fw_i2c_master/apex/control/apex_kria/apex_kria.gen/sources_1/bd/design_1/ipshared/66ea/hdl/axi_lite_ipif_v3_0_vh_rfs.vhd:1534]
INFO: [Synth 8-256] done synthesizing module 'pselect_f__parameterized19' (0#1) [/home/agreshil/vivado_projects/fw_i2c_master/apex/control/apex_kria/apex_kria.gen/sources_1/bd/design_1/ipshared/66ea/hdl/axi_lite_ipif_v3_0_vh_rfs.vhd:1534]
INFO: [Synth 8-638] synthesizing module 'pselect_f__parameterized20' [/home/agreshil/vivado_projects/fw_i2c_master/apex/control/apex_kria/apex_kria.gen/sources_1/bd/design_1/ipshared/66ea/hdl/axi_lite_ipif_v3_0_vh_rfs.vhd:1534]
INFO: [Synth 8-256] done synthesizing module 'pselect_f__parameterized20' (0#1) [/home/agreshil/vivado_projects/fw_i2c_master/apex/control/apex_kria/apex_kria.gen/sources_1/bd/design_1/ipshared/66ea/hdl/axi_lite_ipif_v3_0_vh_rfs.vhd:1534]
INFO: [Synth 8-638] synthesizing module 'pselect_f__parameterized21' [/home/agreshil/vivado_projects/fw_i2c_master/apex/control/apex_kria/apex_kria.gen/sources_1/bd/design_1/ipshared/66ea/hdl/axi_lite_ipif_v3_0_vh_rfs.vhd:1534]
INFO: [Synth 8-256] done synthesizing module 'pselect_f__parameterized21' (0#1) [/home/agreshil/vivado_projects/fw_i2c_master/apex/control/apex_kria/apex_kria.gen/sources_1/bd/design_1/ipshared/66ea/hdl/axi_lite_ipif_v3_0_vh_rfs.vhd:1534]
INFO: [Synth 8-638] synthesizing module 'pselect_f__parameterized22' [/home/agreshil/vivado_projects/fw_i2c_master/apex/control/apex_kria/apex_kria.gen/sources_1/bd/design_1/ipshared/66ea/hdl/axi_lite_ipif_v3_0_vh_rfs.vhd:1534]
INFO: [Synth 8-256] done synthesizing module 'pselect_f__parameterized22' (0#1) [/home/agreshil/vivado_projects/fw_i2c_master/apex/control/apex_kria/apex_kria.gen/sources_1/bd/design_1/ipshared/66ea/hdl/axi_lite_ipif_v3_0_vh_rfs.vhd:1534]
INFO: [Synth 8-638] synthesizing module 'pselect_f__parameterized23' [/home/agreshil/vivado_projects/fw_i2c_master/apex/control/apex_kria/apex_kria.gen/sources_1/bd/design_1/ipshared/66ea/hdl/axi_lite_ipif_v3_0_vh_rfs.vhd:1534]
INFO: [Synth 8-256] done synthesizing module 'pselect_f__parameterized23' (0#1) [/home/agreshil/vivado_projects/fw_i2c_master/apex/control/apex_kria/apex_kria.gen/sources_1/bd/design_1/ipshared/66ea/hdl/axi_lite_ipif_v3_0_vh_rfs.vhd:1534]
INFO: [Synth 8-638] synthesizing module 'pselect_f__parameterized24' [/home/agreshil/vivado_projects/fw_i2c_master/apex/control/apex_kria/apex_kria.gen/sources_1/bd/design_1/ipshared/66ea/hdl/axi_lite_ipif_v3_0_vh_rfs.vhd:1534]
INFO: [Synth 8-256] done synthesizing module 'pselect_f__parameterized24' (0#1) [/home/agreshil/vivado_projects/fw_i2c_master/apex/control/apex_kria/apex_kria.gen/sources_1/bd/design_1/ipshared/66ea/hdl/axi_lite_ipif_v3_0_vh_rfs.vhd:1534]
INFO: [Synth 8-638] synthesizing module 'pselect_f__parameterized25' [/home/agreshil/vivado_projects/fw_i2c_master/apex/control/apex_kria/apex_kria.gen/sources_1/bd/design_1/ipshared/66ea/hdl/axi_lite_ipif_v3_0_vh_rfs.vhd:1534]
INFO: [Synth 8-256] done synthesizing module 'pselect_f__parameterized25' (0#1) [/home/agreshil/vivado_projects/fw_i2c_master/apex/control/apex_kria/apex_kria.gen/sources_1/bd/design_1/ipshared/66ea/hdl/axi_lite_ipif_v3_0_vh_rfs.vhd:1534]
INFO: [Synth 8-638] synthesizing module 'pselect_f__parameterized26' [/home/agreshil/vivado_projects/fw_i2c_master/apex/control/apex_kria/apex_kria.gen/sources_1/bd/design_1/ipshared/66ea/hdl/axi_lite_ipif_v3_0_vh_rfs.vhd:1534]
INFO: [Synth 8-256] done synthesizing module 'pselect_f__parameterized26' (0#1) [/home/agreshil/vivado_projects/fw_i2c_master/apex/control/apex_kria/apex_kria.gen/sources_1/bd/design_1/ipshared/66ea/hdl/axi_lite_ipif_v3_0_vh_rfs.vhd:1534]
INFO: [Synth 8-638] synthesizing module 'pselect_f__parameterized27' [/home/agreshil/vivado_projects/fw_i2c_master/apex/control/apex_kria/apex_kria.gen/sources_1/bd/design_1/ipshared/66ea/hdl/axi_lite_ipif_v3_0_vh_rfs.vhd:1534]
INFO: [Synth 8-256] done synthesizing module 'pselect_f__parameterized27' (0#1) [/home/agreshil/vivado_projects/fw_i2c_master/apex/control/apex_kria/apex_kria.gen/sources_1/bd/design_1/ipshared/66ea/hdl/axi_lite_ipif_v3_0_vh_rfs.vhd:1534]
INFO: [Synth 8-638] synthesizing module 'pselect_f__parameterized28' [/home/agreshil/vivado_projects/fw_i2c_master/apex/control/apex_kria/apex_kria.gen/sources_1/bd/design_1/ipshared/66ea/hdl/axi_lite_ipif_v3_0_vh_rfs.vhd:1534]
INFO: [Synth 8-256] done synthesizing module 'pselect_f__parameterized28' (0#1) [/home/agreshil/vivado_projects/fw_i2c_master/apex/control/apex_kria/apex_kria.gen/sources_1/bd/design_1/ipshared/66ea/hdl/axi_lite_ipif_v3_0_vh_rfs.vhd:1534]
INFO: [Synth 8-638] synthesizing module 'pselect_f__parameterized29' [/home/agreshil/vivado_projects/fw_i2c_master/apex/control/apex_kria/apex_kria.gen/sources_1/bd/design_1/ipshared/66ea/hdl/axi_lite_ipif_v3_0_vh_rfs.vhd:1534]
INFO: [Synth 8-256] done synthesizing module 'pselect_f__parameterized29' (0#1) [/home/agreshil/vivado_projects/fw_i2c_master/apex/control/apex_kria/apex_kria.gen/sources_1/bd/design_1/ipshared/66ea/hdl/axi_lite_ipif_v3_0_vh_rfs.vhd:1534]
INFO: [Synth 8-638] synthesizing module 'pselect_f__parameterized30' [/home/agreshil/vivado_projects/fw_i2c_master/apex/control/apex_kria/apex_kria.gen/sources_1/bd/design_1/ipshared/66ea/hdl/axi_lite_ipif_v3_0_vh_rfs.vhd:1534]
INFO: [Synth 8-256] done synthesizing module 'pselect_f__parameterized30' (0#1) [/home/agreshil/vivado_projects/fw_i2c_master/apex/control/apex_kria/apex_kria.gen/sources_1/bd/design_1/ipshared/66ea/hdl/axi_lite_ipif_v3_0_vh_rfs.vhd:1534]
INFO: [Synth 8-638] synthesizing module 'pselect_f__parameterized31' [/home/agreshil/vivado_projects/fw_i2c_master/apex/control/apex_kria/apex_kria.gen/sources_1/bd/design_1/ipshared/66ea/hdl/axi_lite_ipif_v3_0_vh_rfs.vhd:1534]
INFO: [Synth 8-256] done synthesizing module 'pselect_f__parameterized31' (0#1) [/home/agreshil/vivado_projects/fw_i2c_master/apex/control/apex_kria/apex_kria.gen/sources_1/bd/design_1/ipshared/66ea/hdl/axi_lite_ipif_v3_0_vh_rfs.vhd:1534]
INFO: [Synth 8-638] synthesizing module 'pselect_f__parameterized32' [/home/agreshil/vivado_projects/fw_i2c_master/apex/control/apex_kria/apex_kria.gen/sources_1/bd/design_1/ipshared/66ea/hdl/axi_lite_ipif_v3_0_vh_rfs.vhd:1534]
INFO: [Synth 8-256] done synthesizing module 'pselect_f__parameterized32' (0#1) [/home/agreshil/vivado_projects/fw_i2c_master/apex/control/apex_kria/apex_kria.gen/sources_1/bd/design_1/ipshared/66ea/hdl/axi_lite_ipif_v3_0_vh_rfs.vhd:1534]
INFO: [Synth 8-638] synthesizing module 'pselect_f__parameterized33' [/home/agreshil/vivado_projects/fw_i2c_master/apex/control/apex_kria/apex_kria.gen/sources_1/bd/design_1/ipshared/66ea/hdl/axi_lite_ipif_v3_0_vh_rfs.vhd:1534]
INFO: [Synth 8-256] done synthesizing module 'pselect_f__parameterized33' (0#1) [/home/agreshil/vivado_projects/fw_i2c_master/apex/control/apex_kria/apex_kria.gen/sources_1/bd/design_1/ipshared/66ea/hdl/axi_lite_ipif_v3_0_vh_rfs.vhd:1534]
INFO: [Synth 8-638] synthesizing module 'pselect_f__parameterized34' [/home/agreshil/vivado_projects/fw_i2c_master/apex/control/apex_kria/apex_kria.gen/sources_1/bd/design_1/ipshared/66ea/hdl/axi_lite_ipif_v3_0_vh_rfs.vhd:1534]
INFO: [Synth 8-256] done synthesizing module 'pselect_f__parameterized34' (0#1) [/home/agreshil/vivado_projects/fw_i2c_master/apex/control/apex_kria/apex_kria.gen/sources_1/bd/design_1/ipshared/66ea/hdl/axi_lite_ipif_v3_0_vh_rfs.vhd:1534]
INFO: [Synth 8-638] synthesizing module 'pselect_f__parameterized35' [/home/agreshil/vivado_projects/fw_i2c_master/apex/control/apex_kria/apex_kria.gen/sources_1/bd/design_1/ipshared/66ea/hdl/axi_lite_ipif_v3_0_vh_rfs.vhd:1534]
INFO: [Synth 8-256] done synthesizing module 'pselect_f__parameterized35' (0#1) [/home/agreshil/vivado_projects/fw_i2c_master/apex/control/apex_kria/apex_kria.gen/sources_1/bd/design_1/ipshared/66ea/hdl/axi_lite_ipif_v3_0_vh_rfs.vhd:1534]
INFO: [Synth 8-256] done synthesizing module 'address_decoder' (0#1) [/home/agreshil/vivado_projects/fw_i2c_master/apex/control/apex_kria/apex_kria.gen/sources_1/bd/design_1/ipshared/66ea/hdl/axi_lite_ipif_v3_0_vh_rfs.vhd:1775]
INFO: [Synth 8-226] default block is never used [/home/agreshil/vivado_projects/fw_i2c_master/apex/control/apex_kria/apex_kria.gen/sources_1/bd/design_1/ipshared/66ea/hdl/axi_lite_ipif_v3_0_vh_rfs.vhd:2550]
INFO: [Synth 8-256] done synthesizing module 'slave_attachment' (0#1) [/home/agreshil/vivado_projects/fw_i2c_master/apex/control/apex_kria/apex_kria.gen/sources_1/bd/design_1/ipshared/66ea/hdl/axi_lite_ipif_v3_0_vh_rfs.vhd:2341]
INFO: [Synth 8-256] done synthesizing module 'axi_lite_ipif' (0#1) [/home/agreshil/vivado_projects/fw_i2c_master/apex/control/apex_kria/apex_kria.gen/sources_1/bd/design_1/ipshared/66ea/hdl/axi_lite_ipif_v3_0_vh_rfs.vhd:2948]
INFO: [Synth 8-638] synthesizing module 'interrupt_control' [/home/agreshil/vivado_projects/fw_i2c_master/apex/control/apex_kria/apex_kria.gen/sources_1/bd/design_1/ipshared/a040/hdl/interrupt_control_v3_1_vh_rfs.vhd:259]
INFO: [Synth 8-256] done synthesizing module 'interrupt_control' (0#1) [/home/agreshil/vivado_projects/fw_i2c_master/apex/control/apex_kria/apex_kria.gen/sources_1/bd/design_1/ipshared/a040/hdl/interrupt_control_v3_1_vh_rfs.vhd:259]
INFO: [Synth 8-638] synthesizing module 'soft_reset' [/home/agreshil/vivado_projects/fw_i2c_master/apex/control/apex_kria/apex_kria.gen/sources_1/bd/design_1/ipshared/1439/hdl/axi_iic_v2_1_vh_rfs.vhd:141]
INFO: [Synth 8-113] binding component instance 'RST_FLOPS' to cell 'FDRSE' [/home/agreshil/vivado_projects/fw_i2c_master/apex/control/apex_kria/apex_kria.gen/sources_1/bd/design_1/ipshared/1439/hdl/axi_iic_v2_1_vh_rfs.vhd:272]
INFO: [Synth 8-113] binding component instance 'RST_FLOPS' to cell 'FDRSE' [/home/agreshil/vivado_projects/fw_i2c_master/apex/control/apex_kria/apex_kria.gen/sources_1/bd/design_1/ipshared/1439/hdl/axi_iic_v2_1_vh_rfs.vhd:272]
INFO: [Synth 8-113] binding component instance 'RST_FLOPS' to cell 'FDRSE' [/home/agreshil/vivado_projects/fw_i2c_master/apex/control/apex_kria/apex_kria.gen/sources_1/bd/design_1/ipshared/1439/hdl/axi_iic_v2_1_vh_rfs.vhd:272]
INFO: [Synth 8-113] binding component instance 'RST_FLOPS' to cell 'FDRSE' [/home/agreshil/vivado_projects/fw_i2c_master/apex/control/apex_kria/apex_kria.gen/sources_1/bd/design_1/ipshared/1439/hdl/axi_iic_v2_1_vh_rfs.vhd:272]
INFO: [Synth 8-113] binding component instance 'FF_WRACK' to cell 'FDRSE' [/home/agreshil/vivado_projects/fw_i2c_master/apex/control/apex_kria/apex_kria.gen/sources_1/bd/design_1/ipshared/1439/hdl/axi_iic_v2_1_vh_rfs.vhd:295]
INFO: [Synth 8-256] done synthesizing module 'soft_reset' (0#1) [/home/agreshil/vivado_projects/fw_i2c_master/apex/control/apex_kria/apex_kria.gen/sources_1/bd/design_1/ipshared/1439/hdl/axi_iic_v2_1_vh_rfs.vhd:141]
INFO: [Synth 8-256] done synthesizing module 'axi_ipif_ssp1' (0#1) [/home/agreshil/vivado_projects/fw_i2c_master/apex/control/apex_kria/apex_kria.gen/sources_1/bd/design_1/ipshared/1439/hdl/axi_iic_v2_1_vh_rfs.vhd:5677]
INFO: [Synth 8-638] synthesizing module 'reg_interface' [/home/agreshil/vivado_projects/fw_i2c_master/apex/control/apex_kria/apex_kria.gen/sources_1/bd/design_1/ipshared/1439/hdl/axi_iic_v2_1_vh_rfs.vhd:1685]
INFO: [Synth 8-256] done synthesizing module 'reg_interface' (0#1) [/home/agreshil/vivado_projects/fw_i2c_master/apex/control/apex_kria/apex_kria.gen/sources_1/bd/design_1/ipshared/1439/hdl/axi_iic_v2_1_vh_rfs.vhd:1685]
INFO: [Synth 8-638] synthesizing module 'filter' [/home/agreshil/vivado_projects/fw_i2c_master/apex/control/apex_kria/apex_kria.gen/sources_1/bd/design_1/ipshared/1439/hdl/axi_iic_v2_1_vh_rfs.vhd:5001]
INFO: [Synth 8-638] synthesizing module 'debounce' [/home/agreshil/vivado_projects/fw_i2c_master/apex/control/apex_kria/apex_kria.gen/sources_1/bd/design_1/ipshared/1439/hdl/axi_iic_v2_1_vh_rfs.vhd:1315]
INFO: [Synth 8-638] synthesizing module 'cdc_sync' [/home/agreshil/vivado_projects/fw_i2c_master/apex/control/apex_kria/apex_kria.gen/sources_1/bd/design_1/ipshared/ef1e/hdl/lib_cdc_v1_0_rfs.vhd:106]
	Parameter INIT bound to: 1'b0 
INFO: [Synth 8-113] binding component instance 'CROSS_PLEVEL_IN2SCNDRY_IN_cdc_to' to cell 'FDR' [/home/agreshil/vivado_projects/fw_i2c_master/apex/control/apex_kria/apex_kria.gen/sources_1/bd/design_1/ipshared/ef1e/hdl/lib_cdc_v1_0_rfs.vhd:514]
	Parameter INIT bound to: 1'b0 
INFO: [Synth 8-113] binding component instance 'CROSS_PLEVEL_IN2SCNDRY_s_level_out_d2' to cell 'FDR' [/home/agreshil/vivado_projects/fw_i2c_master/apex/control/apex_kria/apex_kria.gen/sources_1/bd/design_1/ipshared/ef1e/hdl/lib_cdc_v1_0_rfs.vhd:545]
	Parameter INIT bound to: 1'b0 
INFO: [Synth 8-113] binding component instance 'CROSS_PLEVEL_IN2SCNDRY_s_level_out_d3' to cell 'FDR' [/home/agreshil/vivado_projects/fw_i2c_master/apex/control/apex_kria/apex_kria.gen/sources_1/bd/design_1/ipshared/ef1e/hdl/lib_cdc_v1_0_rfs.vhd:554]
	Parameter INIT bound to: 1'b0 
INFO: [Synth 8-113] binding component instance 'CROSS_PLEVEL_IN2SCNDRY_s_level_out_d4' to cell 'FDR' [/home/agreshil/vivado_projects/fw_i2c_master/apex/control/apex_kria/apex_kria.gen/sources_1/bd/design_1/ipshared/ef1e/hdl/lib_cdc_v1_0_rfs.vhd:564]
	Parameter INIT bound to: 1'b0 
INFO: [Synth 8-113] binding component instance 'CROSS_PLEVEL_IN2SCNDRY_s_level_out_d5' to cell 'FDR' [/home/agreshil/vivado_projects/fw_i2c_master/apex/control/apex_kria/apex_kria.gen/sources_1/bd/design_1/ipshared/ef1e/hdl/lib_cdc_v1_0_rfs.vhd:574]
	Parameter INIT bound to: 1'b0 
INFO: [Synth 8-113] binding component instance 'CROSS_PLEVEL_IN2SCNDRY_s_level_out_d6' to cell 'FDR' [/home/agreshil/vivado_projects/fw_i2c_master/apex/control/apex_kria/apex_kria.gen/sources_1/bd/design_1/ipshared/ef1e/hdl/lib_cdc_v1_0_rfs.vhd:584]
INFO: [Synth 8-256] done synthesizing module 'cdc_sync' (0#1) [/home/agreshil/vivado_projects/fw_i2c_master/apex/control/apex_kria/apex_kria.gen/sources_1/bd/design_1/ipshared/ef1e/hdl/lib_cdc_v1_0_rfs.vhd:106]
INFO: [Synth 8-256] done synthesizing module 'debounce' (0#1) [/home/agreshil/vivado_projects/fw_i2c_master/apex/control/apex_kria/apex_kria.gen/sources_1/bd/design_1/ipshared/1439/hdl/axi_iic_v2_1_vh_rfs.vhd:1315]
INFO: [Synth 8-256] done synthesizing module 'filter' (0#1) [/home/agreshil/vivado_projects/fw_i2c_master/apex/control/apex_kria/apex_kria.gen/sources_1/bd/design_1/ipshared/1439/hdl/axi_iic_v2_1_vh_rfs.vhd:5001]
INFO: [Synth 8-638] synthesizing module 'iic_control' [/home/agreshil/vivado_projects/fw_i2c_master/apex/control/apex_kria/apex_kria.gen/sources_1/bd/design_1/ipshared/1439/hdl/axi_iic_v2_1_vh_rfs.vhd:2919]
INFO: [Synth 8-638] synthesizing module 'upcnt_n' [/home/agreshil/vivado_projects/fw_i2c_master/apex/control/apex_kria/apex_kria.gen/sources_1/bd/design_1/ipshared/1439/hdl/axi_iic_v2_1_vh_rfs.vhd:740]
INFO: [Synth 8-256] done synthesizing module 'upcnt_n' (0#1) [/home/agreshil/vivado_projects/fw_i2c_master/apex/control/apex_kria/apex_kria.gen/sources_1/bd/design_1/ipshared/1439/hdl/axi_iic_v2_1_vh_rfs.vhd:740]
INFO: [Synth 8-638] synthesizing module 'shift8' [/home/agreshil/vivado_projects/fw_i2c_master/apex/control/apex_kria/apex_kria.gen/sources_1/bd/design_1/ipshared/1439/hdl/axi_iic_v2_1_vh_rfs.vhd:897]
INFO: [Synth 8-256] done synthesizing module 'shift8' (0#1) [/home/agreshil/vivado_projects/fw_i2c_master/apex/control/apex_kria/apex_kria.gen/sources_1/bd/design_1/ipshared/1439/hdl/axi_iic_v2_1_vh_rfs.vhd:897]
INFO: [Synth 8-638] synthesizing module 'upcnt_n__parameterized0' [/home/agreshil/vivado_projects/fw_i2c_master/apex/control/apex_kria/apex_kria.gen/sources_1/bd/design_1/ipshared/1439/hdl/axi_iic_v2_1_vh_rfs.vhd:740]
INFO: [Synth 8-256] done synthesizing module 'upcnt_n__parameterized0' (0#1) [/home/agreshil/vivado_projects/fw_i2c_master/apex/control/apex_kria/apex_kria.gen/sources_1/bd/design_1/ipshared/1439/hdl/axi_iic_v2_1_vh_rfs.vhd:740]
INFO: [Synth 8-256] done synthesizing module 'iic_control' (0#1) [/home/agreshil/vivado_projects/fw_i2c_master/apex/control/apex_kria/apex_kria.gen/sources_1/bd/design_1/ipshared/1439/hdl/axi_iic_v2_1_vh_rfs.vhd:2919]
INFO: [Synth 8-638] synthesizing module 'SRL_FIFO' [/home/agreshil/vivado_projects/fw_i2c_master/apex/control/apex_kria/apex_kria.gen/sources_1/bd/design_1/ipshared/1439/hdl/axi_iic_v2_1_vh_rfs.vhd:449]
INFO: [Synth 8-3491] module 'FDR' declared at '/tools/Xilinx/Vivado/2022.2/scripts/rt/data/unisim_comp.v:38695' bound to instance 'Data_Exists_DFF' of component 'FDR' [/home/agreshil/vivado_projects/fw_i2c_master/apex/control/apex_kria/apex_kria.gen/sources_1/bd/design_1/ipshared/1439/hdl/axi_iic_v2_1_vh_rfs.vhd:543]
INFO: [Synth 8-6157] synthesizing module 'FDR' [/tools/Xilinx/Vivado/2022.2/scripts/rt/data/unisim_comp.v:38695]
INFO: [Synth 8-6155] done synthesizing module 'FDR' (0#1) [/tools/Xilinx/Vivado/2022.2/scripts/rt/data/unisim_comp.v:38695]
INFO: [Synth 8-3491] module 'MUXCY_L' declared at '/tools/Xilinx/Vivado/2022.2/scripts/rt/data/unisim_comp.v:82830' bound to instance 'MUXCY_L_I' of component 'MUXCY_L' [/home/agreshil/vivado_projects/fw_i2c_master/apex/control/apex_kria/apex_kria.gen/sources_1/bd/design_1/ipshared/1439/hdl/axi_iic_v2_1_vh_rfs.vhd:560]
INFO: [Synth 8-6157] synthesizing module 'MUXCY_L' [/tools/Xilinx/Vivado/2022.2/scripts/rt/data/unisim_comp.v:82830]
INFO: [Synth 8-6155] done synthesizing module 'MUXCY_L' (0#1) [/tools/Xilinx/Vivado/2022.2/scripts/rt/data/unisim_comp.v:82830]
INFO: [Synth 8-3491] module 'XORCY' declared at '/tools/Xilinx/Vivado/2022.2/scripts/rt/data/unisim_comp.v:137043' bound to instance 'XORCY_I' of component 'XORCY' [/home/agreshil/vivado_projects/fw_i2c_master/apex/control/apex_kria/apex_kria.gen/sources_1/bd/design_1/ipshared/1439/hdl/axi_iic_v2_1_vh_rfs.vhd:567]
INFO: [Synth 8-6157] synthesizing module 'XORCY' [/tools/Xilinx/Vivado/2022.2/scripts/rt/data/unisim_comp.v:137043]
INFO: [Synth 8-6155] done synthesizing module 'XORCY' (0#1) [/tools/Xilinx/Vivado/2022.2/scripts/rt/data/unisim_comp.v:137043]
INFO: [Synth 8-3491] module 'FDRE' declared at '/tools/Xilinx/Vivado/2022.2/scripts/rt/data/unisim_comp.v:38708' bound to instance 'FDRE_I' of component 'FDRE' [/home/agreshil/vivado_projects/fw_i2c_master/apex/control/apex_kria/apex_kria.gen/sources_1/bd/design_1/ipshared/1439/hdl/axi_iic_v2_1_vh_rfs.vhd:573]
INFO: [Synth 8-6157] synthesizing module 'FDRE' [/tools/Xilinx/Vivado/2022.2/scripts/rt/data/unisim_comp.v:38708]
INFO: [Synth 8-6155] done synthesizing module 'FDRE' (0#1) [/tools/Xilinx/Vivado/2022.2/scripts/rt/data/unisim_comp.v:38708]
INFO: [Synth 8-3491] module 'MUXCY_L' declared at '/tools/Xilinx/Vivado/2022.2/scripts/rt/data/unisim_comp.v:82830' bound to instance 'MUXCY_L_I' of component 'MUXCY_L' [/home/agreshil/vivado_projects/fw_i2c_master/apex/control/apex_kria/apex_kria.gen/sources_1/bd/design_1/ipshared/1439/hdl/axi_iic_v2_1_vh_rfs.vhd:560]
INFO: [Synth 8-3491] module 'XORCY' declared at '/tools/Xilinx/Vivado/2022.2/scripts/rt/data/unisim_comp.v:137043' bound to instance 'XORCY_I' of component 'XORCY' [/home/agreshil/vivado_projects/fw_i2c_master/apex/control/apex_kria/apex_kria.gen/sources_1/bd/design_1/ipshared/1439/hdl/axi_iic_v2_1_vh_rfs.vhd:567]
INFO: [Synth 8-3491] module 'FDRE' declared at '/tools/Xilinx/Vivado/2022.2/scripts/rt/data/unisim_comp.v:38708' bound to instance 'FDRE_I' of component 'FDRE' [/home/agreshil/vivado_projects/fw_i2c_master/apex/control/apex_kria/apex_kria.gen/sources_1/bd/design_1/ipshared/1439/hdl/axi_iic_v2_1_vh_rfs.vhd:573]
INFO: [Synth 8-3491] module 'MUXCY_L' declared at '/tools/Xilinx/Vivado/2022.2/scripts/rt/data/unisim_comp.v:82830' bound to instance 'MUXCY_L_I' of component 'MUXCY_L' [/home/agreshil/vivado_projects/fw_i2c_master/apex/control/apex_kria/apex_kria.gen/sources_1/bd/design_1/ipshared/1439/hdl/axi_iic_v2_1_vh_rfs.vhd:560]
INFO: [Synth 8-3491] module 'XORCY' declared at '/tools/Xilinx/Vivado/2022.2/scripts/rt/data/unisim_comp.v:137043' bound to instance 'XORCY_I' of component 'XORCY' [/home/agreshil/vivado_projects/fw_i2c_master/apex/control/apex_kria/apex_kria.gen/sources_1/bd/design_1/ipshared/1439/hdl/axi_iic_v2_1_vh_rfs.vhd:567]
INFO: [Synth 8-3491] module 'FDRE' declared at '/tools/Xilinx/Vivado/2022.2/scripts/rt/data/unisim_comp.v:38708' bound to instance 'FDRE_I' of component 'FDRE' [/home/agreshil/vivado_projects/fw_i2c_master/apex/control/apex_kria/apex_kria.gen/sources_1/bd/design_1/ipshared/1439/hdl/axi_iic_v2_1_vh_rfs.vhd:573]
INFO: [Synth 8-3491] module 'MUXCY_L' declared at '/tools/Xilinx/Vivado/2022.2/scripts/rt/data/unisim_comp.v:82830' bound to instance 'MUXCY_L_I' of component 'MUXCY_L' [/home/agreshil/vivado_projects/fw_i2c_master/apex/control/apex_kria/apex_kria.gen/sources_1/bd/design_1/ipshared/1439/hdl/axi_iic_v2_1_vh_rfs.vhd:560]
INFO: [Synth 8-3491] module 'XORCY' declared at '/tools/Xilinx/Vivado/2022.2/scripts/rt/data/unisim_comp.v:137043' bound to instance 'XORCY_I' of component 'XORCY' [/home/agreshil/vivado_projects/fw_i2c_master/apex/control/apex_kria/apex_kria.gen/sources_1/bd/design_1/ipshared/1439/hdl/axi_iic_v2_1_vh_rfs.vhd:567]
INFO: [Synth 8-3491] module 'FDRE' declared at '/tools/Xilinx/Vivado/2022.2/scripts/rt/data/unisim_comp.v:38708' bound to instance 'FDRE_I' of component 'FDRE' [/home/agreshil/vivado_projects/fw_i2c_master/apex/control/apex_kria/apex_kria.gen/sources_1/bd/design_1/ipshared/1439/hdl/axi_iic_v2_1_vh_rfs.vhd:573]
INFO: [Synth 8-3491] module 'SRL16E' declared at '/tools/Xilinx/Vivado/2022.2/scripts/rt/data/unisim_comp.v:132148' bound to instance 'SRL16E_I' of component 'SRL16E' [/home/agreshil/vivado_projects/fw_i2c_master/apex/control/apex_kria/apex_kria.gen/sources_1/bd/design_1/ipshared/1439/hdl/axi_iic_v2_1_vh_rfs.vhd:584]
INFO: [Synth 8-6157] synthesizing module 'SRL16E' [/tools/Xilinx/Vivado/2022.2/scripts/rt/data/unisim_comp.v:132148]
INFO: [Synth 8-6155] done synthesizing module 'SRL16E' (0#1) [/tools/Xilinx/Vivado/2022.2/scripts/rt/data/unisim_comp.v:132148]
INFO: [Synth 8-3491] module 'SRL16E' declared at '/tools/Xilinx/Vivado/2022.2/scripts/rt/data/unisim_comp.v:132148' bound to instance 'SRL16E_I' of component 'SRL16E' [/home/agreshil/vivado_projects/fw_i2c_master/apex/control/apex_kria/apex_kria.gen/sources_1/bd/design_1/ipshared/1439/hdl/axi_iic_v2_1_vh_rfs.vhd:584]
INFO: [Synth 8-3491] module 'SRL16E' declared at '/tools/Xilinx/Vivado/2022.2/scripts/rt/data/unisim_comp.v:132148' bound to instance 'SRL16E_I' of component 'SRL16E' [/home/agreshil/vivado_projects/fw_i2c_master/apex/control/apex_kria/apex_kria.gen/sources_1/bd/design_1/ipshared/1439/hdl/axi_iic_v2_1_vh_rfs.vhd:584]
INFO: [Synth 8-3491] module 'SRL16E' declared at '/tools/Xilinx/Vivado/2022.2/scripts/rt/data/unisim_comp.v:132148' bound to instance 'SRL16E_I' of component 'SRL16E' [/home/agreshil/vivado_projects/fw_i2c_master/apex/control/apex_kria/apex_kria.gen/sources_1/bd/design_1/ipshared/1439/hdl/axi_iic_v2_1_vh_rfs.vhd:584]
INFO: [Synth 8-3491] module 'SRL16E' declared at '/tools/Xilinx/Vivado/2022.2/scripts/rt/data/unisim_comp.v:132148' bound to instance 'SRL16E_I' of component 'SRL16E' [/home/agreshil/vivado_projects/fw_i2c_master/apex/control/apex_kria/apex_kria.gen/sources_1/bd/design_1/ipshared/1439/hdl/axi_iic_v2_1_vh_rfs.vhd:584]
INFO: [Synth 8-3491] module 'SRL16E' declared at '/tools/Xilinx/Vivado/2022.2/scripts/rt/data/unisim_comp.v:132148' bound to instance 'SRL16E_I' of component 'SRL16E' [/home/agreshil/vivado_projects/fw_i2c_master/apex/control/apex_kria/apex_kria.gen/sources_1/bd/design_1/ipshared/1439/hdl/axi_iic_v2_1_vh_rfs.vhd:584]
INFO: [Synth 8-3491] module 'SRL16E' declared at '/tools/Xilinx/Vivado/2022.2/scripts/rt/data/unisim_comp.v:132148' bound to instance 'SRL16E_I' of component 'SRL16E' [/home/agreshil/vivado_projects/fw_i2c_master/apex/control/apex_kria/apex_kria.gen/sources_1/bd/design_1/ipshared/1439/hdl/axi_iic_v2_1_vh_rfs.vhd:584]
INFO: [Synth 8-3491] module 'SRL16E' declared at '/tools/Xilinx/Vivado/2022.2/scripts/rt/data/unisim_comp.v:132148' bound to instance 'SRL16E_I' of component 'SRL16E' [/home/agreshil/vivado_projects/fw_i2c_master/apex/control/apex_kria/apex_kria.gen/sources_1/bd/design_1/ipshared/1439/hdl/axi_iic_v2_1_vh_rfs.vhd:584]
INFO: [Synth 8-256] done synthesizing module 'SRL_FIFO' (0#1) [/home/agreshil/vivado_projects/fw_i2c_master/apex/control/apex_kria/apex_kria.gen/sources_1/bd/design_1/ipshared/1439/hdl/axi_iic_v2_1_vh_rfs.vhd:449]
INFO: [Synth 8-638] synthesizing module 'dynamic_master' [/home/agreshil/vivado_projects/fw_i2c_master/apex/control/apex_kria/apex_kria.gen/sources_1/bd/design_1/ipshared/1439/hdl/axi_iic_v2_1_vh_rfs.vhd:5220]
INFO: [Synth 8-256] done synthesizing module 'dynamic_master' (0#1) [/home/agreshil/vivado_projects/fw_i2c_master/apex/control/apex_kria/apex_kria.gen/sources_1/bd/design_1/ipshared/1439/hdl/axi_iic_v2_1_vh_rfs.vhd:5220]
INFO: [Synth 8-638] synthesizing module 'SRL_FIFO__parameterized0' [/home/agreshil/vivado_projects/fw_i2c_master/apex/control/apex_kria/apex_kria.gen/sources_1/bd/design_1/ipshared/1439/hdl/axi_iic_v2_1_vh_rfs.vhd:449]
INFO: [Synth 8-3491] module 'FDR' declared at '/tools/Xilinx/Vivado/2022.2/scripts/rt/data/unisim_comp.v:38695' bound to instance 'Data_Exists_DFF' of component 'FDR' [/home/agreshil/vivado_projects/fw_i2c_master/apex/control/apex_kria/apex_kria.gen/sources_1/bd/design_1/ipshared/1439/hdl/axi_iic_v2_1_vh_rfs.vhd:543]
INFO: [Synth 8-3491] module 'MUXCY_L' declared at '/tools/Xilinx/Vivado/2022.2/scripts/rt/data/unisim_comp.v:82830' bound to instance 'MUXCY_L_I' of component 'MUXCY_L' [/home/agreshil/vivado_projects/fw_i2c_master/apex/control/apex_kria/apex_kria.gen/sources_1/bd/design_1/ipshared/1439/hdl/axi_iic_v2_1_vh_rfs.vhd:560]
INFO: [Synth 8-3491] module 'XORCY' declared at '/tools/Xilinx/Vivado/2022.2/scripts/rt/data/unisim_comp.v:137043' bound to instance 'XORCY_I' of component 'XORCY' [/home/agreshil/vivado_projects/fw_i2c_master/apex/control/apex_kria/apex_kria.gen/sources_1/bd/design_1/ipshared/1439/hdl/axi_iic_v2_1_vh_rfs.vhd:567]
INFO: [Synth 8-3491] module 'FDRE' declared at '/tools/Xilinx/Vivado/2022.2/scripts/rt/data/unisim_comp.v:38708' bound to instance 'FDRE_I' of component 'FDRE' [/home/agreshil/vivado_projects/fw_i2c_master/apex/control/apex_kria/apex_kria.gen/sources_1/bd/design_1/ipshared/1439/hdl/axi_iic_v2_1_vh_rfs.vhd:573]
INFO: [Synth 8-3491] module 'MUXCY_L' declared at '/tools/Xilinx/Vivado/2022.2/scripts/rt/data/unisim_comp.v:82830' bound to instance 'MUXCY_L_I' of component 'MUXCY_L' [/home/agreshil/vivado_projects/fw_i2c_master/apex/control/apex_kria/apex_kria.gen/sources_1/bd/design_1/ipshared/1439/hdl/axi_iic_v2_1_vh_rfs.vhd:560]
INFO: [Synth 8-3491] module 'XORCY' declared at '/tools/Xilinx/Vivado/2022.2/scripts/rt/data/unisim_comp.v:137043' bound to instance 'XORCY_I' of component 'XORCY' [/home/agreshil/vivado_projects/fw_i2c_master/apex/control/apex_kria/apex_kria.gen/sources_1/bd/design_1/ipshared/1439/hdl/axi_iic_v2_1_vh_rfs.vhd:567]
INFO: [Synth 8-3491] module 'FDRE' declared at '/tools/Xilinx/Vivado/2022.2/scripts/rt/data/unisim_comp.v:38708' bound to instance 'FDRE_I' of component 'FDRE' [/home/agreshil/vivado_projects/fw_i2c_master/apex/control/apex_kria/apex_kria.gen/sources_1/bd/design_1/ipshared/1439/hdl/axi_iic_v2_1_vh_rfs.vhd:573]
INFO: [Synth 8-3491] module 'MUXCY_L' declared at '/tools/Xilinx/Vivado/2022.2/scripts/rt/data/unisim_comp.v:82830' bound to instance 'MUXCY_L_I' of component 'MUXCY_L' [/home/agreshil/vivado_projects/fw_i2c_master/apex/control/apex_kria/apex_kria.gen/sources_1/bd/design_1/ipshared/1439/hdl/axi_iic_v2_1_vh_rfs.vhd:560]
INFO: [Synth 8-3491] module 'XORCY' declared at '/tools/Xilinx/Vivado/2022.2/scripts/rt/data/unisim_comp.v:137043' bound to instance 'XORCY_I' of component 'XORCY' [/home/agreshil/vivado_projects/fw_i2c_master/apex/control/apex_kria/apex_kria.gen/sources_1/bd/design_1/ipshared/1439/hdl/axi_iic_v2_1_vh_rfs.vhd:567]
INFO: [Synth 8-3491] module 'FDRE' declared at '/tools/Xilinx/Vivado/2022.2/scripts/rt/data/unisim_comp.v:38708' bound to instance 'FDRE_I' of component 'FDRE' [/home/agreshil/vivado_projects/fw_i2c_master/apex/control/apex_kria/apex_kria.gen/sources_1/bd/design_1/ipshared/1439/hdl/axi_iic_v2_1_vh_rfs.vhd:573]
INFO: [Synth 8-3491] module 'MUXCY_L' declared at '/tools/Xilinx/Vivado/2022.2/scripts/rt/data/unisim_comp.v:82830' bound to instance 'MUXCY_L_I' of component 'MUXCY_L' [/home/agreshil/vivado_projects/fw_i2c_master/apex/control/apex_kria/apex_kria.gen/sources_1/bd/design_1/ipshared/1439/hdl/axi_iic_v2_1_vh_rfs.vhd:560]
INFO: [Synth 8-3491] module 'XORCY' declared at '/tools/Xilinx/Vivado/2022.2/scripts/rt/data/unisim_comp.v:137043' bound to instance 'XORCY_I' of component 'XORCY' [/home/agreshil/vivado_projects/fw_i2c_master/apex/control/apex_kria/apex_kria.gen/sources_1/bd/design_1/ipshared/1439/hdl/axi_iic_v2_1_vh_rfs.vhd:567]
INFO: [Synth 8-3491] module 'FDRE' declared at '/tools/Xilinx/Vivado/2022.2/scripts/rt/data/unisim_comp.v:38708' bound to instance 'FDRE_I' of component 'FDRE' [/home/agreshil/vivado_projects/fw_i2c_master/apex/control/apex_kria/apex_kria.gen/sources_1/bd/design_1/ipshared/1439/hdl/axi_iic_v2_1_vh_rfs.vhd:573]
INFO: [Synth 8-3491] module 'SRL16E' declared at '/tools/Xilinx/Vivado/2022.2/scripts/rt/data/unisim_comp.v:132148' bound to instance 'SRL16E_I' of component 'SRL16E' [/home/agreshil/vivado_projects/fw_i2c_master/apex/control/apex_kria/apex_kria.gen/sources_1/bd/design_1/ipshared/1439/hdl/axi_iic_v2_1_vh_rfs.vhd:584]
INFO: [Synth 8-3491] module 'SRL16E' declared at '/tools/Xilinx/Vivado/2022.2/scripts/rt/data/unisim_comp.v:132148' bound to instance 'SRL16E_I' of component 'SRL16E' [/home/agreshil/vivado_projects/fw_i2c_master/apex/control/apex_kria/apex_kria.gen/sources_1/bd/design_1/ipshared/1439/hdl/axi_iic_v2_1_vh_rfs.vhd:584]
INFO: [Synth 8-256] done synthesizing module 'SRL_FIFO__parameterized0' (0#1) [/home/agreshil/vivado_projects/fw_i2c_master/apex/control/apex_kria/apex_kria.gen/sources_1/bd/design_1/ipshared/1439/hdl/axi_iic_v2_1_vh_rfs.vhd:449]
INFO: [Synth 8-256] done synthesizing module 'iic' (0#1) [/home/agreshil/vivado_projects/fw_i2c_master/apex/control/apex_kria/apex_kria.gen/sources_1/bd/design_1/ipshared/1439/hdl/axi_iic_v2_1_vh_rfs.vhd:6210]
INFO: [Synth 8-256] done synthesizing module 'axi_iic' (0#1) [/home/agreshil/vivado_projects/fw_i2c_master/apex/control/apex_kria/apex_kria.gen/sources_1/bd/design_1/ipshared/1439/hdl/axi_iic_v2_1_vh_rfs.vhd:6906]
INFO: [Synth 8-256] done synthesizing module 'design_1_axi_iic_0_0' (0#1) [/home/agreshil/vivado_projects/fw_i2c_master/apex/control/apex_kria/apex_kria.gen/sources_1/bd/design_1/ip/design_1_axi_iic_0_0/synth/design_1_axi_iic_0_0.vhd:91]
WARNING: [Synth 8-6014] Unused sequential element ro_a_reg was removed.  [/home/agreshil/vivado_projects/fw_i2c_master/apex/control/apex_kria/apex_kria.gen/sources_1/bd/design_1/ipshared/1439/hdl/axi_iic_v2_1_vh_rfs.vhd:2281]
WARNING: [Synth 8-6014] Unused sequential element sda_cout_reg_d1_reg was removed.  [/home/agreshil/vivado_projects/fw_i2c_master/apex/control/apex_kria/apex_kria.gen/sources_1/bd/design_1/ipshared/1439/hdl/axi_iic_v2_1_vh_rfs.vhd:3669]
WARNING: [Synth 8-6014] Unused sequential element gen_stop_and_scl_hi_reg was removed.  [/home/agreshil/vivado_projects/fw_i2c_master/apex/control/apex_kria/apex_kria.gen/sources_1/bd/design_1/ipshared/1439/hdl/axi_iic_v2_1_vh_rfs.vhd:3890]
WARNING: [Synth 8-6014] Unused sequential element dynamic_MSMS_d_reg was removed.  [/home/agreshil/vivado_projects/fw_i2c_master/apex/control/apex_kria/apex_kria.gen/sources_1/bd/design_1/ipshared/1439/hdl/axi_iic_v2_1_vh_rfs.vhd:5281]
WARNING: [Synth 8-7129] Port Cr[0] in module dynamic_master is either unconnected or has no load
WARNING: [Synth 8-7129] Port Cr[1] in module dynamic_master is either unconnected or has no load
WARNING: [Synth 8-7129] Port Cr[2] in module dynamic_master is either unconnected or has no load
WARNING: [Synth 8-7129] Port Cr[4] in module dynamic_master is either unconnected or has no load
WARNING: [Synth 8-7129] Port Cr[6] in module dynamic_master is either unconnected or has no load
WARNING: [Synth 8-7129] Port Cr[7] in module dynamic_master is either unconnected or has no load
WARNING: [Synth 8-7129] Port Adr[0] in module iic_control is either unconnected or has no load
WARNING: [Synth 8-7129] Port Ten_adr[7] in module iic_control is either unconnected or has no load
WARNING: [Synth 8-7129] Port Ten_adr[6] in module iic_control is either unconnected or has no load
WARNING: [Synth 8-7129] Port Ten_adr[5] in module iic_control is either unconnected or has no load
WARNING: [Synth 8-7129] Port prmry_aclk in module cdc_sync is either unconnected or has no load
WARNING: [Synth 8-7129] Port prmry_resetn in module cdc_sync is either unconnected or has no load
WARNING: [Synth 8-7129] Port prmry_vect_in[31] in module cdc_sync is either unconnected or has no load
WARNING: [Synth 8-7129] Port prmry_vect_in[30] in module cdc_sync is either unconnected or has no load
WARNING: [Synth 8-7129] Port prmry_vect_in[29] in module cdc_sync is either unconnected or has no load
WARNING: [Synth 8-7129] Port prmry_vect_in[28] in module cdc_sync is either unconnected or has no load
WARNING: [Synth 8-7129] Port prmry_vect_in[27] in module cdc_sync is either unconnected or has no load
WARNING: [Synth 8-7129] Port prmry_vect_in[26] in module cdc_sync is either unconnected or has no load
WARNING: [Synth 8-7129] Port prmry_vect_in[25] in module cdc_sync is either unconnected or has no load
WARNING: [Synth 8-7129] Port prmry_vect_in[24] in module cdc_sync is either unconnected or has no load
WARNING: [Synth 8-7129] Port prmry_vect_in[23] in module cdc_sync is either unconnected or has no load
WARNING: [Synth 8-7129] Port prmry_vect_in[22] in module cdc_sync is either unconnected or has no load
WARNING: [Synth 8-7129] Port prmry_vect_in[21] in module cdc_sync is either unconnected or has no load
WARNING: [Synth 8-7129] Port prmry_vect_in[20] in module cdc_sync is either unconnected or has no load
WARNING: [Synth 8-7129] Port prmry_vect_in[19] in module cdc_sync is either unconnected or has no load
WARNING: [Synth 8-7129] Port prmry_vect_in[18] in module cdc_sync is either unconnected or has no load
WARNING: [Synth 8-7129] Port prmry_vect_in[17] in module cdc_sync is either unconnected or has no load
WARNING: [Synth 8-7129] Port prmry_vect_in[16] in module cdc_sync is either unconnected or has no load
WARNING: [Synth 8-7129] Port prmry_vect_in[15] in module cdc_sync is either unconnected or has no load
WARNING: [Synth 8-7129] Port prmry_vect_in[14] in module cdc_sync is either unconnected or has no load
WARNING: [Synth 8-7129] Port prmry_vect_in[13] in module cdc_sync is either unconnected or has no load
WARNING: [Synth 8-7129] Port prmry_vect_in[12] in module cdc_sync is either unconnected or has no load
WARNING: [Synth 8-7129] Port prmry_vect_in[11] in module cdc_sync is either unconnected or has no load
WARNING: [Synth 8-7129] Port prmry_vect_in[10] in module cdc_sync is either unconnected or has no load
WARNING: [Synth 8-7129] Port prmry_vect_in[9] in module cdc_sync is either unconnected or has no load
WARNING: [Synth 8-7129] Port prmry_vect_in[8] in module cdc_sync is either unconnected or has no load
WARNING: [Synth 8-7129] Port prmry_vect_in[7] in module cdc_sync is either unconnected or has no load
WARNING: [Synth 8-7129] Port prmry_vect_in[6] in module cdc_sync is either unconnected or has no load
WARNING: [Synth 8-7129] Port prmry_vect_in[5] in module cdc_sync is either unconnected or has no load
WARNING: [Synth 8-7129] Port prmry_vect_in[4] in module cdc_sync is either unconnected or has no load
WARNING: [Synth 8-7129] Port prmry_vect_in[3] in module cdc_sync is either unconnected or has no load
WARNING: [Synth 8-7129] Port prmry_vect_in[2] in module cdc_sync is either unconnected or has no load
WARNING: [Synth 8-7129] Port prmry_vect_in[1] in module cdc_sync is either unconnected or has no load
WARNING: [Synth 8-7129] Port prmry_vect_in[0] in module cdc_sync is either unconnected or has no load
WARNING: [Synth 8-7129] Port scndry_resetn in module cdc_sync is either unconnected or has no load
WARNING: [Synth 8-7129] Port Bus2IIC_Addr[0] in module reg_interface is either unconnected or has no load
WARNING: [Synth 8-7129] Port Bus2IIC_Data[0] in module reg_interface is either unconnected or has no load
WARNING: [Synth 8-7129] Port Bus2IIC_Data[1] in module reg_interface is either unconnected or has no load
WARNING: [Synth 8-7129] Port Bus2IIC_Data[2] in module reg_interface is either unconnected or has no load
WARNING: [Synth 8-7129] Port Bus2IIC_Data[3] in module reg_interface is either unconnected or has no load
WARNING: [Synth 8-7129] Port Bus2IIC_Data[4] in module reg_interface is either unconnected or has no load
WARNING: [Synth 8-7129] Port Bus2IIC_Data[5] in module reg_interface is either unconnected or has no load
WARNING: [Synth 8-7129] Port Bus2IIC_Data[6] in module reg_interface is either unconnected or has no load
WARNING: [Synth 8-7129] Port Bus2IIC_Data[7] in module reg_interface is either unconnected or has no load
WARNING: [Synth 8-7129] Port Bus2IIC_Data[8] in module reg_interface is either unconnected or has no load
WARNING: [Synth 8-7129] Port Bus2IIC_Data[9] in module reg_interface is either unconnected or has no load
WARNING: [Synth 8-7129] Port Bus2IIC_Data[10] in module reg_interface is either unconnected or has no load
WARNING: [Synth 8-7129] Port Bus2IIC_Data[11] in module reg_interface is either unconnected or has no load
WARNING: [Synth 8-7129] Port Bus2IIC_Data[12] in module reg_interface is either unconnected or has no load
WARNING: [Synth 8-7129] Port Bus2IIC_Data[13] in module reg_interface is either unconnected or has no load
WARNING: [Synth 8-7129] Port Bus2IIC_Data[14] in module reg_interface is either unconnected or has no load
WARNING: [Synth 8-7129] Port Bus2IIC_Data[15] in module reg_interface is either unconnected or has no load
WARNING: [Synth 8-7129] Port Bus2IIC_Data[16] in module reg_interface is either unconnected or has no load
WARNING: [Synth 8-7129] Port Bus2IIC_Data[17] in module reg_interface is either unconnected or has no load
WARNING: [Synth 8-7129] Port Bus2IIC_Data[18] in module reg_interface is either unconnected or has no load
WARNING: [Synth 8-7129] Port Bus2IIC_Data[19] in module reg_interface is either unconnected or has no load
WARNING: [Synth 8-7129] Port Bus2IIC_Data[20] in module reg_interface is either unconnected or has no load
WARNING: [Synth 8-7129] Port Bus2IIC_Data[21] in module reg_interface is either unconnected or has no load
WARNING: [Synth 8-7129] Port Bus2IIC_WrCE[1] in module reg_interface is either unconnected or has no load
WARNING: [Synth 8-7129] Port Bus2IIC_WrCE[3] in module reg_interface is either unconnected or has no load
WARNING: [Synth 8-7129] Port Bus2IIC_WrCE[5] in module reg_interface is either unconnected or has no load
WARNING: [Synth 8-7129] Port Bus2IIC_WrCE[6] in module reg_interface is either unconnected or has no load
WARNING: [Synth 8-7129] Port Bus2IIC_WrCE[7] in module reg_interface is either unconnected or has no load
WARNING: [Synth 8-7129] Port Data_i2c[0] in module reg_interface is either unconnected or has no load
WARNING: [Synth 8-7129] Port Data_i2c[1] in module reg_interface is either unconnected or has no load
WARNING: [Synth 8-7129] Port Data_i2c[2] in module reg_interface is either unconnected or has no load
WARNING: [Synth 8-7129] Port Data_i2c[3] in module reg_interface is either unconnected or has no load
WARNING: [Synth 8-7129] Port Data_i2c[4] in module reg_interface is either unconnected or has no load
WARNING: [Synth 8-7129] Port Data_i2c[5] in module reg_interface is either unconnected or has no load
WARNING: [Synth 8-7129] Port Data_i2c[6] in module reg_interface is either unconnected or has no load
WARNING: [Synth 8-7129] Port Data_i2c[7] in module reg_interface is either unconnected or has no load
WARNING: [Synth 8-7129] Port reg_empty in module reg_interface is either unconnected or has no load
WARNING: [Synth 8-7129] Port Bus2IP_Data[0] in module soft_reset is either unconnected or has no load
WARNING: [Synth 8-7129] Port Bus2IP_Data[1] in module soft_reset is either unconnected or has no load
WARNING: [Synth 8-7129] Port Bus2IP_Data[2] in module soft_reset is either unconnected or has no load
WARNING: [Synth 8-7129] Port Bus2IP_Data[3] in module soft_reset is either unconnected or has no load
WARNING: [Synth 8-7129] Port Bus2IP_Data[4] in module soft_reset is either unconnected or has no load
WARNING: [Synth 8-7129] Port Bus2IP_Data[5] in module soft_reset is either unconnected or has no load
WARNING: [Synth 8-7129] Port Bus2IP_Data[6] in module soft_reset is either unconnected or has no load
WARNING: [Synth 8-7129] Port Bus2IP_Data[7] in module soft_reset is either unconnected or has no load
WARNING: [Synth 8-7129] Port Bus2IP_Data[8] in module soft_reset is either unconnected or has no load
WARNING: [Synth 8-7129] Port Bus2IP_Data[9] in module soft_reset is either unconnected or has no load
WARNING: [Synth 8-7129] Port Bus2IP_Data[10] in module soft_reset is either unconnected or has no load
WARNING: [Synth 8-7129] Port Bus2IP_Data[11] in module soft_reset is either unconnected or has no load
WARNING: [Synth 8-7129] Port Bus2IP_Data[12] in module soft_reset is either unconnected or has no load
WARNING: [Synth 8-7129] Port Bus2IP_Data[13] in module soft_reset is either unconnected or has no load
WARNING: [Synth 8-7129] Port Bus2IP_Data[14] in module soft_reset is either unconnected or has no load
WARNING: [Synth 8-7129] Port Bus2IP_Data[15] in module soft_reset is either unconnected or has no load
WARNING: [Synth 8-7129] Port Bus2IP_Data[16] in module soft_reset is either unconnected or has no load
WARNING: [Synth 8-7129] Port Bus2IP_Data[17] in module soft_reset is either unconnected or has no load
INFO: [Common 17-14] Message 'Synth 8-7129' appears 100 times and further instances of the messages will be disabled. Use the Tcl command set_msg_config to change the current settings.
---------------------------------------------------------------------------------
Finished RTL Elaboration : Time (s): cpu = 00:00:10 ; elapsed = 00:00:10 . Memory (MB): peak = 3147.430 ; gain = 325.660 ; free physical = 9690 ; free virtual = 11597
Synthesis current peak Physical Memory [PSS] (MB): peak = 2256.406; parent = 2116.555; children = 141.211
Synthesis current peak Virtual Memory [VSS] (MB): peak = 4134.461; parent = 3147.434; children = 987.027
---------------------------------------------------------------------------------
---------------------------------------------------------------------------------
Start Handling Custom Attributes
---------------------------------------------------------------------------------
---------------------------------------------------------------------------------
Finished Handling Custom Attributes : Time (s): cpu = 00:00:10 ; elapsed = 00:00:11 . Memory (MB): peak = 3165.242 ; gain = 343.473 ; free physical = 9681 ; free virtual = 11590
Synthesis current peak Physical Memory [PSS] (MB): peak = 2256.406; parent = 2116.555; children = 141.211
Synthesis current peak Virtual Memory [VSS] (MB): peak = 4152.273; parent = 3165.246; children = 987.027
---------------------------------------------------------------------------------
---------------------------------------------------------------------------------
Finished RTL Optimization Phase 1 : Time (s): cpu = 00:00:10 ; elapsed = 00:00:11 . Memory (MB): peak = 3165.242 ; gain = 343.473 ; free physical = 9643 ; free virtual = 11551
Synthesis current peak Physical Memory [PSS] (MB): peak = 2256.406; parent = 2116.555; children = 141.211
Synthesis current peak Virtual Memory [VSS] (MB): peak = 4152.273; parent = 3165.246; children = 987.027
---------------------------------------------------------------------------------
Netlist sorting complete. Time (s): cpu = 00:00:00.03 ; elapsed = 00:00:00.03 . Memory (MB): peak = 3171.180 ; gain = 0.000 ; free physical = 9615 ; free virtual = 11523
INFO: [Netlist 29-17] Analyzing 44 Unisim elements for replacement
INFO: [Netlist 29-28] Unisim Transformation completed in 0 CPU seconds
INFO: [Project 1-570] Preparing netlist for logic optimization

Processing XDC Constraints
Initializing timing engine
Parsing XDC File [/home/agreshil/vivado_projects/fw_i2c_master/apex/control/apex_kria/apex_kria.gen/sources_1/bd/design_1/ip/design_1_axi_iic_0_0/design_1_axi_iic_0_0_ooc.xdc] for cell 'U0'
create_clock: Time (s): cpu = 00:00:06 ; elapsed = 00:00:06 . Memory (MB): peak = 3329.992 ; gain = 0.000 ; free physical = 11120 ; free virtual = 13028
Finished Parsing XDC File [/home/agreshil/vivado_projects/fw_i2c_master/apex/control/apex_kria/apex_kria.gen/sources_1/bd/design_1/ip/design_1_axi_iic_0_0/design_1_axi_iic_0_0_ooc.xdc] for cell 'U0'
Parsing XDC File [/home/agreshil/vivado_projects/fw_i2c_master/apex/control/apex_kria/apex_kria.gen/sources_1/bd/design_1/ip/design_1_axi_iic_0_0/design_1_axi_iic_0_0_board.xdc] for cell 'U0'
Finished Parsing XDC File [/home/agreshil/vivado_projects/fw_i2c_master/apex/control/apex_kria/apex_kria.gen/sources_1/bd/design_1/ip/design_1_axi_iic_0_0/design_1_axi_iic_0_0_board.xdc] for cell 'U0'
Parsing XDC File [/home/agreshil/vivado_projects/fw_i2c_master/apex/control/apex_kria/apex_kria.runs/design_1_axi_iic_0_0_synth_1/dont_touch.xdc]
Finished Parsing XDC File [/home/agreshil/vivado_projects/fw_i2c_master/apex/control/apex_kria/apex_kria.runs/design_1_axi_iic_0_0_synth_1/dont_touch.xdc]
Completed Processing XDC Constraints

Netlist sorting complete. Time (s): cpu = 00:00:00 ; elapsed = 00:00:00 . Memory (MB): peak = 3329.992 ; gain = 0.000 ; free physical = 11100 ; free virtual = 13008
INFO: [Project 1-111] Unisim Transformation Summary:
  A total of 32 instances were transformed.
  FDR => FDRE: 15 instances
  FDRSE => FDRSE (FDRE, LUT4, VCC): 5 instances
  MUXCY_L => MUXCY: 12 instances

Constraint Validation Runtime : Time (s): cpu = 00:00:00.04 ; elapsed = 00:00:00.04 . Memory (MB): peak = 3329.992 ; gain = 0.000 ; free physical = 11038 ; free virtual = 12946
INFO: [Designutils 20-5008] Incremental synthesis strategy off
INFO: [Synth 8-11241] undeclared symbol 'REGCCE', assumed default net type 'wire' [/tools/Xilinx/Vivado/2022.2/data/verilog/src/unimacro/BRAM_SINGLE_MACRO.v:2170]
---------------------------------------------------------------------------------
Finished Constraint Validation : Time (s): cpu = 00:00:25 ; elapsed = 00:00:26 . Memory (MB): peak = 3329.992 ; gain = 508.223 ; free physical = 9860 ; free virtual = 11774
Synthesis current peak Physical Memory [PSS] (MB): peak = 2256.406; parent = 2116.555; children = 142.025
Synthesis current peak Virtual Memory [VSS] (MB): peak = 4285.008; parent = 3297.980; children = 987.027
---------------------------------------------------------------------------------
---------------------------------------------------------------------------------
Start Loading Part and Timing Information
---------------------------------------------------------------------------------
Loading part: xck26-sfvc784-2LV-c
INFO: [Synth 8-6742] Reading net delay rules and data
---------------------------------------------------------------------------------
Finished Loading Part and Timing Information : Time (s): cpu = 00:00:25 ; elapsed = 00:00:26 . Memory (MB): peak = 3329.992 ; gain = 508.223 ; free physical = 9857 ; free virtual = 11771
Synthesis current peak Physical Memory [PSS] (MB): peak = 2256.406; parent = 2116.555; children = 142.025
Synthesis current peak Virtual Memory [VSS] (MB): peak = 4285.008; parent = 3297.980; children = 987.027
---------------------------------------------------------------------------------
---------------------------------------------------------------------------------
Start Applying 'set_property' XDC Constraints
---------------------------------------------------------------------------------
Applied set_property KEEP_HIERARCHY = SOFT for U0. (constraint file  /home/agreshil/vivado_projects/fw_i2c_master/apex/control/apex_kria/apex_kria.runs/design_1_axi_iic_0_0_synth_1/dont_touch.xdc, line 9).
---------------------------------------------------------------------------------
Finished applying 'set_property' XDC Constraints : Time (s): cpu = 00:00:25 ; elapsed = 00:00:26 . Memory (MB): peak = 3329.992 ; gain = 508.223 ; free physical = 9846 ; free virtual = 11760
Synthesis current peak Physical Memory [PSS] (MB): peak = 2256.406; parent = 2116.555; children = 142.025
Synthesis current peak Virtual Memory [VSS] (MB): peak = 4285.008; parent = 3297.980; children = 987.027
---------------------------------------------------------------------------------
INFO: [Synth 8-802] inferred FSM for state register 'state_reg' in module 'slave_attachment'
INFO: [Synth 8-802] inferred FSM for state register 'scl_state_reg' in module 'iic_control'
INFO: [Synth 8-802] inferred FSM for state register 'state_reg' in module 'iic_control'
---------------------------------------------------------------------------------------------------
                   State |                     New Encoding |                Previous Encoding 
---------------------------------------------------------------------------------------------------
                 iSTATE2 |                             0001 |                               00
                  iSTATE |                             0010 |                               01
                 iSTATE0 |                             0100 |                               10
                 iSTATE1 |                             1000 |                               11
---------------------------------------------------------------------------------------------------
INFO: [Synth 8-3354] encoded FSM with state register 'state_reg' using encoding 'one-hot' in module 'slave_attachment'
---------------------------------------------------------------------------------------------------
                   State |                     New Encoding |                Previous Encoding 
---------------------------------------------------------------------------------------------------
                    idle |                              000 |                              000
                  header |                              101 |                              001
              ack_header |                              110 |                              010
                rcv_data |                              100 |                              011
                ack_data |                              011 |                              100
               xmit_data |                              010 |                              101
                wait_ack |                              001 |                              110
---------------------------------------------------------------------------------------------------
INFO: [Synth 8-3354] encoded FSM with state register 'state_reg' using encoding 'sequential' in module 'iic_control'
---------------------------------------------------------------------------------------------------
                   State |                     New Encoding |                Previous Encoding 
---------------------------------------------------------------------------------------------------
                scl_idle |                       0000000001 |                             0000
              start_wait |                       0000000010 |                             0001
                   start |                       0000000100 |                             0010
              start_edge |                       0000001000 |                             0011
            scl_low_edge |                       0000010000 |                             0100
                 scl_low |                       0000100000 |                             0101
           scl_high_edge |                       0001000000 |                             0110
                scl_high |                       0010000000 |                             0111
               stop_edge |                       0100000000 |                             1000
               stop_wait |                       1000000000 |                             1001
---------------------------------------------------------------------------------------------------
INFO: [Synth 8-3354] encoded FSM with state register 'scl_state_reg' using encoding 'one-hot' in module 'iic_control'
---------------------------------------------------------------------------------
Finished RTL Optimization Phase 2 : Time (s): cpu = 00:00:26 ; elapsed = 00:00:28 . Memory (MB): peak = 3329.992 ; gain = 508.223 ; free physical = 9811 ; free virtual = 11726
Synthesis current peak Physical Memory [PSS] (MB): peak = 2256.406; parent = 2116.555; children = 142.025
Synthesis current peak Virtual Memory [VSS] (MB): peak = 4285.008; parent = 3297.980; children = 987.027
---------------------------------------------------------------------------------
---------------------------------------------------------------------------------
Start RTL Component Statistics 
---------------------------------------------------------------------------------
Detailed RTL Component Info : 
+---Adders : 
	   2 Input   10 Bit       Adders := 2     
	   2 Input    8 Bit       Adders := 3     
	   2 Input    4 Bit       Adders := 2     
+---XORs : 
	   2 Input      1 Bit         XORs := 20    
+---Registers : 
	               32 Bit    Registers := 1     
	               10 Bit    Registers := 10    
	                9 Bit    Registers := 2     
	                8 Bit    Registers := 10    
	                7 Bit    Registers := 1     
	                4 Bit    Registers := 3     
	                2 Bit    Registers := 3     
	                1 Bit    Registers := 147   
+---Muxes : 
	   2 Input   32 Bit        Muxes := 5     
	   2 Input   10 Bit        Muxes := 15    
	  10 Input   10 Bit        Muxes := 1     
	   2 Input    9 Bit        Muxes := 1     
	   3 Input    9 Bit        Muxes := 1     
	   2 Input    8 Bit        Muxes := 4     
	   4 Input    4 Bit        Muxes := 1     
	   2 Input    4 Bit        Muxes := 6     
	  21 Input    3 Bit        Muxes := 1     
	   2 Input    2 Bit        Muxes := 4     
	   3 Input    2 Bit        Muxes := 1     
	   4 Input    2 Bit        Muxes := 1     
	   2 Input    1 Bit        Muxes := 114   
	   4 Input    1 Bit        Muxes := 3     
	   7 Input    1 Bit        Muxes := 3     
	   3 Input    1 Bit        Muxes := 1     
	  10 Input    1 Bit        Muxes := 10    
---------------------------------------------------------------------------------
Finished RTL Component Statistics 
---------------------------------------------------------------------------------
---------------------------------------------------------------------------------
Start Part Resource Summary
---------------------------------------------------------------------------------
Part Resources:
DSPs: 1248 (col length:96)
BRAMs: 288 (col length: RAMB18 96 RAMB36 48)
---------------------------------------------------------------------------------
Finished Part Resource Summary
---------------------------------------------------------------------------------
---------------------------------------------------------------------------------
Start Cross Boundary and Area Optimization
---------------------------------------------------------------------------------
WARNING: [Synth 8-7080] Parallel synthesis criteria is not met
INFO: [Synth 8-3332] Sequential element (X_IIC/FILTER_I/SCL_DEBOUNCE/INPUT_DOUBLE_REGS/GENERATE_LEVEL_P_S_CDC.SINGLE_BIT.CROSS_PLEVEL_IN2SCNDRY_s_level_out_d5) is unused and will be removed from module axi_iic.
INFO: [Synth 8-3332] Sequential element (X_IIC/FILTER_I/SCL_DEBOUNCE/INPUT_DOUBLE_REGS/GENERATE_LEVEL_P_S_CDC.SINGLE_BIT.CROSS_PLEVEL_IN2SCNDRY_s_level_out_d6) is unused and will be removed from module axi_iic.
INFO: [Synth 8-3332] Sequential element (X_IIC/FILTER_I/SDA_DEBOUNCE/INPUT_DOUBLE_REGS/GENERATE_LEVEL_P_S_CDC.SINGLE_BIT.CROSS_PLEVEL_IN2SCNDRY_s_level_out_d5) is unused and will be removed from module axi_iic.
INFO: [Synth 8-3332] Sequential element (X_IIC/FILTER_I/SDA_DEBOUNCE/INPUT_DOUBLE_REGS/GENERATE_LEVEL_P_S_CDC.SINGLE_BIT.CROSS_PLEVEL_IN2SCNDRY_s_level_out_d6) is unused and will be removed from module axi_iic.
---------------------------------------------------------------------------------
Finished Cross Boundary and Area Optimization : Time (s): cpu = 00:00:31 ; elapsed = 00:00:33 . Memory (MB): peak = 3329.992 ; gain = 508.223 ; free physical = 10669 ; free virtual = 12597
Synthesis current peak Physical Memory [PSS] (MB): peak = 2256.406; parent = 2116.555; children = 142.534
Synthesis current peak Virtual Memory [VSS] (MB): peak = 4285.008; parent = 3297.980; children = 987.027
---------------------------------------------------------------------------------
---------------------------------------------------------------------------------
Start Applying XDC Timing Constraints
---------------------------------------------------------------------------------
---------------------------------------------------------------------------------
Finished Applying XDC Timing Constraints : Time (s): cpu = 00:00:41 ; elapsed = 00:00:44 . Memory (MB): peak = 3687.648 ; gain = 865.879 ; free physical = 11385 ; free virtual = 13313
Synthesis current peak Physical Memory [PSS] (MB): peak = 2812.825; parent = 2666.911; children = 145.914
Synthesis current peak Virtual Memory [VSS] (MB): peak = 4674.680; parent = 3687.652; children = 987.027
---------------------------------------------------------------------------------
---------------------------------------------------------------------------------
Start Timing Optimization
---------------------------------------------------------------------------------
---------------------------------------------------------------------------------
Finished Timing Optimization : Time (s): cpu = 00:00:44 ; elapsed = 00:00:47 . Memory (MB): peak = 3765.273 ; gain = 943.504 ; free physical = 11339 ; free virtual = 13262
Synthesis current peak Physical Memory [PSS] (MB): peak = 2851.652; parent = 2705.729; children = 145.923
Synthesis current peak Virtual Memory [VSS] (MB): peak = 4752.305; parent = 3765.277; children = 987.027
---------------------------------------------------------------------------------
---------------------------------------------------------------------------------
Start Technology Mapping
---------------------------------------------------------------------------------
---------------------------------------------------------------------------------
Finished Technology Mapping : Time (s): cpu = 00:00:44 ; elapsed = 00:00:48 . Memory (MB): peak = 3765.273 ; gain = 943.504 ; free physical = 11440 ; free virtual = 13363
Synthesis current peak Physical Memory [PSS] (MB): peak = 2858.011; parent = 2707.904; children = 150.106
Synthesis current peak Virtual Memory [VSS] (MB): peak = 4752.305; parent = 3765.277; children = 987.027
---------------------------------------------------------------------------------
---------------------------------------------------------------------------------
Start IO Insertion
---------------------------------------------------------------------------------
---------------------------------------------------------------------------------
Start Flattening Before IO Insertion
---------------------------------------------------------------------------------
---------------------------------------------------------------------------------
Finished Flattening Before IO Insertion
---------------------------------------------------------------------------------
---------------------------------------------------------------------------------
Start Final Netlist Cleanup
---------------------------------------------------------------------------------
---------------------------------------------------------------------------------
Finished Final Netlist Cleanup
---------------------------------------------------------------------------------
---------------------------------------------------------------------------------
Finished IO Insertion : Time (s): cpu = 00:00:47 ; elapsed = 00:00:51 . Memory (MB): peak = 3765.273 ; gain = 943.504 ; free physical = 13327 ; free virtual = 15252
Synthesis current peak Physical Memory [PSS] (MB): peak = 2875.651; parent = 2720.938; children = 154.713
Synthesis current peak Virtual Memory [VSS] (MB): peak = 4752.305; parent = 3765.277; children = 987.027
---------------------------------------------------------------------------------
---------------------------------------------------------------------------------
Start Renaming Generated Instances
---------------------------------------------------------------------------------
---------------------------------------------------------------------------------
Finished Renaming Generated Instances : Time (s): cpu = 00:00:47 ; elapsed = 00:00:51 . Memory (MB): peak = 3765.273 ; gain = 943.504 ; free physical = 13306 ; free virtual = 15232
Synthesis current peak Physical Memory [PSS] (MB): peak = 2875.651; parent = 2720.938; children = 154.713
Synthesis current peak Virtual Memory [VSS] (MB): peak = 4752.305; parent = 3765.277; children = 987.027
---------------------------------------------------------------------------------
---------------------------------------------------------------------------------
Start Rebuilding User Hierarchy
---------------------------------------------------------------------------------
---------------------------------------------------------------------------------
Finished Rebuilding User Hierarchy : Time (s): cpu = 00:00:47 ; elapsed = 00:00:51 . Memory (MB): peak = 3765.273 ; gain = 943.504 ; free physical = 13263 ; free virtual = 15189
Synthesis current peak Physical Memory [PSS] (MB): peak = 2875.651; parent = 2720.938; children = 154.713
Synthesis current peak Virtual Memory [VSS] (MB): peak = 4752.305; parent = 3765.277; children = 987.027
---------------------------------------------------------------------------------
---------------------------------------------------------------------------------
Start Renaming Generated Ports
---------------------------------------------------------------------------------
---------------------------------------------------------------------------------
Finished Renaming Generated Ports : Time (s): cpu = 00:00:47 ; elapsed = 00:00:52 . Memory (MB): peak = 3765.273 ; gain = 943.504 ; free physical = 13221 ; free virtual = 15147
Synthesis current peak Physical Memory [PSS] (MB): peak = 2875.651; parent = 2720.938; children = 154.713
Synthesis current peak Virtual Memory [VSS] (MB): peak = 4752.305; parent = 3765.277; children = 987.027
---------------------------------------------------------------------------------
---------------------------------------------------------------------------------
Start Handling Custom Attributes
---------------------------------------------------------------------------------
---------------------------------------------------------------------------------
Finished Handling Custom Attributes : Time (s): cpu = 00:00:47 ; elapsed = 00:00:52 . Memory (MB): peak = 3765.273 ; gain = 943.504 ; free physical = 13113 ; free virtual = 15038
Synthesis current peak Physical Memory [PSS] (MB): peak = 2875.651; parent = 2720.938; children = 154.713
Synthesis current peak Virtual Memory [VSS] (MB): peak = 4752.305; parent = 3765.277; children = 987.027
---------------------------------------------------------------------------------
---------------------------------------------------------------------------------
Start Renaming Generated Nets
---------------------------------------------------------------------------------
---------------------------------------------------------------------------------
Finished Renaming Generated Nets : Time (s): cpu = 00:00:47 ; elapsed = 00:00:52 . Memory (MB): peak = 3765.273 ; gain = 943.504 ; free physical = 12977 ; free virtual = 14902
Synthesis current peak Physical Memory [PSS] (MB): peak = 2875.651; parent = 2720.938; children = 154.713
Synthesis current peak Virtual Memory [VSS] (MB): peak = 4752.305; parent = 3765.277; children = 987.027
---------------------------------------------------------------------------------
---------------------------------------------------------------------------------
Start Writing Synthesis Report
---------------------------------------------------------------------------------

Report BlackBoxes: 
+-+--------------+----------+
| |BlackBox name |Instances |
+-+--------------+----------+
+-+--------------+----------+

Report Cell Usage: 
+------+--------+------+
|      |Cell    |Count |
+------+--------+------+
|1     |CARRY8  |     1|
|2     |LUT1    |    10|
|3     |LUT2    |    50|
|4     |LUT3    |    50|
|5     |LUT4    |    92|
|6     |LUT5    |    99|
|7     |LUT6    |   177|
|8     |MUXCY_L |     9|
|9     |MUXF7   |     2|
|10    |SRL16E  |    18|
|11    |XORCY   |    12|
|12    |FDR     |    11|
|13    |FDRE    |   321|
|14    |FDSE    |    53|
+------+--------+------+
---------------------------------------------------------------------------------
Finished Writing Synthesis Report : Time (s): cpu = 00:00:47 ; elapsed = 00:00:52 . Memory (MB): peak = 3765.273 ; gain = 943.504 ; free physical = 12850 ; free virtual = 14775
Synthesis current peak Physical Memory [PSS] (MB): peak = 2875.651; parent = 2720.938; children = 154.713
Synthesis current peak Virtual Memory [VSS] (MB): peak = 4752.305; parent = 3765.277; children = 987.027
---------------------------------------------------------------------------------
Synthesis finished with 0 errors, 0 critical warnings and 52 warnings.
Synthesis Optimization Runtime : Time (s): cpu = 00:00:39 ; elapsed = 00:00:43 . Memory (MB): peak = 3765.273 ; gain = 778.754 ; free physical = 12766 ; free virtual = 14691
Synthesis Optimization Complete : Time (s): cpu = 00:00:48 ; elapsed = 00:00:52 . Memory (MB): peak = 3765.281 ; gain = 943.504 ; free physical = 12718 ; free virtual = 14643
INFO: [Project 1-571] Translating synthesized netlist
Netlist sorting complete. Time (s): cpu = 00:00:00.02 ; elapsed = 00:00:00.01 . Memory (MB): peak = 3765.281 ; gain = 0.000 ; free physical = 12728 ; free virtual = 14653
INFO: [Netlist 29-17] Analyzing 35 Unisim elements for replacement
INFO: [Netlist 29-28] Unisim Transformation completed in 0 CPU seconds
INFO: [Project 1-570] Preparing netlist for logic optimization
INFO: [Opt 31-138] Pushed 0 inverter(s) to 0 load pin(s).
Netlist sorting complete. Time (s): cpu = 00:00:00 ; elapsed = 00:00:00 . Memory (MB): peak = 3808.098 ; gain = 0.000 ; free physical = 15216 ; free virtual = 17141
INFO: [Project 1-111] Unisim Transformation Summary:
  A total of 14 instances were transformed.
  (CARRY4) => CARRY8: 3 instances
  FDR => FDRE: 11 instances

Synth Design complete, checksum: 21d39bc2
INFO: [Common 17-83] Releasing license: Synthesis
208 Infos, 105 Warnings, 0 Critical Warnings and 0 Errors encountered.
synth_design completed successfully
synth_design: Time (s): cpu = 00:01:00 ; elapsed = 00:01:01 . Memory (MB): peak = 3808.098 ; gain = 1900.102 ; free physical = 15357 ; free virtual = 17283
INFO: [Common 17-1381] The checkpoint '/home/agreshil/vivado_projects/fw_i2c_master/apex/control/apex_kria/apex_kria.runs/design_1_axi_iic_0_0_synth_1/design_1_axi_iic_0_0.dcp' has been generated.
INFO: [Coretcl 2-1648] Added synthesis output to IP cache for IP design_1_axi_iic_0_0, cache-ID = fcdddd2263d128b3
INFO: [Coretcl 2-1174] Renamed 24 cell refs.
INFO: [Common 17-1381] The checkpoint '/home/agreshil/vivado_projects/fw_i2c_master/apex/control/apex_kria/apex_kria.runs/design_1_axi_iic_0_0_synth_1/design_1_axi_iic_0_0.dcp' has been generated.
INFO: [runtcl-4] Executing : report_utilization -file design_1_axi_iic_0_0_utilization_synth.rpt -pb design_1_axi_iic_0_0_utilization_synth.pb
INFO: [Common 17-206] Exiting Vivado at Wed Aug  9 18:48:46 2023...
