Copyright 1986-2023 Xilinx, Inc. All Rights Reserved.
--------------------------------------------------------------------------------------
| Tool Version : Vivado v.2022.2.2 (lin64) Build 3788238 Tue Feb 21 19:59:23 MST 2023
| Date         : Sun Jul  7 14:11:02 2024
| Host         : uftrig01 running 64-bit Ubuntu 18.04.6 LTS
| Command      : upgrade_ip
| Device       : xck26-sfvc784-2LV-c
--------------------------------------------------------------------------------------

Upgrade Log for IP 'design_1_i2c_master_0_4'

1. Summary
----------

SUCCESS in the upgrade of design_1_i2c_master_0_4 (user.org:user:i2c_master:1.0) from (Rev. 74) to (Rev. 75)






Copyright 1986-2023 Xilinx, Inc. All Rights Reserved.
--------------------------------------------------------------------------------------
| Tool Version : Vivado v.2022.2.2 (lin64) Build 3788238 Tue Feb 21 19:59:23 MST 2023
| Date         : Sun Jul  7 00:24:37 2024
| Host         : uftrig01 running 64-bit Ubuntu 18.04.6 LTS
| Command      : upgrade_ip
| Device       : xck26-sfvc784-2LV-c
--------------------------------------------------------------------------------------

Upgrade Log for IP 'design_1_i2c_master_0_4'

1. Summary
----------

SUCCESS in the upgrade of design_1_i2c_master_0_4 (user.org:user:i2c_master:1.0) from (Rev. 73) to (Rev. 74)






Copyright 1986-2023 Xilinx, Inc. All Rights Reserved.
--------------------------------------------------------------------------------------
| Tool Version : Vivado v.2022.2.2 (lin64) Build 3788238 Tue Feb 21 19:59:23 MST 2023
| Date         : Sat Jul  6 23:22:10 2024
| Host         : uftrig01 running 64-bit Ubuntu 18.04.6 LTS
| Command      : upgrade_ip
| Device       : xck26-sfvc784-2LV-c
--------------------------------------------------------------------------------------

Upgrade Log for IP 'design_1_i2c_master_0_4'

1. Summary
----------

SUCCESS in the upgrade of design_1_i2c_master_0_4 (user.org:user:i2c_master:1.0) from (Rev. 72) to (Rev. 73)






Copyright 1986-2023 Xilinx, Inc. All Rights Reserved.
--------------------------------------------------------------------------------------
| Tool Version : Vivado v.2022.2.2 (lin64) Build 3788238 Tue Feb 21 19:59:23 MST 2023
| Date         : Sat Jul  6 20:59:35 2024
| Host         : uftrig01 running 64-bit Ubuntu 18.04.6 LTS
| Command      : upgrade_ip
| Device       : xck26-sfvc784-2LV-c
--------------------------------------------------------------------------------------

Upgrade Log for IP 'design_1_i2c_master_0_4'

1. Summary
----------

SUCCESS in the upgrade of design_1_i2c_master_0_4 (user.org:user:i2c_master:1.0) from (Rev. 71) to (Rev. 72)






Copyright 1986-2023 Xilinx, Inc. All Rights Reserved.
--------------------------------------------------------------------------------------
| Tool Version : Vivado v.2022.2.2 (lin64) Build 3788238 Tue Feb 21 19:59:23 MST 2023
| Date         : Sat Jul  6 17:33:02 2024
| Host         : uftrig01 running 64-bit Ubuntu 18.04.6 LTS
| Command      : upgrade_ip
| Device       : xck26-sfvc784-2LV-c
--------------------------------------------------------------------------------------

Upgrade Log for IP 'design_1_i2c_master_0_4'

1. Summary
----------

SUCCESS in the upgrade of design_1_i2c_master_0_4 (user.org:user:i2c_master:1.0) from (Rev. 70) to (Rev. 71)






Copyright 1986-2023 Xilinx, Inc. All Rights Reserved.
--------------------------------------------------------------------------------------
| Tool Version : Vivado v.2022.2.2 (lin64) Build 3788238 Tue Feb 21 19:59:23 MST 2023
| Date         : Fri Jul  5 23:18:40 2024
| Host         : uftrig01 running 64-bit Ubuntu 18.04.6 LTS
| Command      : upgrade_ip
| Device       : xck26-sfvc784-2LV-c
--------------------------------------------------------------------------------------

Upgrade Log for IP 'design_1_i2c_master_0_4'

1. Summary
----------

SUCCESS in the upgrade of design_1_i2c_master_0_4 (user.org:user:i2c_master:1.0) from (Rev. 69) to (Rev. 70)






Copyright 1986-2023 Xilinx, Inc. All Rights Reserved.
--------------------------------------------------------------------------------------
| Tool Version : Vivado v.2022.2.2 (lin64) Build 3788238 Tue Feb 21 19:59:23 MST 2023
| Date         : Fri Jul  5 15:18:55 2024
| Host         : uftrig01 running 64-bit Ubuntu 18.04.6 LTS
| Command      : upgrade_ip
| Device       : xck26-sfvc784-2LV-c
--------------------------------------------------------------------------------------

Upgrade Log for IP 'design_1_i2c_master_0_4'

1. Summary
----------

SUCCESS in the upgrade of design_1_i2c_master_0_4 (user.org:user:i2c_master:1.0) from (Rev. 68) to (Rev. 69)






Copyright 1986-2023 Xilinx, Inc. All Rights Reserved.
--------------------------------------------------------------------------------------
| Tool Version : Vivado v.2022.2.2 (lin64) Build 3788238 Tue Feb 21 19:59:23 MST 2023
| Date         : Fri Jul  5 11:29:22 2024
| Host         : uftrig01 running 64-bit Ubuntu 18.04.6 LTS
| Command      : upgrade_ip
| Device       : xck26-sfvc784-2LV-c
--------------------------------------------------------------------------------------

Upgrade Log for IP 'design_1_i2c_master_0_4'

1. Summary
----------

SUCCESS in the upgrade of design_1_i2c_master_0_4 (user.org:user:i2c_master:1.0) from (Rev. 67) to (Rev. 68)






Copyright 1986-2023 Xilinx, Inc. All Rights Reserved.
--------------------------------------------------------------------------------------
| Tool Version : Vivado v.2022.2.2 (lin64) Build 3788238 Tue Feb 21 19:59:23 MST 2023
| Date         : Fri Jul  5 10:49:58 2024
| Host         : uftrig01 running 64-bit Ubuntu 18.04.6 LTS
| Command      : upgrade_ip
| Device       : xck26-sfvc784-2LV-c
--------------------------------------------------------------------------------------

Upgrade Log for IP 'design_1_i2c_master_0_4'

1. Summary
----------

SUCCESS in the upgrade of design_1_i2c_master_0_4 (user.org:user:i2c_master:1.0) from (Rev. 66) to (Rev. 67)






Copyright 1986-2023 Xilinx, Inc. All Rights Reserved.
--------------------------------------------------------------------------------------
| Tool Version : Vivado v.2022.2.2 (lin64) Build 3788238 Tue Feb 21 19:59:23 MST 2023
| Date         : Mon Jul  1 16:23:27 2024
| Host         : uftrig01 running 64-bit Ubuntu 18.04.6 LTS
| Command      : upgrade_ip
| Device       : xck26-sfvc784-2LV-c
--------------------------------------------------------------------------------------

Upgrade Log for IP 'design_1_i2c_master_0_4'

1. Summary
----------

SUCCESS in the upgrade of design_1_i2c_master_0_4 (user.org:user:i2c_master:1.0) from (Rev. 65) to (Rev. 66)






Copyright 1986-2023 Xilinx, Inc. All Rights Reserved.
--------------------------------------------------------------------------------------
| Tool Version : Vivado v.2022.2.2 (lin64) Build 3788238 Tue Feb 21 19:59:23 MST 2023
| Date         : Sat Jun 29 19:36:52 2024
| Host         : uftrig01 running 64-bit Ubuntu 18.04.6 LTS
| Command      : upgrade_ip
| Device       : xck26-sfvc784-2LV-c
--------------------------------------------------------------------------------------

Upgrade Log for IP 'design_1_i2c_master_0_4'

1. Summary
----------

SUCCESS in the upgrade of design_1_i2c_master_0_4 (user.org:user:i2c_master:1.0) from (Rev. 64) to (Rev. 65)






Copyright 1986-2023 Xilinx, Inc. All Rights Reserved.
--------------------------------------------------------------------------------------
| Tool Version : Vivado v.2022.2.2 (lin64) Build 3788238 Tue Feb 21 19:59:23 MST 2023
| Date         : Sat Jun 29 18:04:09 2024
| Host         : uftrig01 running 64-bit Ubuntu 18.04.6 LTS
| Command      : upgrade_ip
| Device       : xck26-sfvc784-2LV-c
--------------------------------------------------------------------------------------

Upgrade Log for IP 'design_1_i2c_master_0_4'

1. Summary
----------

SUCCESS in the upgrade of design_1_i2c_master_0_4 (user.org:user:i2c_master:1.0) from (Rev. 63) to (Rev. 64)






Copyright 1986-2023 Xilinx, Inc. All Rights Reserved.
--------------------------------------------------------------------------------------
| Tool Version : Vivado v.2022.2.2 (lin64) Build 3788238 Tue Feb 21 19:59:23 MST 2023
| Date         : Sat Jun 29 15:46:47 2024
| Host         : uftrig01 running 64-bit Ubuntu 18.04.6 LTS
| Command      : upgrade_ip
| Device       : xck26-sfvc784-2LV-c
--------------------------------------------------------------------------------------

Upgrade Log for IP 'design_1_i2c_master_0_4'

1. Summary
----------

SUCCESS in the upgrade of design_1_i2c_master_0_4 (user.org:user:i2c_master:1.0) from (Rev. 62) to (Rev. 63)






Copyright 1986-2023 Xilinx, Inc. All Rights Reserved.
--------------------------------------------------------------------------------------
| Tool Version : Vivado v.2022.2.2 (lin64) Build 3788238 Tue Feb 21 19:59:23 MST 2023
| Date         : Sat Jun 29 13:15:26 2024
| Host         : uftrig01 running 64-bit Ubuntu 18.04.6 LTS
| Command      : upgrade_ip
| Device       : xck26-sfvc784-2LV-c
--------------------------------------------------------------------------------------

Upgrade Log for IP 'design_1_i2c_master_0_4'

1. Summary
----------

SUCCESS in the upgrade of design_1_i2c_master_0_4 (user.org:user:i2c_master:1.0) from (Rev. 61) to (Rev. 62)






Copyright 1986-2023 Xilinx, Inc. All Rights Reserved.
--------------------------------------------------------------------------------------
| Tool Version : Vivado v.2022.2.2 (lin64) Build 3788238 Tue Feb 21 19:59:23 MST 2023
| Date         : Thu Jun 27 13:55:30 2024
| Host         : uftrig01 running 64-bit Ubuntu 18.04.6 LTS
| Command      : upgrade_ip
| Device       : xck26-sfvc784-2LV-c
--------------------------------------------------------------------------------------

Upgrade Log for IP 'design_1_i2c_master_0_4'

1. Summary
----------

SUCCESS in the upgrade of design_1_i2c_master_0_4 (user.org:user:i2c_master:1.0) from (Rev. 60) to (Rev. 61)






Copyright 1986-2023 Xilinx, Inc. All Rights Reserved.
--------------------------------------------------------------------------------------
| Tool Version : Vivado v.2022.2.2 (lin64) Build 3788238 Tue Feb 21 19:59:23 MST 2023
| Date         : Thu Jun 27 12:08:58 2024
| Host         : uftrig01 running 64-bit Ubuntu 18.04.6 LTS
| Command      : upgrade_ip
| Device       : xck26-sfvc784-2LV-c
--------------------------------------------------------------------------------------

Upgrade Log for IP 'design_1_i2c_master_0_4'

1. Summary
----------

SUCCESS in the upgrade of design_1_i2c_master_0_4 (user.org:user:i2c_master:1.0) from (Rev. 59) to (Rev. 60)






Copyright 1986-2023 Xilinx, Inc. All Rights Reserved.
--------------------------------------------------------------------------------------
| Tool Version : Vivado v.2022.2.2 (lin64) Build 3788238 Tue Feb 21 19:59:23 MST 2023
| Date         : Wed Jun 26 07:49:54 2024
| Host         : uftrig01 running 64-bit Ubuntu 18.04.6 LTS
| Command      : upgrade_ip
| Device       : xck26-sfvc784-2LV-c
--------------------------------------------------------------------------------------

Upgrade Log for IP 'design_1_i2c_master_0_4'

1. Summary
----------

SUCCESS in the upgrade of design_1_i2c_master_0_4 (user.org:user:i2c_master:1.0) from (Rev. 58) to (Rev. 59)






Copyright 1986-2023 Xilinx, Inc. All Rights Reserved.
--------------------------------------------------------------------------------------
| Tool Version : Vivado v.2022.2.2 (lin64) Build 3788238 Tue Feb 21 19:59:23 MST 2023
| Date         : Fri Jun 14 20:39:02 2024
| Host         : uftrig01 running 64-bit Ubuntu 18.04.6 LTS
| Command      : upgrade_ip
| Device       : xck26-sfvc784-2LV-c
--------------------------------------------------------------------------------------

Upgrade Log for IP 'design_1_i2c_master_0_4'

1. Summary
----------

SUCCESS in the upgrade of design_1_i2c_master_0_4 (user.org:user:i2c_master:1.0) from (Rev. 57) to (Rev. 58)






Copyright 1986-2023 Xilinx, Inc. All Rights Reserved.
--------------------------------------------------------------------------------------
| Tool Version : Vivado v.2022.2.2 (lin64) Build 3788238 Tue Feb 21 19:59:23 MST 2023
| Date         : Fri Jun 14 01:47:41 2024
| Host         : uftrig01 running 64-bit Ubuntu 18.04.6 LTS
| Command      : upgrade_ip
| Device       : xck26-sfvc784-2LV-c
--------------------------------------------------------------------------------------

Upgrade Log for IP 'design_1_i2c_master_0_4'

1. Summary
----------

SUCCESS in the upgrade of design_1_i2c_master_0_4 (user.org:user:i2c_master:1.0) from (Rev. 56) to (Rev. 57)






Copyright 1986-2023 Xilinx, Inc. All Rights Reserved.
--------------------------------------------------------------------------------------
| Tool Version : Vivado v.2022.2.2 (lin64) Build 3788238 Tue Feb 21 19:59:23 MST 2023
| Date         : Thu Jun 13 22:44:09 2024
| Host         : uftrig01 running 64-bit Ubuntu 18.04.6 LTS
| Command      : upgrade_ip
| Device       : xck26-sfvc784-2LV-c
--------------------------------------------------------------------------------------

Upgrade Log for IP 'design_1_i2c_master_0_4'

1. Summary
----------

SUCCESS in the upgrade of design_1_i2c_master_0_4 (user.org:user:i2c_master:1.0) from (Rev. 55) to (Rev. 56)






Copyright 1986-2023 Xilinx, Inc. All Rights Reserved.
--------------------------------------------------------------------------------------
| Tool Version : Vivado v.2022.2.2 (lin64) Build 3788238 Tue Feb 21 19:59:23 MST 2023
| Date         : Thu Jun 13 18:57:17 2024
| Host         : uftrig01 running 64-bit Ubuntu 18.04.6 LTS
| Command      : upgrade_ip
| Device       : xck26-sfvc784-2LV-c
--------------------------------------------------------------------------------------

Upgrade Log for IP 'design_1_i2c_master_0_4'

1. Summary
----------

SUCCESS in the upgrade of design_1_i2c_master_0_4 (user.org:user:i2c_master:1.0) from (Rev. 54) to (Rev. 55)






Copyright 1986-2023 Xilinx, Inc. All Rights Reserved.
--------------------------------------------------------------------------------------
| Tool Version : Vivado v.2022.2.2 (lin64) Build 3788238 Tue Feb 21 19:59:23 MST 2023
| Date         : Wed Jun 12 22:49:34 2024
| Host         : uftrig01 running 64-bit Ubuntu 18.04.6 LTS
| Command      : upgrade_ip
| Device       : xck26-sfvc784-2LV-c
--------------------------------------------------------------------------------------

Upgrade Log for IP 'design_1_i2c_master_0_4'

1. Summary
----------

SUCCESS in the upgrade of design_1_i2c_master_0_4 (user.org:user:i2c_master:1.0) from (Rev. 53) to (Rev. 54)






Copyright 1986-2023 Xilinx, Inc. All Rights Reserved.
--------------------------------------------------------------------------------------
| Tool Version : Vivado v.2022.2.2 (lin64) Build 3788238 Tue Feb 21 19:59:23 MST 2023
| Date         : Wed Jun 12 19:57:57 2024
| Host         : uftrig01 running 64-bit Ubuntu 18.04.6 LTS
| Command      : upgrade_ip
| Device       : xck26-sfvc784-2LV-c
--------------------------------------------------------------------------------------

Upgrade Log for IP 'design_1_i2c_master_0_4'

1. Summary
----------

SUCCESS in the upgrade of design_1_i2c_master_0_4 (user.org:user:i2c_master:1.0) from (Rev. 52) to (Rev. 53)






Copyright 1986-2023 Xilinx, Inc. All Rights Reserved.
--------------------------------------------------------------------------------------
| Tool Version : Vivado v.2022.2.2 (lin64) Build 3788238 Tue Feb 21 19:59:23 MST 2023
| Date         : Wed Jun 12 19:23:47 2024
| Host         : uftrig01 running 64-bit Ubuntu 18.04.6 LTS
| Command      : upgrade_ip
| Device       : xck26-sfvc784-2LV-c
--------------------------------------------------------------------------------------

Upgrade Log for IP 'design_1_i2c_master_0_4'

1. Summary
----------

SUCCESS in the upgrade of design_1_i2c_master_0_4 (user.org:user:i2c_master:1.0) from (Rev. 51) to (Rev. 52)






Copyright 1986-2023 Xilinx, Inc. All Rights Reserved.
--------------------------------------------------------------------------------------
| Tool Version : Vivado v.2022.2.2 (lin64) Build 3788238 Tue Feb 21 19:59:23 MST 2023
| Date         : Wed Jun 12 18:46:48 2024
| Host         : uftrig01 running 64-bit Ubuntu 18.04.6 LTS
| Command      : upgrade_ip
| Device       : xck26-sfvc784-2LV-c
--------------------------------------------------------------------------------------

Upgrade Log for IP 'design_1_i2c_master_0_4'

1. Summary
----------

SUCCESS in the upgrade of design_1_i2c_master_0_4 (user.org:user:i2c_master:1.0) from (Rev. 50) to (Rev. 51)






Copyright 1986-2023 Xilinx, Inc. All Rights Reserved.
--------------------------------------------------------------------------------------
| Tool Version : Vivado v.2022.2.2 (lin64) Build 3788238 Tue Feb 21 19:59:23 MST 2023
| Date         : Tue Jun 11 21:12:58 2024
| Host         : uftrig01 running 64-bit Ubuntu 18.04.6 LTS
| Command      : upgrade_ip
| Device       : xck26-sfvc784-2LV-c
--------------------------------------------------------------------------------------

Upgrade Log for IP 'design_1_i2c_master_0_4'

1. Summary
----------

CAUTION (success, with warnings) in the upgrade of design_1_i2c_master_0_4 (user.org:user:i2c_master:1.0) from (Rev. 49) to (Rev. 50)

After upgrade, an IP may have parameter and port differences compared to the original customization. Please review the parameters within the IP customization GUI to ensure proper functionality. Also, please review the updated IP instantiation template to ensure proper connectivity, and update your design if required.

2. Connection Warnings
----------------------

Detected external port differences while upgrading 'design_1_i2c_master_0_4'. These changes may impact your design.


-Upgrade has added port 'alost'

-Upgrade has added port 'busy'

-Upgrade has added port 'error'







Copyright 1986-2023 Xilinx, Inc. All Rights Reserved.
--------------------------------------------------------------------------------------
| Tool Version : Vivado v.2022.2.2 (lin64) Build 3788238 Tue Feb 21 19:59:23 MST 2023
| Date         : Tue Jun 11 16:32:03 2024
| Host         : uftrig01 running 64-bit Ubuntu 18.04.6 LTS
| Command      : upgrade_ip
| Device       : xck26-sfvc784-2LV-c
--------------------------------------------------------------------------------------

Upgrade Log for IP 'design_1_i2c_master_0_4'

1. Summary
----------

CAUTION (success, with warnings) in the upgrade of design_1_i2c_master_0_4 (user.org:user:i2c_master:1.0) from (Rev. 48) to (Rev. 49)

After upgrade, an IP may have parameter and port differences compared to the original customization. Please review the parameters within the IP customization GUI to ensure proper functionality. Also, please review the updated IP instantiation template to ensure proper connectivity, and update your design if required.

2. Connection Warnings
----------------------

Detected external port differences while upgrading 'design_1_i2c_master_0_4'. These changes may impact your design.


-Upgrade has added port 'i2c_write_req'

-Upgrade has added port 'i2c_write_req_ack'

-Upgrade has added port 'i2c_write_req_done'

-Upgrade has added port 'stt'

-Upgrade has added port 'wr_data_stop'







Copyright 1986-2023 Xilinx, Inc. All Rights Reserved.
--------------------------------------------------------------------------------------
| Tool Version : Vivado v.2022.2.2 (lin64) Build 3788238 Tue Feb 21 19:59:23 MST 2023
| Date         : Tue Jun 11 02:39:44 2024
| Host         : uftrig01 running 64-bit Ubuntu 18.04.6 LTS
| Command      : upgrade_ip
| Device       : xck26-sfvc784-2LV-c
--------------------------------------------------------------------------------------

Upgrade Log for IP 'design_1_i2c_master_0_4'

1. Summary
----------

SUCCESS in the upgrade of design_1_i2c_master_0_4 (user.org:user:i2c_master:1.0) from (Rev. 47) to (Rev. 48)






Copyright 1986-2023 Xilinx, Inc. All Rights Reserved.
--------------------------------------------------------------------------------------
| Tool Version : Vivado v.2022.2.2 (lin64) Build 3788238 Tue Feb 21 19:59:23 MST 2023
| Date         : Mon Jun 10 15:20:27 2024
| Host         : uftrig01 running 64-bit Ubuntu 18.04.6 LTS
| Command      : upgrade_ip
| Device       : xck26-sfvc784-2LV-c
--------------------------------------------------------------------------------------

Upgrade Log for IP 'design_1_i2c_master_0_4'

1. Summary
----------

SUCCESS in the upgrade of design_1_i2c_master_0_4 (user.org:user:i2c_master:1.0) from (Rev. 46) to (Rev. 47)






Copyright 1986-2023 Xilinx, Inc. All Rights Reserved.
--------------------------------------------------------------------------------------
| Tool Version : Vivado v.2022.2.2 (lin64) Build 3788238 Tue Feb 21 19:59:23 MST 2023
| Date         : Mon Jun 10 00:26:57 2024
| Host         : uftrig01 running 64-bit Ubuntu 18.04.6 LTS
| Command      : upgrade_ip
| Device       : xck26-sfvc784-2LV-c
--------------------------------------------------------------------------------------

Upgrade Log for IP 'design_1_i2c_master_0_4'

1. Summary
----------

SUCCESS in the upgrade of design_1_i2c_master_0_4 (user.org:user:i2c_master:1.0) from (Rev. 45) to (Rev. 46)






Copyright 1986-2023 Xilinx, Inc. All Rights Reserved.
--------------------------------------------------------------------------------------
| Tool Version : Vivado v.2022.2.2 (lin64) Build 3788238 Tue Feb 21 19:59:23 MST 2023
| Date         : Sun Jun  9 22:06:40 2024
| Host         : uftrig01 running 64-bit Ubuntu 18.04.6 LTS
| Command      : upgrade_ip
| Device       : xck26-sfvc784-2LV-c
--------------------------------------------------------------------------------------

Upgrade Log for IP 'design_1_i2c_master_0_4'

1. Summary
----------

SUCCESS in the upgrade of design_1_i2c_master_0_4 (user.org:user:i2c_master:1.0) from (Rev. 44) to (Rev. 45)






Copyright 1986-2023 Xilinx, Inc. All Rights Reserved.
--------------------------------------------------------------------------------------
| Tool Version : Vivado v.2022.2.2 (lin64) Build 3788238 Tue Feb 21 19:59:23 MST 2023
| Date         : Sat Jun  8 21:56:58 2024
| Host         : uftrig01 running 64-bit Ubuntu 18.04.6 LTS
| Command      : upgrade_ip
| Device       : xck26-sfvc784-2LV-c
--------------------------------------------------------------------------------------

Upgrade Log for IP 'design_1_i2c_master_0_4'

1. Summary
----------

SUCCESS in the upgrade of design_1_i2c_master_0_4 (user.org:user:i2c_master:1.0) from (Rev. 43) to (Rev. 44)






Copyright 1986-2023 Xilinx, Inc. All Rights Reserved.
--------------------------------------------------------------------------------------
| Tool Version : Vivado v.2022.2.2 (lin64) Build 3788238 Tue Feb 21 19:59:23 MST 2023
| Date         : Fri Jun  7 13:15:41 2024
| Host         : uftrig01 running 64-bit Ubuntu 18.04.6 LTS
| Command      : upgrade_ip
| Device       : xck26-sfvc784-2LV-c
--------------------------------------------------------------------------------------

Upgrade Log for IP 'design_1_i2c_master_0_4'

1. Summary
----------

SUCCESS in the upgrade of design_1_i2c_master_0_4 (user.org:user:i2c_master:1.0) from (Rev. 42) to (Rev. 43)






Copyright 1986-2023 Xilinx, Inc. All Rights Reserved.
--------------------------------------------------------------------------------------
| Tool Version : Vivado v.2022.2.2 (lin64) Build 3788238 Tue Feb 21 19:59:23 MST 2023
| Date         : Thu Jun  6 23:30:19 2024
| Host         : uftrig01 running 64-bit Ubuntu 18.04.6 LTS
| Command      : upgrade_ip
| Device       : xck26-sfvc784-2LV-c
--------------------------------------------------------------------------------------

Upgrade Log for IP 'design_1_i2c_master_0_4'

1. Summary
----------

SUCCESS in the upgrade of design_1_i2c_master_0_4 (user.org:user:i2c_master:1.0) from (Rev. 41) to (Rev. 42)






Copyright 1986-2023 Xilinx, Inc. All Rights Reserved.
--------------------------------------------------------------------------------------
| Tool Version : Vivado v.2022.2.2 (lin64) Build 3788238 Tue Feb 21 19:59:23 MST 2023
| Date         : Thu Jun  6 18:11:18 2024
| Host         : uftrig01 running 64-bit Ubuntu 18.04.6 LTS
| Command      : upgrade_ip
| Device       : xck26-sfvc784-2LV-c
--------------------------------------------------------------------------------------

Upgrade Log for IP 'design_1_i2c_master_0_4'

1. Summary
----------

SUCCESS in the upgrade of design_1_i2c_master_0_4 (user.org:user:i2c_master:1.0) from (Rev. 40) to (Rev. 41)






Copyright 1986-2023 Xilinx, Inc. All Rights Reserved.
--------------------------------------------------------------------------------------
| Tool Version : Vivado v.2022.2.2 (lin64) Build 3788238 Tue Feb 21 19:59:23 MST 2023
| Date         : Thu Jun  6 14:16:20 2024
| Host         : uftrig01 running 64-bit Ubuntu 18.04.6 LTS
| Command      : upgrade_ip
| Device       : xck26-sfvc784-2LV-c
--------------------------------------------------------------------------------------

Upgrade Log for IP 'design_1_i2c_master_0_4'

1. Summary
----------

SUCCESS in the upgrade of design_1_i2c_master_0_4 (user.org:user:i2c_master:1.0) from (Rev. 39) to (Rev. 40)






Copyright 1986-2023 Xilinx, Inc. All Rights Reserved.
--------------------------------------------------------------------------------------
| Tool Version : Vivado v.2022.2.2 (lin64) Build 3788238 Tue Feb 21 19:59:23 MST 2023
| Date         : Thu Jun  6 10:06:01 2024
| Host         : uftrig01 running 64-bit Ubuntu 18.04.6 LTS
| Command      : upgrade_ip
| Device       : xck26-sfvc784-2LV-c
--------------------------------------------------------------------------------------

Upgrade Log for IP 'design_1_i2c_master_0_4'

1. Summary
----------

SUCCESS in the upgrade of design_1_i2c_master_0_4 (user.org:user:i2c_master:1.0) from (Rev. 38) to (Rev. 39)






Copyright 1986-2023 Xilinx, Inc. All Rights Reserved.
--------------------------------------------------------------------------------------
| Tool Version : Vivado v.2022.2.2 (lin64) Build 3788238 Tue Feb 21 19:59:23 MST 2023
| Date         : Wed Jun  5 23:47:00 2024
| Host         : uftrig01 running 64-bit Ubuntu 18.04.6 LTS
| Command      : upgrade_ip
| Device       : xck26-sfvc784-2LV-c
--------------------------------------------------------------------------------------

Upgrade Log for IP 'design_1_i2c_master_0_4'

1. Summary
----------

SUCCESS in the upgrade of design_1_i2c_master_0_4 (user.org:user:i2c_master:1.0) from (Rev. 37) to (Rev. 38)






Copyright 1986-2023 Xilinx, Inc. All Rights Reserved.
--------------------------------------------------------------------------------------
| Tool Version : Vivado v.2022.2.2 (lin64) Build 3788238 Tue Feb 21 19:59:23 MST 2023
| Date         : Wed Jun  5 22:01:50 2024
| Host         : uftrig01 running 64-bit Ubuntu 18.04.6 LTS
| Command      : upgrade_ip
| Device       : xck26-sfvc784-2LV-c
--------------------------------------------------------------------------------------

Upgrade Log for IP 'design_1_i2c_master_0_4'

1. Summary
----------

SUCCESS in the upgrade of design_1_i2c_master_0_4 (user.org:user:i2c_master:1.0) from (Rev. 36) to (Rev. 37)






Copyright 1986-2023 Xilinx, Inc. All Rights Reserved.
--------------------------------------------------------------------------------------
| Tool Version : Vivado v.2022.2.2 (lin64) Build 3788238 Tue Feb 21 19:59:23 MST 2023
| Date         : Wed Jun  5 21:25:05 2024
| Host         : uftrig01 running 64-bit Ubuntu 18.04.6 LTS
| Command      : upgrade_ip
| Device       : xck26-sfvc784-2LV-c
--------------------------------------------------------------------------------------

Upgrade Log for IP 'design_1_i2c_master_0_4'

1. Summary
----------

SUCCESS in the upgrade of design_1_i2c_master_0_4 (user.org:user:i2c_master:1.0) from (Rev. 35) to (Rev. 36)






Copyright 1986-2023 Xilinx, Inc. All Rights Reserved.
--------------------------------------------------------------------------------------
| Tool Version : Vivado v.2022.2.2 (lin64) Build 3788238 Tue Feb 21 19:59:23 MST 2023
| Date         : Tue May 28 21:59:20 2024
| Host         : uftrig01 running 64-bit Ubuntu 18.04.6 LTS
| Command      : upgrade_ip
| Device       : xck26-sfvc784-2LV-c
--------------------------------------------------------------------------------------

Upgrade Log for IP 'design_1_i2c_master_0_4'

1. Summary
----------

SUCCESS in the upgrade of design_1_i2c_master_0_4 (user.org:user:i2c_master:1.0) from (Rev. 34) to (Rev. 35)






Copyright 1986-2023 Xilinx, Inc. All Rights Reserved.
--------------------------------------------------------------------------------------
| Tool Version : Vivado v.2022.2.2 (lin64) Build 3788238 Tue Feb 21 19:59:23 MST 2023
| Date         : Fri May 17 22:05:06 2024
| Host         : uftrig01 running 64-bit Ubuntu 18.04.6 LTS
| Command      : upgrade_ip
| Device       : xck26-sfvc784-2LV-c
--------------------------------------------------------------------------------------

Upgrade Log for IP 'design_1_i2c_master_0_4'

1. Summary
----------

SUCCESS in the upgrade of design_1_i2c_master_0_4 (user.org:user:i2c_master:1.0) from (Rev. 33) to (Rev. 34)






Copyright 1986-2023 Xilinx, Inc. All Rights Reserved.
--------------------------------------------------------------------------------------
| Tool Version : Vivado v.2022.2.2 (lin64) Build 3788238 Tue Feb 21 19:59:23 MST 2023
| Date         : Fri Apr 19 22:27:24 2024
| Host         : uftrig01 running 64-bit Ubuntu 18.04.6 LTS
| Command      : upgrade_ip
| Device       : xck26-sfvc784-2LV-c
--------------------------------------------------------------------------------------

Upgrade Log for IP 'design_1_i2c_master_0_4'

1. Summary
----------

SUCCESS in the upgrade of design_1_i2c_master_0_4 (user.org:user:i2c_master:1.0) from (Rev. 32) to (Rev. 33)






Copyright 1986-2023 Xilinx, Inc. All Rights Reserved.
--------------------------------------------------------------------------------------
| Tool Version : Vivado v.2022.2.2 (lin64) Build 3788238 Tue Feb 21 19:59:23 MST 2023
| Date         : Fri Apr 19 22:23:30 2024
| Host         : uftrig01 running 64-bit Ubuntu 18.04.6 LTS
| Command      : upgrade_ip
| Device       : xck26-sfvc784-2LV-c
--------------------------------------------------------------------------------------

Upgrade Log for IP 'design_1_i2c_master_0_4'

1. Summary
----------

SUCCESS in the upgrade of design_1_i2c_master_0_4 (user.org:user:i2c_master:1.0) from (Rev. 31) to (Rev. 32)






Copyright 1986-2023 Xilinx, Inc. All Rights Reserved.
--------------------------------------------------------------------------------------
| Tool Version : Vivado v.2022.2.2 (lin64) Build 3788238 Tue Feb 21 19:59:23 MST 2023
| Date         : Fri Apr 19 15:20:02 2024
| Host         : uftrig01 running 64-bit Ubuntu 18.04.6 LTS
| Command      : upgrade_ip
| Device       : xck26-sfvc784-2LV-c
--------------------------------------------------------------------------------------

Upgrade Log for IP 'design_1_i2c_master_0_4'

1. Summary
----------

SUCCESS in the upgrade of design_1_i2c_master_0_4 (user.org:user:i2c_master:1.0) from (Rev. 30) to (Rev. 31)






Copyright 1986-2023 Xilinx, Inc. All Rights Reserved.
--------------------------------------------------------------------------------------
| Tool Version : Vivado v.2022.2.2 (lin64) Build 3788238 Tue Feb 21 19:59:23 MST 2023
| Date         : Wed Apr 17 18:02:51 2024
| Host         : uftrig01 running 64-bit Ubuntu 18.04.6 LTS
| Command      : upgrade_ip
| Device       : xck26-sfvc784-2LV-c
--------------------------------------------------------------------------------------

Upgrade Log for IP 'design_1_i2c_master_0_4'

1. Summary
----------

SUCCESS in the upgrade of design_1_i2c_master_0_4 (user.org:user:i2c_master:1.0) from (Rev. 29) to (Rev. 30)






Copyright 1986-2023 Xilinx, Inc. All Rights Reserved.
--------------------------------------------------------------------------------------
| Tool Version : Vivado v.2022.2.2 (lin64) Build 3788238 Tue Feb 21 19:59:23 MST 2023
| Date         : Tue Apr  9 10:53:30 2024
| Host         : uftrig01 running 64-bit Ubuntu 18.04.6 LTS
| Command      : upgrade_ip
| Device       : xck26-sfvc784-2LV-c
--------------------------------------------------------------------------------------

Upgrade Log for IP 'design_1_i2c_master_0_4'

1. Summary
----------

SUCCESS in the upgrade of design_1_i2c_master_0_4 (user.org:user:i2c_master:1.0) from (Rev. 28) to (Rev. 29)






Copyright 1986-2023 Xilinx, Inc. All Rights Reserved.
--------------------------------------------------------------------------------------
| Tool Version : Vivado v.2022.2.2 (lin64) Build 3788238 Tue Feb 21 19:59:23 MST 2023
| Date         : Mon Apr  8 23:37:36 2024
| Host         : uftrig01 running 64-bit Ubuntu 18.04.6 LTS
| Command      : upgrade_ip
| Device       : xck26-sfvc784-2LV-c
--------------------------------------------------------------------------------------

Upgrade Log for IP 'design_1_i2c_master_0_4'

1. Summary
----------

SUCCESS in the upgrade of design_1_i2c_master_0_4 (user.org:user:i2c_master:1.0) from (Rev. 27) to (Rev. 28)






Copyright 1986-2023 Xilinx, Inc. All Rights Reserved.
--------------------------------------------------------------------------------------
| Tool Version : Vivado v.2022.2.2 (lin64) Build 3788238 Tue Feb 21 19:59:23 MST 2023
| Date         : Mon Dec 18 14:45:19 2023
| Host         : uftrig01 running 64-bit Ubuntu 18.04.6 LTS
| Command      : upgrade_ip
| Device       : xck26-sfvc784-2LV-c
--------------------------------------------------------------------------------------

Upgrade Log for IP 'design_1_i2c_master_0_4'

1. Summary
----------

SUCCESS in the upgrade of design_1_i2c_master_0_4 (user.org:user:i2c_master:1.0) from (Rev. 26) to (Rev. 27)






Copyright 1986-2023 Xilinx, Inc. All Rights Reserved.
--------------------------------------------------------------------------------------
| Tool Version : Vivado v.2022.2.2 (lin64) Build 3788238 Tue Feb 21 19:59:23 MST 2023
| Date         : Tue Dec 12 10:44:27 2023
| Host         : uftrig01 running 64-bit Ubuntu 18.04.6 LTS
| Command      : upgrade_ip
| Device       : xck26-sfvc784-2LV-c
--------------------------------------------------------------------------------------

Upgrade Log for IP 'design_1_i2c_master_0_4'

1. Summary
----------

SUCCESS in the upgrade of design_1_i2c_master_0_4 (user.org:user:i2c_master:1.0) from (Rev. 25) to (Rev. 26)






Copyright 1986-2023 Xilinx, Inc. All Rights Reserved.
--------------------------------------------------------------------------------------
| Tool Version : Vivado v.2022.2.2 (lin64) Build 3788238 Tue Feb 21 19:59:23 MST 2023
| Date         : Wed Nov 29 21:51:08 2023
| Host         : uftrig01 running 64-bit Ubuntu 18.04.6 LTS
| Command      : upgrade_ip
| Device       : xck26-sfvc784-2LV-c
--------------------------------------------------------------------------------------

Upgrade Log for IP 'design_1_i2c_master_0_4'

1. Summary
----------

SUCCESS in the upgrade of design_1_i2c_master_0_4 (user.org:user:i2c_master:1.0) from (Rev. 24) to (Rev. 25)






Copyright 1986-2023 Xilinx, Inc. All Rights Reserved.
--------------------------------------------------------------------------------------
| Tool Version : Vivado v.2022.2.2 (lin64) Build 3788238 Tue Feb 21 19:59:23 MST 2023
| Date         : Wed Nov  8 15:35:17 2023
| Host         : uftrig01 running 64-bit Ubuntu 18.04.6 LTS
| Command      : upgrade_ip
| Device       : xck26-sfvc784-2LV-c
--------------------------------------------------------------------------------------

Upgrade Log for IP 'design_1_i2c_master_0_4'

1. Summary
----------

SUCCESS in the upgrade of design_1_i2c_master_0_4 (user.org:user:i2c_master:1.0) from (Rev. 23) to (Rev. 24)






Copyright 1986-2023 Xilinx, Inc. All Rights Reserved.
--------------------------------------------------------------------------------------
| Tool Version : Vivado v.2022.2.2 (lin64) Build 3788238 Tue Feb 21 19:59:23 MST 2023
| Date         : Sun Oct 29 02:27:28 2023
| Host         : uftrig01 running 64-bit Ubuntu 18.04.6 LTS
| Command      : upgrade_ip
| Device       : xck26-sfvc784-2LV-c
--------------------------------------------------------------------------------------

Upgrade Log for IP 'design_1_i2c_master_0_4'

1. Summary
----------

SUCCESS in the upgrade of design_1_i2c_master_0_4 (user.org:user:i2c_master:1.0) from (Rev. 22) to (Rev. 23)






Copyright 1986-2023 Xilinx, Inc. All Rights Reserved.
--------------------------------------------------------------------------------------
| Tool Version : Vivado v.2022.2.2 (lin64) Build 3788238 Tue Feb 21 19:59:23 MST 2023
| Date         : Sun Oct 29 02:06:59 2023
| Host         : uftrig01 running 64-bit Ubuntu 18.04.6 LTS
| Command      : upgrade_ip
| Device       : xck26-sfvc784-2LV-c
--------------------------------------------------------------------------------------

Upgrade Log for IP 'design_1_i2c_master_0_4'

1. Summary
----------

SUCCESS in the upgrade of design_1_i2c_master_0_4 (user.org:user:i2c_master:1.0) from (Rev. 20) to (Rev. 22)






Copyright 1986-2023 Xilinx, Inc. All Rights Reserved.
--------------------------------------------------------------------------------------
| Tool Version : Vivado v.2022.2.2 (lin64) Build 3788238 Tue Feb 21 19:59:23 MST 2023
| Date         : Sun Oct 29 01:45:24 2023
| Host         : uftrig01 running 64-bit Ubuntu 18.04.6 LTS
| Command      : upgrade_ip
| Device       : xck26-sfvc784-2LV-c
--------------------------------------------------------------------------------------

Upgrade Log for IP 'design_1_i2c_master_0_4'

1. Summary
----------

SUCCESS in the upgrade of design_1_i2c_master_0_4 (user.org:user:i2c_master:1.0) from (Rev. 19) to (Rev. 20)






Copyright 1986-2023 Xilinx, Inc. All Rights Reserved.
--------------------------------------------------------------------------------------
| Tool Version : Vivado v.2022.2.2 (lin64) Build 3788238 Tue Feb 21 19:59:23 MST 2023
| Date         : Sun Oct 29 01:09:02 2023
| Host         : uftrig01 running 64-bit Ubuntu 18.04.6 LTS
| Command      : upgrade_ip
| Device       : xck26-sfvc784-2LV-c
--------------------------------------------------------------------------------------

Upgrade Log for IP 'design_1_i2c_master_0_4'

1. Summary
----------

SUCCESS in the upgrade of design_1_i2c_master_0_4 (user.org:user:i2c_master:1.0) from (Rev. 18) to (Rev. 19)






Copyright 1986-2023 Xilinx, Inc. All Rights Reserved.
--------------------------------------------------------------------------------------
| Tool Version : Vivado v.2022.2.2 (lin64) Build 3788238 Tue Feb 21 19:59:23 MST 2023
| Date         : Sat Oct 28 23:38:05 2023
| Host         : uftrig01 running 64-bit Ubuntu 18.04.6 LTS
| Command      : upgrade_ip
| Device       : xck26-sfvc784-2LV-c
--------------------------------------------------------------------------------------

Upgrade Log for IP 'design_1_i2c_master_0_4'

1. Summary
----------

SUCCESS in the upgrade of design_1_i2c_master_0_4 (user.org:user:i2c_master:1.0) from (Rev. 17) to (Rev. 18)






Copyright 1986-2023 Xilinx, Inc. All Rights Reserved.
--------------------------------------------------------------------------------------
| Tool Version : Vivado v.2022.2.2 (lin64) Build 3788238 Tue Feb 21 19:59:23 MST 2023
| Date         : Sat Oct 28 19:17:43 2023
| Host         : uftrig01 running 64-bit Ubuntu 18.04.6 LTS
| Command      : upgrade_ip
| Device       : xck26-sfvc784-2LV-c
--------------------------------------------------------------------------------------

Upgrade Log for IP 'design_1_i2c_master_0_4'

1. Summary
----------

SUCCESS in the upgrade of design_1_i2c_master_0_4 (user.org:user:i2c_master:1.0) from (Rev. 16) to (Rev. 17)






Copyright 1986-2023 Xilinx, Inc. All Rights Reserved.
--------------------------------------------------------------------------------------
| Tool Version : Vivado v.2022.2.2 (lin64) Build 3788238 Tue Feb 21 19:59:23 MST 2023
| Date         : Fri Oct 27 15:49:13 2023
| Host         : uftrig01 running 64-bit Ubuntu 18.04.6 LTS
| Command      : upgrade_ip
| Device       : xck26-sfvc784-2LV-c
--------------------------------------------------------------------------------------

Upgrade Log for IP 'design_1_i2c_master_0_4'

1. Summary
----------

SUCCESS in the upgrade of design_1_i2c_master_0_4 (user.org:user:i2c_master:1.0) from (Rev. 15) to (Rev. 16)






Copyright 1986-2023 Xilinx, Inc. All Rights Reserved.
--------------------------------------------------------------------------------------
| Tool Version : Vivado v.2022.2.2 (lin64) Build 3788238 Tue Feb 21 19:59:23 MST 2023
| Date         : Fri Oct 27 15:29:09 2023
| Host         : uftrig01 running 64-bit Ubuntu 18.04.6 LTS
| Command      : upgrade_ip
| Device       : xck26-sfvc784-2LV-c
--------------------------------------------------------------------------------------

Upgrade Log for IP 'design_1_i2c_master_0_4'

1. Summary
----------

SUCCESS in the upgrade of design_1_i2c_master_0_4 (user.org:user:i2c_master:1.0) from (Rev. 11) to (Rev. 15)






Copyright 1986-2023 Xilinx, Inc. All Rights Reserved.
--------------------------------------------------------------------------------------
| Tool Version : Vivado v.2022.2.2 (lin64) Build 3788238 Tue Feb 21 19:59:23 MST 2023
| Date         : Fri Oct 27 11:39:48 2023
| Host         : uftrig01 running 64-bit Ubuntu 18.04.6 LTS
| Command      : upgrade_ip
| Device       : xck26-sfvc784-2LV-c
--------------------------------------------------------------------------------------

Upgrade Log for IP 'design_1_i2c_master_0_4'

1. Summary
----------

SUCCESS in the upgrade of design_1_i2c_master_0_4 (user.org:user:i2c_master:1.0) from (Rev. 6) to (Rev. 11)






Copyright 1986-2023 Xilinx, Inc. All Rights Reserved.
--------------------------------------------------------------------------------------
| Tool Version : Vivado v.2022.2.2 (lin64) Build 3788238 Tue Feb 21 19:59:23 MST 2023
| Date         : Wed Oct 25 18:30:36 2023
| Host         : uftrig01 running 64-bit Ubuntu 18.04.6 LTS
| Command      : upgrade_ip
| Device       : xck26-sfvc784-2LV-c
--------------------------------------------------------------------------------------

Upgrade Log for IP 'design_1_i2c_master_0_4'

1. Summary
----------

SUCCESS in the upgrade of design_1_i2c_master_0_4 (user.org:user:i2c_master:1.0) from (Rev. 5) to (Rev. 6)






Copyright 1986-2023 Xilinx, Inc. All Rights Reserved.
--------------------------------------------------------------------------------------
| Tool Version : Vivado v.2022.2.2 (lin64) Build 3788238 Tue Feb 21 19:59:23 MST 2023
| Date         : Sun Oct  1 05:01:41 2023
| Host         : uftrig01 running 64-bit Ubuntu 18.04.6 LTS
| Command      : upgrade_ip
| Device       : xck26-sfvc784-2LV-c
--------------------------------------------------------------------------------------

Upgrade Log for IP 'design_1_i2c_master_0_4'

1. Summary
----------

CAUTION (success, with warnings) in the upgrade of design_1_i2c_master_0_4 (user.org:user:i2c_master:1.0) from (Rev. 4) to (Rev. 5)

After upgrade, an IP may have parameter and port differences compared to the original customization. Please review the parameters within the IP customization GUI to ensure proper functionality. Also, please review the updated IP instantiation template to ensure proper connectivity, and update your design if required.

2. Connection Warnings
----------------------

Detected external port differences while upgrading 'design_1_i2c_master_0_4'. These changes may impact your design.


-Upgrade has removed port 'done'

-Upgrade has removed port 'error'







Copyright 1986-2023 Xilinx, Inc. All Rights Reserved.
--------------------------------------------------------------------------------------
| Tool Version : Vivado v.2022.2.2 (lin64) Build 3788238 Tue Feb 21 19:59:23 MST 2023
| Date         : Sun Oct  1 05:00:00 2023
| Host         : uftrig01 running 64-bit Ubuntu 18.04.6 LTS
| Command      : upgrade_ip
| Device       : xck26-sfvc784-2LV-c
--------------------------------------------------------------------------------------

Upgrade Log for IP 'design_1_i2c_master_0_4'

1. Summary
----------

SUCCESS in the conversion of design_1_i2c_master_0_4 (user.org:user:i2c_master:1.0 (Rev. 4)) to Vivado generation flows.






Copyright 1986-2023 Xilinx, Inc. All Rights Reserved.
--------------------------------------------------------------------------------------
| Tool Version : Vivado v.2022.2.2 (lin64) Build 3788238 Tue Feb 21 19:59:23 MST 2023
| Date         : Thu Aug 17 11:18:07 2023
| Host         : uftrig01 running 64-bit Ubuntu 18.04.6 LTS
| Command      : upgrade_ip
| Device       : xck26-sfvc784-2LV-c
--------------------------------------------------------------------------------------

Upgrade Log for IP 'design_1_i2c_master_0_4'

1. Summary
----------

SUCCESS in the upgrade of design_1_i2c_master_0_4 (user.org:user:i2c_master:1.0) from (Rev. 3) to (Rev. 4)






Copyright 1986-2023 Xilinx, Inc. All Rights Reserved.
--------------------------------------------------------------------------------------
| Tool Version : Vivado v.2022.2.2 (lin64) Build 3788238 Tue Feb 21 19:59:23 MST 2023
| Date         : Thu Aug 17 10:47:23 2023
| Host         : uftrig01 running 64-bit Ubuntu 18.04.6 LTS
| Command      : upgrade_ip
| Device       : xck26-sfvc784-2LV-c
--------------------------------------------------------------------------------------

Upgrade Log for IP 'design_1_i2c_master_0_4'

1. Summary
----------

SUCCESS in the conversion of design_1_i2c_master_0_4 (user.org:user:i2c_master:1.0 (Rev. 3)) to Vivado generation flows.






Copyright 1986-2023 Xilinx, Inc. All Rights Reserved.
--------------------------------------------------------------------------------------
| Tool Version : Vivado v.2022.2.2 (lin64) Build 3788238 Tue Feb 21 19:59:23 MST 2023
| Date         : Wed Aug 16 23:03:50 2023
| Host         : uftrig01 running 64-bit Ubuntu 18.04.6 LTS
| Command      : upgrade_ip
| Device       : xck26-sfvc784-2LV-c
--------------------------------------------------------------------------------------

Upgrade Log for IP 'design_1_i2c_master_0_4'

1. Summary
----------

CAUTION (success, with warnings) in the upgrade of design_1_i2c_master_0_4 (user.org:user:i2c_master:1.0) from (Rev. 2) to (Rev. 3)

2. Interface Information
------------------------

Detected external interface differences while upgrading 'design_1_i2c_master_0_4'.


-Upgrade has added interface 'TX_MASTER' (xilinx.com:interface:iic:1.0)







Copyright 1986-2023 Xilinx, Inc. All Rights Reserved.
--------------------------------------------------------------------------------------
| Tool Version : Vivado v.2022.2.2 (lin64) Build 3788238 Tue Feb 21 19:59:23 MST 2023
| Date         : Wed Aug 16 22:54:24 2023
| Host         : uftrig01 running 64-bit Ubuntu 18.04.6 LTS
| Command      : upgrade_ip
| Device       : xck26-sfvc784-2LV-c
--------------------------------------------------------------------------------------

Upgrade Log for IP 'design_1_i2c_master_0_4'

1. Summary
----------

CAUTION (success, with warnings) in the upgrade of design_1_i2c_master_0_4 (user.org:user:i2c_master:1.0) from (Rev. 1) to (Rev. 2)

After upgrade, an IP may have parameter and port differences compared to the original customization. Please review the parameters within the IP customization GUI to ensure proper functionality. Also, please review the updated IP instantiation template to ensure proper connectivity, and update your design if required.

2. Connection Warnings
----------------------

Detected external port differences while upgrading 'design_1_i2c_master_0_4'. These changes may impact your design.


-Upgrade has added port 'done'

-Upgrade has added port 'error'

-Upgrade has added port 'i2c_scl_i'

-Upgrade has added port 'i2c_scl_o'

-Upgrade has added port 'i2c_scl_t'

-Upgrade has added port 'i2c_sda_i'

-Upgrade has added port 'i2c_sda_o'

-Upgrade has added port 'i2c_sda_t'


