
*** Running vivado
    with args -log design_1_axi_iic_3_1.vds -m64 -product Vivado -mode batch -messageDb vivado.pb -notrace -source design_1_axi_iic_3_1.tcl


****** Vivado v2022.2.2 (64-bit)
  **** SW Build 3788238 on Tue Feb 21 19:59:23 MST 2023
  **** IP Build 3783773 on Tue Feb 21 23:41:56 MST 2023
    ** Copyright 1986-2023 Xilinx, Inc. All Rights Reserved.

source design_1_axi_iic_3_1.tcl -notrace
create_project: Time (s): cpu = 00:00:08 ; elapsed = 00:00:08 . Memory (MB): peak = 1840.387 ; gain = 90.984 ; free physical = 11872 ; free virtual = 13827
INFO: [IP_Flow 19-234] Refreshing IP repositories
INFO: [IP_Flow 19-1700] Loaded user IP repository '/home/agreshil/vivado_projects/fw_i2c_master/apex/control/ip_repo/axis_jtag'.
INFO: [IP_Flow 19-2313] Loaded Vivado IP repository '/tools/Xilinx/Vivado/2022.2/data/ip'.
INFO: [IP_Flow 19-6924] IPCACHE: Running cache check for IP inst: design_1_axi_iic_3_1
INFO: [IP_Flow 19-6922] IPCACHE: Exporting cached entry fcdddd2263d128b3 to dir: /home/agreshil/vivado_projects/fw_i2c_master/apex/control/apex_kria/apex_kria.runs/design_1_axi_iic_3_1_synth_1
INFO: [IP_Flow 19-6928] IPCACHE: copied cached file /home/agreshil/vivado_projects/fw_i2c_master/apex/control/apex_kria/apex_kria.cache/ip/2022.2.2/f/c/fcdddd2263d128b3/design_1_axi_iic_0_0_sim_netlist.v to /home/agreshil/vivado_projects/fw_i2c_master/apex/control/apex_kria/apex_kria.runs/design_1_axi_iic_3_1_synth_1/design_1_axi_iic_3_1_sim_netlist.v.
INFO: [IP_Flow 19-6928] IPCACHE: copied cached file /home/agreshil/vivado_projects/fw_i2c_master/apex/control/apex_kria/apex_kria.cache/ip/2022.2.2/f/c/fcdddd2263d128b3/design_1_axi_iic_0_0_stub.v to /home/agreshil/vivado_projects/fw_i2c_master/apex/control/apex_kria/apex_kria.runs/design_1_axi_iic_3_1_synth_1/design_1_axi_iic_3_1_stub.v.
INFO: [IP_Flow 19-6928] IPCACHE: copied cached file /home/agreshil/vivado_projects/fw_i2c_master/apex/control/apex_kria/apex_kria.cache/ip/2022.2.2/f/c/fcdddd2263d128b3/design_1_axi_iic_0_0_stub.vhdl to /home/agreshil/vivado_projects/fw_i2c_master/apex/control/apex_kria/apex_kria.runs/design_1_axi_iic_3_1_synth_1/design_1_axi_iic_3_1_stub.vhdl.
INFO: [IP_Flow 19-6928] IPCACHE: copied cached file /home/agreshil/vivado_projects/fw_i2c_master/apex/control/apex_kria/apex_kria.cache/ip/2022.2.2/f/c/fcdddd2263d128b3/design_1_axi_iic_0_0.dcp to /home/agreshil/vivado_projects/fw_i2c_master/apex/control/apex_kria/apex_kria.runs/design_1_axi_iic_3_1_synth_1/design_1_axi_iic_3_1.dcp.
INFO: [IP_Flow 19-6928] IPCACHE: copied cached file /home/agreshil/vivado_projects/fw_i2c_master/apex/control/apex_kria/apex_kria.cache/ip/2022.2.2/f/c/fcdddd2263d128b3/design_1_axi_iic_0_0_sim_netlist.vhdl to /home/agreshil/vivado_projects/fw_i2c_master/apex/control/apex_kria/apex_kria.runs/design_1_axi_iic_3_1_synth_1/design_1_axi_iic_3_1_sim_netlist.vhdl.
INFO: [IP_Flow 19-4838] Using cached IP synthesis design for IP design_1_axi_iic_3_1, cache-ID = fcdddd2263d128b3.
INFO: [Common 17-206] Exiting Vivado at Wed Aug  9 18:49:39 2023...
